2024-11-09 09:38:25,608 - TradingSystem - INFO - Logger initialized
2024-11-09 09:38:25,665 - TradingSystem - INFO - Starting market training with 98 tickers
2024-11-09 09:38:27,785 - TradingSystem - ERROR - Error training model for AAPL: Data must be 1-dimensional, got ndarray of shape (3431, 2) instead
2024-11-09 09:38:27,790 - TradingSystem - ERROR - Error training model for GOOGL: Data must be 1-dimensional, got ndarray of shape (3431, 2) instead
2024-11-09 09:38:27,799 - TradingSystem - ERROR - Error training model for MSFT: Data must be 1-dimensional, got ndarray of shape (3431, 2) instead
2024-11-09 09:38:27,800 - TradingSystem - ERROR - Error training model for AMZN: Data must be 1-dimensional, got ndarray of shape (3431, 2) instead
2024-11-09 09:38:28,449 - TradingSystem - ERROR - Error training model for TSM: Data must be 1-dimensional, got ndarray of shape (3431, 1) instead
2024-11-09 09:38:28,453 - TradingSystem - ERROR - Error training model for TSLA: Data must be 1-dimensional, got ndarray of shape (3431, 1) instead
2024-11-09 09:38:28,459 - TradingSystem - ERROR - Error training model for META: Data must be 1-dimensional, got ndarray of shape (3431, 1) instead
2024-11-09 09:38:28,473 - TradingSystem - ERROR - Error training model for NVDA: Data must be 1-dimensional, got ndarray of shape (3431, 2) instead
2024-11-09 09:38:29,040 - TradingSystem - ERROR - Error training model for ORCL: Data must be 1-dimensional, got ndarray of shape (3431, 1) instead
2024-11-09 09:38:29,050 - TradingSystem - ERROR - Error training model for AVGO: Data must be 1-dimensional, got ndarray of shape (3431, 1) instead
2024-11-09 09:38:29,051 - TradingSystem - ERROR - Error training model for V: Data must be 1-dimensional, got ndarray of shape (3431, 1) instead
2024-11-09 09:38:29,054 - TradingSystem - ERROR - Error training model for JPM: Data must be 1-dimensional, got ndarray of shape (3431, 1) instead
2024-11-09 09:38:29,740 - TradingSystem - ERROR - Error training model for MA: Data must be 1-dimensional, got ndarray of shape (3431, 1) instead
2024-11-09 09:38:29,753 - TradingSystem - ERROR - Error training model for BAC: Data must be 1-dimensional, got ndarray of shape (3431, 1) instead
2024-11-09 09:38:29,755 - TradingSystem - ERROR - Error training model for WFC: Data must be 1-dimensional, got ndarray of shape (3431, 1) instead
2024-11-09 09:38:29,764 - TradingSystem - ERROR - Error training model for MS: Data must be 1-dimensional, got ndarray of shape (3431, 1) instead
2024-11-09 09:38:30,291 - TradingSystem - ERROR - Error training model for C: Data must be 1-dimensional, got ndarray of shape (3431, 1) instead
2024-11-09 09:38:30,372 - TradingSystem - ERROR - Error training model for GS: Data must be 1-dimensional, got ndarray of shape (3431, 1) instead
2024-11-09 09:38:30,402 - TradingSystem - ERROR - Error training model for BLK: Data must be 1-dimensional, got ndarray of shape (3431, 1) instead
2024-11-09 09:38:30,406 - TradingSystem - ERROR - Error training model for AXP: Data must be 1-dimensional, got ndarray of shape (3431, 1) instead
2024-11-09 09:38:30,527 - TradingSystem - ERROR - Error training model for JNJ: Data must be 1-dimensional, got ndarray of shape (3431, 2) instead
2024-11-09 09:38:30,539 - TradingSystem - ERROR - Error training model for UNH: Data must be 1-dimensional, got ndarray of shape (3431, 2) instead
2024-11-09 09:38:30,539 - TradingSystem - ERROR - Error training model for PFE: Data must be 1-dimensional, got ndarray of shape (3431, 2) instead
2024-11-09 09:38:30,545 - TradingSystem - ERROR - Error training model for MRK: Data must be 1-dimensional, got ndarray of shape (3431, 2) instead
2024-11-09 09:38:31,136 - TradingSystem - ERROR - Error training model for TMO: Data must be 1-dimensional, got ndarray of shape (3431, 2) instead
2024-11-09 09:38:31,139 - TradingSystem - ERROR - Error training model for DHR: Data must be 1-dimensional, got ndarray of shape (3431, 2) instead
2024-11-09 09:38:31,151 - TradingSystem - ERROR - Error downloading data for LLY: No objects to concatenate
2024-11-09 09:38:31,152 - TradingSystem - ERROR - Error training model for ABT: Data must be 1-dimensional, got ndarray of shape (3431, 2) instead
2024-11-09 09:38:31,172 - TradingSystem - ERROR - Error training model for BMY: Data must be 1-dimensional, got ndarray of shape (3431, 2) instead
2024-11-09 09:38:31,283 - TradingSystem - ERROR - Error training model for PEP: Data must be 1-dimensional, got ndarray of shape (3430, 1) instead
2024-11-09 09:38:31,287 - TradingSystem - ERROR - Error training model for PG: Data must be 1-dimensional, got ndarray of shape (3430, 1) instead
2024-11-09 09:38:31,289 - TradingSystem - ERROR - Error training model for KO: Data must be 1-dimensional, got ndarray of shape (3430, 1) instead
2024-11-09 09:38:31,289 - TradingSystem - ERROR - Error training model for ABBV: Data must be 1-dimensional, got ndarray of shape (3430, 1) instead
2024-11-09 09:38:31,571 - TradingSystem - ERROR - Error training model for MCD: Data must be 1-dimensional, got ndarray of shape (3431, 1) instead
2024-11-09 09:38:31,632 - TradingSystem - ERROR - Error training model for WMT: Data must be 1-dimensional, got ndarray of shape (3431, 1) instead
2024-11-09 09:38:31,642 - TradingSystem - ERROR - Error training model for NKE: Data must be 1-dimensional, got ndarray of shape (3431, 1) instead
2024-11-09 09:38:31,655 - TradingSystem - ERROR - Error training model for COST: Data must be 1-dimensional, got ndarray of shape (3431, 1) instead
2024-11-09 09:38:31,664 - TradingSystem - ERROR - Error downloading data for HD: No objects to concatenate
2024-11-09 09:38:31,683 - TradingSystem - ERROR - Error training model for SBUX: Data must be 1-dimensional, got ndarray of shape (3431, 1) instead
2024-11-09 09:38:31,922 - TradingSystem - ERROR - Error training model for HON: Data must be 1-dimensional, got ndarray of shape (3431, 1) instead
2024-11-09 09:38:31,959 - TradingSystem - ERROR - Error training model for DIS: Data must be 1-dimensional, got ndarray of shape (3431, 1) instead
2024-11-09 09:38:31,961 - TradingSystem - ERROR - Error training model for CAT: Data must be 1-dimensional, got ndarray of shape (3431, 1) instead
2024-11-09 09:38:31,969 - TradingSystem - ERROR - Error training model for BA: Data must be 1-dimensional, got ndarray of shape (3431, 1) instead
2024-11-09 09:38:31,970 - TradingSystem - ERROR - Error downloading data for MMM: No objects to concatenate
2024-11-09 09:38:32,247 - TradingSystem - ERROR - Error training model for RTX: Data must be 1-dimensional, got ndarray of shape (3431, 1) instead
2024-11-09 09:38:32,254 - TradingSystem - ERROR - Error training model for LMT: Data must be 1-dimensional, got ndarray of shape (3431, 1) instead
2024-11-09 09:38:32,338 - TradingSystem - ERROR - Error training model for UPS: Data must be 1-dimensional, got ndarray of shape (3431, 2) instead
2024-11-09 09:38:32,341 - TradingSystem - ERROR - Error training model for GE: Data must be 1-dimensional, got ndarray of shape (3431, 2) instead
2024-11-09 09:38:32,451 - TradingSystem - ERROR - Error training model for FDX: Data must be 1-dimensional, got ndarray of shape (3431, 2) instead
2024-11-09 09:38:32,471 - TradingSystem - ERROR - Error training model for CVX: Data must be 1-dimensional, got ndarray of shape (3431, 2) instead
2024-11-09 09:38:32,475 - TradingSystem - ERROR - Error training model for DE: Data must be 1-dimensional, got ndarray of shape (3431, 2) instead
2024-11-09 09:38:32,481 - TradingSystem - ERROR - Error training model for XOM: Data must be 1-dimensional, got ndarray of shape (3431, 2) instead
2024-11-09 09:38:32,634 - TradingSystem - ERROR - Error training model for EOG: Data must be 1-dimensional, got ndarray of shape (3431, 1) instead
2024-11-09 09:38:32,640 - TradingSystem - ERROR - Error training model for COP: Data must be 1-dimensional, got ndarray of shape (3431, 1) instead
2024-11-09 09:38:32,643 - TradingSystem - ERROR - Error training model for PSX: Data must be 1-dimensional, got ndarray of shape (3431, 1) instead
2024-11-09 09:38:32,650 - TradingSystem - ERROR - Error training model for SLB: Data must be 1-dimensional, got ndarray of shape (3431, 1) instead
2024-11-09 09:38:32,870 - TradingSystem - ERROR - Error training model for MPC: Data must be 1-dimensional, got ndarray of shape (3431, 1) instead
2024-11-09 09:38:32,873 - TradingSystem - ERROR - Error training model for T: Data must be 1-dimensional, got ndarray of shape (3431, 1) instead
2024-11-09 09:38:32,877 - TradingSystem - ERROR - Error training model for OXY: Data must be 1-dimensional, got ndarray of shape (3431, 1) instead
2024-11-09 09:38:32,882 - TradingSystem - ERROR - Error training model for VLO: Data must be 1-dimensional, got ndarray of shape (3431, 1) instead
2024-11-09 09:38:33,060 - TradingSystem - ERROR - Error training model for NFLX: Data must be 1-dimensional, got ndarray of shape (3431, 1) instead
2024-11-09 09:38:33,083 - TradingSystem - ERROR - Error training model for CMCSA: Data must be 1-dimensional, got ndarray of shape (3431, 1) instead
2024-11-09 09:38:33,087 - TradingSystem - ERROR - Error training model for TMUS: Data must be 1-dimensional, got ndarray of shape (3431, 1) instead
2024-11-09 09:38:33,116 - TradingSystem - ERROR - Error training model for VZ: Data must be 1-dimensional, got ndarray of shape (3431, 1) instead
2024-11-09 09:38:33,312 - TradingSystem - ERROR - Error training model for AMD: Data must be 1-dimensional, got ndarray of shape (3431, 1) instead
2024-11-09 09:38:33,324 - TradingSystem - ERROR - Error training model for CSCO: Data must be 1-dimensional, got ndarray of shape (3431, 1) instead
2024-11-09 09:38:33,353 - TradingSystem - ERROR - Error training model for INTC: Data must be 1-dimensional, got ndarray of shape (3431, 1) instead
2024-11-09 09:38:33,355 - TradingSystem - ERROR - Error training model for CRM: Data must be 1-dimensional, got ndarray of shape (3431, 1) instead
2024-11-09 09:38:33,379 - TradingSystem - ERROR - Error downloading data for QCOM: No objects to concatenate
2024-11-09 09:38:33,397 - TradingSystem - ERROR - Error training model for PLD: Data must be 1-dimensional, got ndarray of shape (3431, 1) instead
2024-11-09 09:38:33,974 - TradingSystem - ERROR - Error training model for AMT: Data must be 1-dimensional, got ndarray of shape (3431, 1) instead
2024-11-09 09:38:33,982 - TradingSystem - ERROR - Error training model for CCI: Data must be 1-dimensional, got ndarray of shape (3431, 1) instead
2024-11-09 09:38:33,994 - TradingSystem - ERROR - Error training model for LIN: Data must be 1-dimensional, got ndarray of shape (3431, 1) instead
2024-11-09 09:38:33,999 - TradingSystem - ERROR - Error training model for SPG: Data must be 1-dimensional, got ndarray of shape (3431, 1) instead
2024-11-09 09:38:34,398 - TradingSystem - ERROR - Error training model for NEM: Data must be 1-dimensional, got ndarray of shape (3431, 1) instead
2024-11-09 09:38:34,436 - TradingSystem - ERROR - Error training model for FCX: Data must be 1-dimensional, got ndarray of shape (3431, 1) instead
2024-11-09 09:38:34,531 - TradingSystem - ERROR - Error training model for APD: Data must be 1-dimensional, got ndarray of shape (3431, 2) instead
2024-11-09 09:38:34,535 - TradingSystem - ERROR - Error training model for SHW: Data must be 1-dimensional, got ndarray of shape (3431, 2) instead
2024-11-09 09:38:34,615 - TradingSystem - ERROR - Error training model for DOW: Data must be 1-dimensional, got ndarray of shape (3431, 1) instead
2024-11-09 09:38:34,621 - TradingSystem - ERROR - Error training model for BRK-B: Data must be 1-dimensional, got ndarray of shape (3431, 1) instead
2024-11-09 09:38:34,985 - TradingSystem - ERROR - Error training model for IWM: Data must be 1-dimensional, got ndarray of shape (3431, 2) instead
2024-11-09 09:38:34,999 - TradingSystem - ERROR - Error training model for EFA: Data must be 1-dimensional, got ndarray of shape (3431, 2) instead
2024-11-09 09:38:35,003 - TradingSystem - ERROR - Error training model for QQQ: Data must be 1-dimensional, got ndarray of shape (3431, 2) instead
2024-11-09 09:38:35,003 - TradingSystem - ERROR - Error training model for SPY: Data must be 1-dimensional, got ndarray of shape (3431, 2) instead
2024-11-09 09:38:35,223 - TradingSystem - ERROR - Error training model for AIG: Data must be 1-dimensional, got ndarray of shape (3431, 1) instead
2024-11-09 09:38:35,225 - TradingSystem - ERROR - Error training model for ALL: Data must be 1-dimensional, got ndarray of shape (3431, 1) instead
2024-11-09 09:38:35,230 - TradingSystem - ERROR - Error training model for PRU: Data must be 1-dimensional, got ndarray of shape (3431, 1) instead
2024-11-09 09:38:35,237 - TradingSystem - ERROR - Error training model for TRV: Data must be 1-dimensional, got ndarray of shape (3431, 1) instead
2024-11-09 09:38:35,540 - TradingSystem - ERROR - Error training model for PYPL: Data must be 1-dimensional, got ndarray of shape (3431, 1) instead
2024-11-09 09:38:35,615 - TradingSystem - ERROR - Error training model for SQ: Data must be 1-dimensional, got ndarray of shape (3431, 1) instead
2024-11-09 09:38:35,632 - TradingSystem - ERROR - Error training model for UBER: Data must be 1-dimensional, got ndarray of shape (3431, 1) instead
2024-11-09 09:38:35,647 - TradingSystem - ERROR - Error training model for ABNB: Data must be 1-dimensional, got ndarray of shape (3431, 1) instead
2024-11-09 09:38:35,689 - TradingSystem - ERROR - Error training model for ZM: Data must be 1-dimensional, got ndarray of shape (3431, 1) instead
2024-11-09 09:38:35,705 - TradingSystem - ERROR - Error downloading data for SNAP: No objects to concatenate
2024-11-09 09:38:35,730 - TradingSystem - ERROR - Error training model for SHOP: Data must be 1-dimensional, got ndarray of shape (3431, 1) instead
2024-11-09 09:38:35,733 - TradingSystem - ERROR - Error training model for PINS: Data must be 1-dimensional, got ndarray of shape (3431, 1) instead
2024-11-09 09:38:36,023 - TradingSystem - ERROR - Error training model for PLTR: Data must be 1-dimensional, got ndarray of shape (3431, 1) instead
2024-11-09 09:38:36,044 - TradingSystem - ERROR - Error training model for U: Data must be 1-dimensional, got ndarray of shape (3431, 1) instead
2024-11-09 09:38:36,053 - TradingSystem - INFO - Market training completed successfully!
