2024-11-09 10:32:41,679 - TradingSystem - INFO - Logger initialized
2024-11-09 10:32:41,683 - TradingSystem - INFO - Starting market training with 98 tickers
2024-11-09 10:32:44,712 - TradingSystem - ERROR - Error training model for AMZN: Data must be 1-dimensional, got ndarray of shape (3420, 1) instead
2024-11-09 10:32:44,723 - TradingSystem - ERROR - Error training model for GOOGL: Data must be 1-dimensional, got ndarray of shape (3420, 2) instead
2024-11-09 10:32:44,726 - TradingSystem - ERROR - Error training model for MSFT: Data must be 1-dimensional, got ndarray of shape (3420, 2) instead
2024-11-09 10:32:44,730 - TradingSystem - ERROR - Error training model for AAPL: Data must be 1-dimensional, got ndarray of shape (3420, 2) instead
2024-11-09 10:32:45,432 - TradingSystem - ERROR - Error training model for TSLA: Data must be 1-dimensional, got ndarray of shape (3420, 1) instead
2024-11-09 10:32:45,455 - TradingSystem - ERROR - Error training model for NVDA: Data must be 1-dimensional, got ndarray of shape (3420, 1) instead
2024-11-09 10:32:45,455 - TradingSystem - ERROR - Error training model for META: Data must be 1-dimensional, got ndarray of shape (3420, 1) instead
2024-11-09 10:32:45,457 - TradingSystem - ERROR - Error training model for TSM: Data must be 1-dimensional, got ndarray of shape (3420, 1) instead
2024-11-09 10:32:45,597 - TradingSystem - ERROR - Error training model for AVGO: Data must be 1-dimensional, got ndarray of shape (3420, 1) instead
2024-11-09 10:32:45,610 - TradingSystem - ERROR - Error training model for ORCL: Data must be 1-dimensional, got ndarray of shape (3420, 1) instead
2024-11-09 10:32:45,615 - TradingSystem - ERROR - Error training model for JPM: Data must be 1-dimensional, got ndarray of shape (3420, 1) instead
2024-11-09 10:32:45,620 - TradingSystem - ERROR - Error training model for V: Data must be 1-dimensional, got ndarray of shape (3420, 1) instead
2024-11-09 10:32:46,262 - TradingSystem - ERROR - Error training model for MS: Data must be 1-dimensional, got ndarray of shape (3420, 2) instead
2024-11-09 10:32:46,264 - TradingSystem - ERROR - Error training model for WFC: Data must be 1-dimensional, got ndarray of shape (3420, 2) instead
2024-11-09 10:32:46,265 - TradingSystem - ERROR - Error training model for BAC: Data must be 1-dimensional, got ndarray of shape (3420, 2) instead
2024-11-09 10:32:46,265 - TradingSystem - ERROR - Error training model for MA: Data must be 1-dimensional, got ndarray of shape (3420, 2) instead
2024-11-09 10:32:46,734 - TradingSystem - ERROR - Error training model for C: Data must be 1-dimensional, got ndarray of shape (3420, 1) instead
2024-11-09 10:32:46,757 - TradingSystem - ERROR - Error training model for GS: Data must be 1-dimensional, got ndarray of shape (3420, 1) instead
2024-11-09 10:32:46,768 - TradingSystem - ERROR - Error training model for BLK: Data must be 1-dimensional, got ndarray of shape (3420, 1) instead
2024-11-09 10:32:46,776 - TradingSystem - ERROR - Error training model for AXP: Data must be 1-dimensional, got ndarray of shape (3420, 1) instead
2024-11-09 10:32:46,779 - TradingSystem - ERROR - Error downloading data for JNJ: No objects to concatenate
2024-11-09 10:32:46,811 - TradingSystem - ERROR - Error training model for UNH: Data must be 1-dimensional, got ndarray of shape (3420, 1) instead
2024-11-09 10:32:46,963 - TradingSystem - ERROR - Error training model for MRK: Data must be 1-dimensional, got ndarray of shape (3419, 1) instead
2024-11-09 10:32:46,967 - TradingSystem - ERROR - Error training model for ABT: Data must be 1-dimensional, got ndarray of shape (3419, 1) instead
2024-11-09 10:32:46,973 - TradingSystem - ERROR - Error training model for TMO: Data must be 1-dimensional, got ndarray of shape (3419, 1) instead
2024-11-09 10:32:46,975 - TradingSystem - ERROR - Error training model for PFE: Data must be 1-dimensional, got ndarray of shape (3419, 1) instead
2024-11-09 10:32:47,653 - TradingSystem - ERROR - Error training model for DHR: Data must be 1-dimensional, got ndarray of shape (3420, 1) instead
2024-11-09 10:32:47,655 - TradingSystem - ERROR - Error training model for ABBV: Data must be 1-dimensional, got ndarray of shape (3420, 1) instead
2024-11-09 10:32:47,655 - TradingSystem - ERROR - Error training model for LLY: Data must be 1-dimensional, got ndarray of shape (3420, 1) instead
2024-11-09 10:32:47,656 - TradingSystem - ERROR - Error training model for BMY: Data must be 1-dimensional, got ndarray of shape (3420, 1) instead
2024-11-09 10:32:47,960 - TradingSystem - ERROR - Error training model for PG: Data must be 1-dimensional, got ndarray of shape (3420, 1) instead
2024-11-09 10:32:47,963 - TradingSystem - ERROR - Error training model for PEP: Data must be 1-dimensional, got ndarray of shape (3420, 1) instead
2024-11-09 10:32:47,969 - TradingSystem - ERROR - Error training model for KO: Data must be 1-dimensional, got ndarray of shape (3420, 1) instead
2024-11-09 10:32:47,977 - TradingSystem - ERROR - Error training model for COST: Data must be 1-dimensional, got ndarray of shape (3420, 1) instead
2024-11-09 10:32:48,237 - TradingSystem - ERROR - Error training model for SBUX: Data must be 1-dimensional, got ndarray of shape (3420, 1) instead
2024-11-09 10:32:48,243 - TradingSystem - ERROR - Error training model for MCD: Data must be 1-dimensional, got ndarray of shape (3420, 1) instead
2024-11-09 10:32:48,272 - TradingSystem - ERROR - Error training model for WMT: Data must be 1-dimensional, got ndarray of shape (3420, 2) instead
2024-11-09 10:32:48,277 - TradingSystem - ERROR - Error training model for NKE: Data must be 1-dimensional, got ndarray of shape (3420, 2) instead
2024-11-09 10:32:48,457 - TradingSystem - ERROR - Error training model for HD: Data must be 1-dimensional, got ndarray of shape (3420, 1) instead
2024-11-09 10:32:48,462 - TradingSystem - ERROR - Error training model for CAT: Data must be 1-dimensional, got ndarray of shape (3420, 1) instead
2024-11-09 10:32:48,471 - TradingSystem - ERROR - Error training model for DIS: Data must be 1-dimensional, got ndarray of shape (3420, 1) instead
2024-11-09 10:32:48,473 - TradingSystem - ERROR - Error training model for BA: Data must be 1-dimensional, got ndarray of shape (3420, 1) instead
2024-11-09 10:32:48,990 - TradingSystem - ERROR - Error training model for UPS: Data must be 1-dimensional, got ndarray of shape (3420, 1) instead
2024-11-09 10:32:48,994 - TradingSystem - ERROR - Error training model for MMM: Data must be 1-dimensional, got ndarray of shape (3420, 1) instead
2024-11-09 10:32:49,002 - TradingSystem - ERROR - Error training model for HON: Data must be 1-dimensional, got ndarray of shape (3420, 1) instead
2024-11-09 10:32:49,002 - TradingSystem - ERROR - Error training model for GE: Data must be 1-dimensional, got ndarray of shape (3420, 1) instead
2024-11-09 10:32:49,454 - TradingSystem - ERROR - Error training model for RTX: Data must be 1-dimensional, got ndarray of shape (3420, 1) instead
2024-11-09 10:32:49,632 - TradingSystem - ERROR - Error training model for LMT: Data must be 1-dimensional, got ndarray of shape (3420, 1) instead
2024-11-09 10:32:49,634 - TradingSystem - ERROR - Error training model for DE: Data must be 1-dimensional, got ndarray of shape (3420, 1) instead
2024-11-09 10:32:49,637 - TradingSystem - ERROR - Error training model for FDX: Data must be 1-dimensional, got ndarray of shape (3420, 1) instead
2024-11-09 10:32:49,660 - TradingSystem - ERROR - Error training model for XOM: Data must be 1-dimensional, got ndarray of shape (3420, 1) instead
2024-11-09 10:32:50,232 - TradingSystem - ERROR - Error training model for SLB: Data must be 1-dimensional, got ndarray of shape (3420, 1) instead
2024-11-09 10:32:50,234 - TradingSystem - ERROR - Error training model for EOG: Data must be 1-dimensional, got ndarray of shape (3420, 1) instead
2024-11-09 10:32:50,236 - TradingSystem - ERROR - Error training model for CVX: Data must be 1-dimensional, got ndarray of shape (3420, 1) instead
2024-11-09 10:32:50,242 - TradingSystem - ERROR - Error training model for COP: Data must be 1-dimensional, got ndarray of shape (3420, 1) instead
2024-11-09 10:32:50,561 - TradingSystem - ERROR - Error training model for OXY: Data must be 1-dimensional, got ndarray of shape (3420, 1) instead
2024-11-09 10:32:50,562 - TradingSystem - ERROR - Error training model for VLO: Data must be 1-dimensional, got ndarray of shape (3420, 1) instead
2024-11-09 10:32:50,563 - TradingSystem - ERROR - Error training model for PSX: Data must be 1-dimensional, got ndarray of shape (3420, 1) instead
2024-11-09 10:32:50,574 - TradingSystem - ERROR - Error training model for MPC: Data must be 1-dimensional, got ndarray of shape (3420, 1) instead
2024-11-09 10:32:50,975 - TradingSystem - ERROR - Error training model for CMCSA: Data must be 1-dimensional, got ndarray of shape (3419, 1) instead
2024-11-09 10:32:50,979 - TradingSystem - ERROR - Error training model for VZ: Data must be 1-dimensional, got ndarray of shape (3419, 1) instead
2024-11-09 10:32:50,984 - TradingSystem - ERROR - Error training model for TMUS: Data must be 1-dimensional, got ndarray of shape (3419, 1) instead
2024-11-09 10:32:50,987 - TradingSystem - ERROR - Error training model for T: Data must be 1-dimensional, got ndarray of shape (3419, 1) instead
2024-11-09 10:32:51,141 - TradingSystem - ERROR - Error training model for NFLX: Data must be 1-dimensional, got ndarray of shape (3420, 1) instead
2024-11-09 10:32:51,162 - TradingSystem - ERROR - Error training model for CRM: Data must be 1-dimensional, got ndarray of shape (3420, 1) instead
2024-11-09 10:32:51,171 - TradingSystem - ERROR - Error training model for INTC: Data must be 1-dimensional, got ndarray of shape (3420, 1) instead
2024-11-09 10:32:51,183 - TradingSystem - ERROR - Error training model for CSCO: Data must be 1-dimensional, got ndarray of shape (3420, 1) instead
2024-11-09 10:32:51,429 - TradingSystem - ERROR - Error training model for QCOM: Data must be 1-dimensional, got ndarray of shape (3420, 1) instead
2024-11-09 10:32:51,447 - TradingSystem - ERROR - Error training model for AMT: Data must be 1-dimensional, got ndarray of shape (3420, 1) instead
2024-11-09 10:32:51,454 - TradingSystem - ERROR - Error training model for AMD: Data must be 1-dimensional, got ndarray of shape (3420, 1) instead
2024-11-09 10:32:51,456 - TradingSystem - ERROR - Error training model for PLD: Data must be 1-dimensional, got ndarray of shape (3420, 1) instead
2024-11-09 10:32:51,746 - TradingSystem - ERROR - Error training model for SPG: Data must be 1-dimensional, got ndarray of shape (3420, 1) instead
2024-11-09 10:32:51,748 - TradingSystem - ERROR - Error training model for APD: Data must be 1-dimensional, got ndarray of shape (3420, 1) instead
2024-11-09 10:32:51,762 - TradingSystem - ERROR - Error training model for CCI: Data must be 1-dimensional, got ndarray of shape (3420, 1) instead
2024-11-09 10:32:51,766 - TradingSystem - ERROR - Error training model for LIN: Data must be 1-dimensional, got ndarray of shape (3420, 1) instead
2024-11-09 10:32:51,863 - TradingSystem - ERROR - Error training model for DOW: Data must be 1-dimensional, got ndarray of shape (3420, 1) instead
2024-11-09 10:32:51,875 - TradingSystem - ERROR - Error training model for FCX: Data must be 1-dimensional, got ndarray of shape (3420, 1) instead
2024-11-09 10:32:51,880 - TradingSystem - ERROR - Error training model for SHW: Data must be 1-dimensional, got ndarray of shape (3420, 1) instead
2024-11-09 10:32:51,886 - TradingSystem - ERROR - Error training model for NEM: Data must be 1-dimensional, got ndarray of shape (3420, 1) instead
2024-11-09 10:32:52,471 - TradingSystem - ERROR - Error training model for SPY: Data must be 1-dimensional, got ndarray of shape (3420, 1) instead
2024-11-09 10:32:52,472 - TradingSystem - ERROR - Error training model for QQQ: Data must be 1-dimensional, got ndarray of shape (3420, 1) instead
2024-11-09 10:32:52,477 - TradingSystem - ERROR - Error training model for BRK-B: Data must be 1-dimensional, got ndarray of shape (3420, 1) instead
2024-11-09 10:32:52,481 - TradingSystem - ERROR - Error training model for IWM: Data must be 1-dimensional, got ndarray of shape (3420, 1) instead
2024-11-09 10:32:52,794 - TradingSystem - ERROR - Error training model for PRU: Data must be 1-dimensional, got ndarray of shape (3420, 1) instead
2024-11-09 10:32:52,803 - TradingSystem - ERROR - Error training model for ALL: Data must be 1-dimensional, got ndarray of shape (3420, 1) instead
2024-11-09 10:32:52,804 - TradingSystem - ERROR - Error training model for EFA: Data must be 1-dimensional, got ndarray of shape (3420, 1) instead
2024-11-09 10:32:52,807 - TradingSystem - ERROR - Error training model for AIG: Data must be 1-dimensional, got ndarray of shape (3420, 1) instead
2024-11-09 10:32:53,365 - TradingSystem - ERROR - Error training model for PYPL: Data must be 1-dimensional, got ndarray of shape (3420, 1) instead
2024-11-09 10:32:53,370 - TradingSystem - ERROR - Error training model for SQ: Data must be 1-dimensional, got ndarray of shape (3420, 1) instead
2024-11-09 10:32:53,407 - TradingSystem - ERROR - Error training model for UBER: Data must be 1-dimensional, got ndarray of shape (3420, 1) instead
2024-11-09 10:32:53,418 - TradingSystem - ERROR - Error training model for TRV: Data must be 1-dimensional, got ndarray of shape (3420, 1) instead
2024-11-09 10:32:53,469 - TradingSystem - ERROR - Error training model for ZM: Data must be 1-dimensional, got ndarray of shape (3416, 1) instead
2024-11-09 10:32:53,481 - TradingSystem - ERROR - Error training model for ABNB: Data must be 1-dimensional, got ndarray of shape (3416, 1) instead
2024-11-09 10:32:53,500 - TradingSystem - ERROR - Error training model for SNAP: Data must be 1-dimensional, got ndarray of shape (3420, 1) instead
2024-11-09 10:32:53,505 - TradingSystem - ERROR - Error training model for SHOP: Data must be 1-dimensional, got ndarray of shape (3420, 1) instead
2024-11-09 10:32:54,338 - TradingSystem - ERROR - Error training model for PLTR: Data must be 1-dimensional, got ndarray of shape (3420, 1) instead
2024-11-09 10:32:54,342 - TradingSystem - ERROR - Error training model for PINS: Data must be 1-dimensional, got ndarray of shape (3420, 1) instead
2024-11-09 10:32:54,345 - TradingSystem - ERROR - Error training model for U: Data must be 1-dimensional, got ndarray of shape (3420, 1) instead
2024-11-09 10:32:54,348 - TradingSystem - INFO - Market training completed successfully!
