2024-11-09 09:37:25,758 - TradingSystem - INFO - Logger initialized
2024-11-09 09:37:25,781 - TradingSystem - INFO - Starting market training with 98 tickers
2024-11-09 09:37:31,578 - TradingSystem - ERROR - Error training model for AMZN: Data must be 1-dimensional, got ndarray of shape (3431, 2) instead
2024-11-09 09:37:31,579 - TradingSystem - ERROR - Error training model for GOOGL: Data must be 1-dimensional, got ndarray of shape (3431, 2) instead
2024-11-09 09:37:31,588 - TradingSystem - ERROR - Error training model for MSFT: Data must be 1-dimensional, got ndarray of shape (3431, 3) instead
2024-11-09 09:37:31,592 - TradingSystem - ERROR - Error training model for AAPL: Data must be 1-dimensional, got ndarray of shape (3431, 4) instead
2024-11-09 09:37:32,625 - TradingSystem - ERROR - Error training model for TSM: Data must be 1-dimensional, got ndarray of shape (3431, 1) instead
2024-11-09 09:37:32,630 - TradingSystem - ERROR - Error training model for NVDA: Data must be 1-dimensional, got ndarray of shape (3431, 1) instead
2024-11-09 09:37:32,631 - TradingSystem - ERROR - Error training model for TSLA: Data must be 1-dimensional, got ndarray of shape (3431, 1) instead
2024-11-09 09:37:32,644 - TradingSystem - ERROR - Error training model for META: Data must be 1-dimensional, got ndarray of shape (3431, 1) instead
2024-11-09 09:37:32,984 - TradingSystem - ERROR - Error training model for JPM: Data must be 1-dimensional, got ndarray of shape (3431, 1) instead
2024-11-09 09:37:33,001 - TradingSystem - ERROR - Error training model for AVGO: Data must be 1-dimensional, got ndarray of shape (3431, 2) instead
2024-11-09 09:37:33,058 - TradingSystem - ERROR - Error training model for ORCL: Data must be 1-dimensional, got ndarray of shape (3431, 2) instead
2024-11-09 09:37:33,063 - TradingSystem - ERROR - Error training model for V: Data must be 1-dimensional, got ndarray of shape (3431, 2) instead
2024-11-09 09:37:33,705 - TradingSystem - ERROR - Error training model for BAC: Data must be 1-dimensional, got ndarray of shape (3431, 1) instead
2024-11-09 09:37:33,716 - TradingSystem - ERROR - Error training model for MS: Data must be 1-dimensional, got ndarray of shape (3431, 1) instead
2024-11-09 09:37:33,727 - TradingSystem - ERROR - Error training model for WFC: Data must be 1-dimensional, got ndarray of shape (3431, 1) instead
2024-11-09 09:37:33,728 - TradingSystem - ERROR - Error training model for MA: Data must be 1-dimensional, got ndarray of shape (3431, 1) instead
2024-11-09 09:37:33,835 - TradingSystem - ERROR - Error training model for GS: Data must be 1-dimensional, got ndarray of shape (3431, 1) instead
2024-11-09 09:37:33,842 - TradingSystem - ERROR - Error training model for C: Data must be 1-dimensional, got ndarray of shape (3431, 1) instead
2024-11-09 09:37:33,865 - TradingSystem - ERROR - Error training model for AXP: Data must be 1-dimensional, got ndarray of shape (3431, 1) instead
2024-11-09 09:37:33,868 - TradingSystem - ERROR - Error training model for BLK: Data must be 1-dimensional, got ndarray of shape (3431, 1) instead
2024-11-09 09:37:34,377 - TradingSystem - ERROR - Error training model for MRK: Data must be 1-dimensional, got ndarray of shape (3431, 2) instead
2024-11-09 09:37:34,382 - TradingSystem - ERROR - Error training model for PFE: Data must be 1-dimensional, got ndarray of shape (3431, 2) instead
2024-11-09 09:37:34,389 - TradingSystem - ERROR - Error training model for JNJ: Data must be 1-dimensional, got ndarray of shape (3431, 2) instead
2024-11-09 09:37:34,391 - TradingSystem - ERROR - Error training model for UNH: Data must be 1-dimensional, got ndarray of shape (3431, 2) instead
2024-11-09 09:37:34,392 - TradingSystem - ERROR - Error downloading data for TMO: No objects to concatenate
2024-11-09 09:37:34,841 - TradingSystem - ERROR - Error training model for ABT: Data must be 1-dimensional, got ndarray of shape (3431, 1) instead
2024-11-09 09:37:34,845 - TradingSystem - ERROR - Error training model for DHR: Data must be 1-dimensional, got ndarray of shape (3431, 1) instead
2024-11-09 09:37:34,880 - TradingSystem - ERROR - Error training model for LLY: Data must be 1-dimensional, got ndarray of shape (3431, 1) instead
2024-11-09 09:37:34,881 - TradingSystem - ERROR - Error training model for BMY: Data must be 1-dimensional, got ndarray of shape (3431, 1) instead
2024-11-09 09:37:35,161 - TradingSystem - ERROR - Error training model for KO: Data must be 1-dimensional, got ndarray of shape (3431, 1) instead
2024-11-09 09:37:35,161 - TradingSystem - ERROR - Error training model for ABBV: Data must be 1-dimensional, got ndarray of shape (3431, 1) instead
2024-11-09 09:37:35,162 - TradingSystem - ERROR - Error training model for PEP: Data must be 1-dimensional, got ndarray of shape (3431, 1) instead
2024-11-09 09:37:35,169 - TradingSystem - ERROR - Error training model for PG: Data must be 1-dimensional, got ndarray of shape (3431, 1) instead
2024-11-09 09:37:35,505 - TradingSystem - ERROR - Error training model for NKE: Data must be 1-dimensional, got ndarray of shape (3431, 1) instead
2024-11-09 09:37:35,538 - TradingSystem - ERROR - Error training model for COST: Data must be 1-dimensional, got ndarray of shape (3431, 1) instead
2024-11-09 09:37:35,543 - TradingSystem - ERROR - Error training model for WMT: Data must be 1-dimensional, got ndarray of shape (3431, 1) instead
2024-11-09 09:37:35,575 - TradingSystem - ERROR - Error training model for MCD: Data must be 1-dimensional, got ndarray of shape (3431, 1) instead
2024-11-09 09:37:35,807 - TradingSystem - ERROR - Error training model for DIS: Data must be 1-dimensional, got ndarray of shape (3431, 1) instead
2024-11-09 09:37:35,811 - TradingSystem - ERROR - Error training model for HD: Data must be 1-dimensional, got ndarray of shape (3431, 1) instead
2024-11-09 09:37:35,813 - TradingSystem - ERROR - Error training model for CAT: Data must be 1-dimensional, got ndarray of shape (3431, 1) instead
2024-11-09 09:37:35,817 - TradingSystem - ERROR - Error training model for SBUX: Data must be 1-dimensional, got ndarray of shape (3431, 1) instead
2024-11-09 09:37:36,011 - TradingSystem - ERROR - Error training model for GE: Data must be 1-dimensional, got ndarray of shape (3431, 1) instead
2024-11-09 09:37:36,015 - TradingSystem - ERROR - Error training model for BA: Data must be 1-dimensional, got ndarray of shape (3431, 1) instead
2024-11-09 09:37:36,019 - TradingSystem - ERROR - Error training model for HON: Data must be 1-dimensional, got ndarray of shape (3431, 1) instead
2024-11-09 09:37:36,033 - TradingSystem - ERROR - Error training model for MMM: Data must be 1-dimensional, got ndarray of shape (3431, 1) instead
2024-11-09 09:37:36,197 - TradingSystem - ERROR - Error training model for RTX: Data must be 1-dimensional, got ndarray of shape (3430, 1) instead
2024-11-09 09:37:36,382 - TradingSystem - ERROR - Error training model for UPS: Data must be 1-dimensional, got ndarray of shape (3430, 1) instead
2024-11-09 09:37:36,383 - TradingSystem - ERROR - Error training model for LMT: Data must be 1-dimensional, got ndarray of shape (3430, 1) instead
2024-11-09 09:37:36,389 - TradingSystem - ERROR - Error training model for DE: Data must be 1-dimensional, got ndarray of shape (3430, 1) instead
2024-11-09 09:37:36,698 - TradingSystem - ERROR - Error training model for XOM: Data must be 1-dimensional, got ndarray of shape (3431, 1) instead
2024-11-09 09:37:36,703 - TradingSystem - ERROR - Error training model for FDX: Data must be 1-dimensional, got ndarray of shape (3431, 1) instead
2024-11-09 09:37:36,705 - TradingSystem - ERROR - Error training model for CVX: Data must be 1-dimensional, got ndarray of shape (3431, 1) instead
2024-11-09 09:37:36,713 - TradingSystem - ERROR - Error training model for COP: Data must be 1-dimensional, got ndarray of shape (3431, 1) instead
2024-11-09 09:37:36,928 - TradingSystem - ERROR - Error training model for VLO: Data must be 1-dimensional, got ndarray of shape (3431, 1) instead
2024-11-09 09:37:36,929 - TradingSystem - ERROR - Error training model for EOG: Data must be 1-dimensional, got ndarray of shape (3431, 1) instead
2024-11-09 09:37:36,942 - TradingSystem - ERROR - Error training model for SLB: Data must be 1-dimensional, got ndarray of shape (3431, 1) instead
2024-11-09 09:37:36,960 - TradingSystem - ERROR - Error training model for PSX: Data must be 1-dimensional, got ndarray of shape (3431, 1) instead
2024-11-09 09:37:37,157 - TradingSystem - ERROR - Error training model for VZ: Data must be 1-dimensional, got ndarray of shape (3431, 1) instead
2024-11-09 09:37:37,165 - TradingSystem - ERROR - Error training model for T: Data must be 1-dimensional, got ndarray of shape (3431, 1) instead
2024-11-09 09:37:37,176 - TradingSystem - ERROR - Error training model for OXY: Data must be 1-dimensional, got ndarray of shape (3431, 1) instead
2024-11-09 09:37:37,182 - TradingSystem - ERROR - Error training model for MPC: Data must be 1-dimensional, got ndarray of shape (3431, 1) instead
2024-11-09 09:37:37,266 - TradingSystem - ERROR - Error training model for NFLX: Data must be 1-dimensional, got ndarray of shape (3430, 1) instead
2024-11-09 09:37:37,274 - TradingSystem - ERROR - Error training model for CMCSA: Data must be 1-dimensional, got ndarray of shape (3430, 1) instead
2024-11-09 09:37:37,282 - TradingSystem - ERROR - Error training model for CRM: Data must be 1-dimensional, got ndarray of shape (3430, 1) instead
2024-11-09 09:37:37,287 - TradingSystem - ERROR - Error training model for TMUS: Data must be 1-dimensional, got ndarray of shape (3430, 1) instead
2024-11-09 09:37:37,546 - TradingSystem - ERROR - Error training model for INTC: Data must be 1-dimensional, got ndarray of shape (3431, 1) instead
2024-11-09 09:37:37,547 - TradingSystem - ERROR - Error training model for QCOM: Data must be 1-dimensional, got ndarray of shape (3431, 1) instead
2024-11-09 09:37:37,551 - TradingSystem - ERROR - Error training model for CSCO: Data must be 1-dimensional, got ndarray of shape (3431, 1) instead
2024-11-09 09:37:37,563 - TradingSystem - ERROR - Error training model for AMD: Data must be 1-dimensional, got ndarray of shape (3431, 1) instead
2024-11-09 09:37:37,915 - TradingSystem - ERROR - Error training model for AMT: Data must be 1-dimensional, got ndarray of shape (3431, 2) instead
2024-11-09 09:37:38,039 - TradingSystem - ERROR - Error training model for PLD: Data must be 1-dimensional, got ndarray of shape (3431, 2) instead
2024-11-09 09:37:38,061 - TradingSystem - ERROR - Error training model for SPG: Data must be 1-dimensional, got ndarray of shape (3431, 2) instead
2024-11-09 09:37:38,078 - TradingSystem - ERROR - Error training model for CCI: Data must be 1-dimensional, got ndarray of shape (3431, 2) instead
2024-11-09 09:37:38,171 - TradingSystem - ERROR - Error training model for APD: Data must be 1-dimensional, got ndarray of shape (3431, 1) instead
2024-11-09 09:37:38,246 - TradingSystem - ERROR - Error training model for SHW: Data must be 1-dimensional, got ndarray of shape (3431, 1) instead
2024-11-09 09:37:38,249 - TradingSystem - ERROR - Error training model for FCX: Data must be 1-dimensional, got ndarray of shape (3431, 1) instead
2024-11-09 09:37:38,264 - TradingSystem - ERROR - Error training model for LIN: Data must be 1-dimensional, got ndarray of shape (3431, 1) instead
2024-11-09 09:37:38,382 - TradingSystem - ERROR - Error training model for SPY: Data must be 1-dimensional, got ndarray of shape (3431, 1) instead
2024-11-09 09:37:38,394 - TradingSystem - ERROR - Error training model for DOW: Data must be 1-dimensional, got ndarray of shape (3431, 1) instead
2024-11-09 09:37:38,395 - TradingSystem - ERROR - Error training model for BRK-B: Data must be 1-dimensional, got ndarray of shape (3431, 1) instead
2024-11-09 09:37:38,399 - TradingSystem - ERROR - Error training model for NEM: Data must be 1-dimensional, got ndarray of shape (3431, 1) instead
2024-11-09 09:37:38,691 - TradingSystem - ERROR - Error training model for QQQ: Data must be 1-dimensional, got ndarray of shape (3431, 1) instead
2024-11-09 09:37:38,700 - TradingSystem - ERROR - Error training model for EFA: Data must be 1-dimensional, got ndarray of shape (3431, 1) instead
2024-11-09 09:37:38,701 - TradingSystem - ERROR - Error training model for IWM: Data must be 1-dimensional, got ndarray of shape (3431, 1) instead
2024-11-09 09:37:38,703 - TradingSystem - ERROR - Error training model for PRU: Data must be 1-dimensional, got ndarray of shape (3431, 1) instead
2024-11-09 09:37:38,988 - TradingSystem - ERROR - Error training model for ALL: Data must be 1-dimensional, got ndarray of shape (3431, 1) instead
2024-11-09 09:37:39,011 - TradingSystem - ERROR - Error training model for PYPL: Data must be 1-dimensional, got ndarray of shape (3431, 1) instead
2024-11-09 09:37:39,067 - TradingSystem - ERROR - Error training model for AIG: Data must be 1-dimensional, got ndarray of shape (3431, 1) instead
2024-11-09 09:37:39,260 - TradingSystem - ERROR - Error training model for TRV: Data must be 1-dimensional, got ndarray of shape (3431, 1) instead
2024-11-09 09:37:39,317 - TradingSystem - ERROR - Error training model for UBER: Data must be 1-dimensional, got ndarray of shape (3431, 2) instead
2024-11-09 09:37:40,266 - TradingSystem - ERROR - Error training model for SQ: Data must be 1-dimensional, got ndarray of shape (3431, 1) instead
2024-11-09 09:37:40,300 - TradingSystem - ERROR - Error training model for ABNB: Data must be 1-dimensional, got ndarray of shape (3431, 2) instead
2024-11-09 09:37:40,302 - TradingSystem - ERROR - Error training model for ZM: Data must be 1-dimensional, got ndarray of shape (3431, 1) instead
2024-11-09 09:37:40,316 - TradingSystem - ERROR - Error training model for SHOP: Data must be 1-dimensional, got ndarray of shape (3431, 1) instead
2024-11-09 09:37:40,603 - TradingSystem - ERROR - Error training model for PLTR: Data must be 1-dimensional, got ndarray of shape (3431, 1) instead
2024-11-09 09:37:40,604 - TradingSystem - ERROR - Error training model for U: Data must be 1-dimensional, got ndarray of shape (3431, 1) instead
2024-11-09 09:37:41,279 - TradingSystem - ERROR - Error training model for PINS: Data must be 1-dimensional, got ndarray of shape (3431, 1) instead
2024-11-09 09:37:41,283 - TradingSystem - ERROR - Error training model for SNAP: Data must be 1-dimensional, got ndarray of shape (3431, 1) instead
2024-11-09 09:37:41,288 - TradingSystem - INFO - Market training completed successfully!
