2024-11-08 20:13:20,535 - TradingSystem - INFO - Logger initialized
2024-11-08 20:13:20,560 - TradingSystem - INFO - Starting market training with 98 tickers
2024-11-08 20:13:24,227 - TradingSystem - ERROR - Error training model for MSFT: Data must be 1-dimensional, got ndarray of shape (3357, 1) instead
2024-11-08 20:13:24,229 - TradingSystem - ERROR - Error training model for AMZN: Data must be 1-dimensional, got ndarray of shape (3357, 1) instead
2024-11-08 20:13:24,230 - TradingSystem - ERROR - Error training model for GOOGL: Data must be 1-dimensional, got ndarray of shape (3357, 1) instead
2024-11-08 20:13:24,234 - TradingSystem - ERROR - Error training model for AAPL: Data must be 1-dimensional, got ndarray of shape (3357, 1) instead
2024-11-08 20:13:24,769 - TradingSystem - ERROR - Error training model for NVDA: Data must be 1-dimensional, got ndarray of shape (3357, 1) instead
2024-11-08 20:13:24,778 - TradingSystem - ERROR - Error training model for META: Data must be 1-dimensional, got ndarray of shape (3357, 1) instead
2024-11-08 20:13:24,783 - TradingSystem - ERROR - Error training model for TSM: Data must be 1-dimensional, got ndarray of shape (3357, 1) instead
2024-11-08 20:13:24,791 - TradingSystem - ERROR - Error training model for TSLA: Data must be 1-dimensional, got ndarray of shape (3357, 1) instead
2024-11-08 20:13:25,232 - TradingSystem - ERROR - Error training model for ORCL: Data must be 1-dimensional, got ndarray of shape (3357, 1) instead
2024-11-08 20:13:25,240 - TradingSystem - ERROR - Error training model for JPM: Data must be 1-dimensional, got ndarray of shape (3357, 1) instead
2024-11-08 20:13:25,251 - TradingSystem - ERROR - Error training model for V: Data must be 1-dimensional, got ndarray of shape (3357, 1) instead
2024-11-08 20:13:25,260 - TradingSystem - ERROR - Error training model for AVGO: Data must be 1-dimensional, got ndarray of shape (3357, 1) instead
2024-11-08 20:13:25,624 - TradingSystem - ERROR - Error training model for BAC: Data must be 1-dimensional, got ndarray of shape (3357, 1) instead
2024-11-08 20:13:25,632 - TradingSystem - ERROR - Error training model for MA: Data must be 1-dimensional, got ndarray of shape (3357, 1) instead
2024-11-08 20:13:25,635 - TradingSystem - ERROR - Error training model for MS: Data must be 1-dimensional, got ndarray of shape (3357, 1) instead
2024-11-08 20:13:25,635 - TradingSystem - ERROR - Error training model for WFC: Data must be 1-dimensional, got ndarray of shape (3357, 1) instead
2024-11-08 20:13:25,895 - TradingSystem - ERROR - Error training model for GS: Data must be 1-dimensional, got ndarray of shape (3357, 1) instead
2024-11-08 20:13:25,934 - TradingSystem - ERROR - Error training model for AXP: Data must be 1-dimensional, got ndarray of shape (3357, 1) instead
2024-11-08 20:13:25,976 - TradingSystem - ERROR - Error training model for C: Data must be 1-dimensional, got ndarray of shape (3357, 1) instead
2024-11-08 20:13:25,991 - TradingSystem - ERROR - Error training model for BLK: Data must be 1-dimensional, got ndarray of shape (3357, 1) instead
2024-11-08 20:13:26,018 - TradingSystem - ERROR - Error training model for JNJ: Data must be 1-dimensional, got ndarray of shape (3357, 1) instead
2024-11-08 20:13:26,793 - TradingSystem - ERROR - Error training model for UNH: Data must be 1-dimensional, got ndarray of shape (3357, 1) instead
2024-11-08 20:13:26,827 - TradingSystem - ERROR - Error training model for PFE: Data must be 1-dimensional, got ndarray of shape (3357, 2) instead
2024-11-08 20:13:26,842 - TradingSystem - ERROR - Error training model for ABT: Data must be 1-dimensional, got ndarray of shape (3357, 2) instead
2024-11-08 20:13:26,844 - TradingSystem - ERROR - Error training model for MRK: Data must be 1-dimensional, got ndarray of shape (3357, 2) instead
2024-11-08 20:13:27,300 - TradingSystem - ERROR - Error training model for TMO: Data must be 1-dimensional, got ndarray of shape (3357, 1) instead
2024-11-08 20:13:27,307 - TradingSystem - ERROR - Error training model for DHR: Data must be 1-dimensional, got ndarray of shape (3357, 1) instead
2024-11-08 20:13:27,314 - TradingSystem - ERROR - Error training model for BMY: Data must be 1-dimensional, got ndarray of shape (3357, 1) instead
2024-11-08 20:13:27,315 - TradingSystem - ERROR - Error training model for LLY: Data must be 1-dimensional, got ndarray of shape (3357, 1) instead
2024-11-08 20:13:27,562 - TradingSystem - ERROR - Error training model for PEP: Data must be 1-dimensional, got ndarray of shape (3356, 1) instead
2024-11-08 20:13:27,775 - TradingSystem - ERROR - Error training model for KO: Data must be 1-dimensional, got ndarray of shape (3356, 1) instead
2024-11-08 20:13:27,777 - TradingSystem - ERROR - Error training model for ABBV: Data must be 1-dimensional, got ndarray of shape (3356, 1) instead
2024-11-08 20:13:27,780 - TradingSystem - ERROR - Error training model for PG: Data must be 1-dimensional, got ndarray of shape (3356, 1) instead
2024-11-08 20:13:27,959 - TradingSystem - ERROR - Error training model for WMT: Data must be 1-dimensional, got ndarray of shape (3357, 1) instead
2024-11-08 20:13:27,966 - TradingSystem - ERROR - Error training model for NKE: Data must be 1-dimensional, got ndarray of shape (3357, 1) instead
2024-11-08 20:13:27,973 - TradingSystem - ERROR - Error training model for MCD: Data must be 1-dimensional, got ndarray of shape (3357, 1) instead
2024-11-08 20:13:27,981 - TradingSystem - ERROR - Error training model for COST: Data must be 1-dimensional, got ndarray of shape (3357, 1) instead
2024-11-08 20:13:28,290 - TradingSystem - ERROR - Error training model for CAT: Data must be 1-dimensional, got ndarray of shape (3357, 1) instead
2024-11-08 20:13:28,298 - TradingSystem - ERROR - Error training model for HD: Data must be 1-dimensional, got ndarray of shape (3357, 1) instead
2024-11-08 20:13:28,325 - TradingSystem - ERROR - Error training model for SBUX: Data must be 1-dimensional, got ndarray of shape (3357, 1) instead
2024-11-08 20:13:28,330 - TradingSystem - ERROR - Error training model for DIS: Data must be 1-dimensional, got ndarray of shape (3357, 1) instead
2024-11-08 20:13:29,069 - TradingSystem - ERROR - Error training model for GE: Data must be 1-dimensional, got ndarray of shape (3357, 1) instead
2024-11-08 20:13:29,076 - TradingSystem - ERROR - Error training model for MMM: Data must be 1-dimensional, got ndarray of shape (3357, 1) instead
2024-11-08 20:13:29,084 - TradingSystem - ERROR - Error training model for BA: Data must be 1-dimensional, got ndarray of shape (3357, 1) instead
2024-11-08 20:13:29,085 - TradingSystem - ERROR - Error training model for HON: Data must be 1-dimensional, got ndarray of shape (3357, 1) instead
2024-11-08 20:13:30,147 - TradingSystem - ERROR - Error training model for LMT: Data must be 1-dimensional, got ndarray of shape (3357, 1) instead
2024-11-08 20:13:30,282 - TradingSystem - ERROR - Error training model for DE: Data must be 1-dimensional, got ndarray of shape (3357, 1) instead
2024-11-08 20:13:30,289 - TradingSystem - ERROR - Error training model for UPS: Data must be 1-dimensional, got ndarray of shape (3357, 2) instead
2024-11-08 20:13:30,302 - TradingSystem - ERROR - Error training model for RTX: Data must be 1-dimensional, got ndarray of shape (3357, 3) instead
2024-11-08 20:13:30,724 - TradingSystem - ERROR - Error training model for CVX: Data must be 1-dimensional, got ndarray of shape (3357, 1) instead
2024-11-08 20:13:30,733 - TradingSystem - ERROR - Error training model for FDX: Data must be 1-dimensional, got ndarray of shape (3357, 1) instead
2024-11-08 20:13:30,735 - TradingSystem - ERROR - Error training model for COP: Data must be 1-dimensional, got ndarray of shape (3357, 1) instead
2024-11-08 20:13:30,740 - TradingSystem - ERROR - Error training model for XOM: Data must be 1-dimensional, got ndarray of shape (3357, 1) instead
2024-11-08 20:13:31,463 - TradingSystem - ERROR - Error training model for VLO: Data must be 1-dimensional, got ndarray of shape (3357, 1) instead
2024-11-08 20:13:31,499 - TradingSystem - ERROR - Error training model for PSX: Data must be 1-dimensional, got ndarray of shape (3357, 1) instead
2024-11-08 20:13:31,502 - TradingSystem - ERROR - Error training model for SLB: Data must be 1-dimensional, got ndarray of shape (3357, 1) instead
2024-11-08 20:13:31,504 - TradingSystem - ERROR - Error training model for EOG: Data must be 1-dimensional, got ndarray of shape (3357, 1) instead
2024-11-08 20:13:31,815 - TradingSystem - ERROR - Error training model for MPC: Data must be 1-dimensional, got ndarray of shape (3357, 1) instead
2024-11-08 20:13:31,833 - TradingSystem - ERROR - Error training model for VZ: Data must be 1-dimensional, got ndarray of shape (3357, 1) instead
2024-11-08 20:13:31,840 - TradingSystem - ERROR - Error training model for T: Data must be 1-dimensional, got ndarray of shape (3357, 1) instead
2024-11-08 20:13:31,845 - TradingSystem - ERROR - Error training model for OXY: Data must be 1-dimensional, got ndarray of shape (3357, 1) instead
2024-11-08 20:13:32,383 - TradingSystem - ERROR - Error training model for CRM: Data must be 1-dimensional, got ndarray of shape (3356, 1) instead
2024-11-08 20:13:32,401 - TradingSystem - ERROR - Error training model for CMCSA: Data must be 1-dimensional, got ndarray of shape (3356, 1) instead
2024-11-08 20:13:32,409 - TradingSystem - ERROR - Error training model for NFLX: Data must be 1-dimensional, got ndarray of shape (3356, 1) instead
2024-11-08 20:13:32,416 - TradingSystem - ERROR - Error training model for TMUS: Data must be 1-dimensional, got ndarray of shape (3356, 1) instead
2024-11-08 20:13:33,415 - TradingSystem - ERROR - Error training model for AMD: Data must be 1-dimensional, got ndarray of shape (3357, 1) instead
2024-11-08 20:13:33,418 - TradingSystem - ERROR - Error training model for INTC: Data must be 1-dimensional, got ndarray of shape (3357, 1) instead
2024-11-08 20:13:33,420 - TradingSystem - ERROR - Error training model for CSCO: Data must be 1-dimensional, got ndarray of shape (3357, 1) instead
2024-11-08 20:13:33,425 - TradingSystem - ERROR - Error training model for QCOM: Data must be 1-dimensional, got ndarray of shape (3357, 1) instead
2024-11-08 20:13:33,865 - TradingSystem - ERROR - Error training model for PLD: Data must be 1-dimensional, got ndarray of shape (3357, 1) instead
2024-11-08 20:13:33,871 - TradingSystem - ERROR - Error training model for CCI: Data must be 1-dimensional, got ndarray of shape (3357, 1) instead
2024-11-08 20:13:33,993 - TradingSystem - ERROR - Error training model for SPG: Data must be 1-dimensional, got ndarray of shape (3357, 1) instead
2024-11-08 20:13:33,998 - TradingSystem - ERROR - Error training model for AMT: Data must be 1-dimensional, got ndarray of shape (3357, 1) instead
2024-11-08 20:13:34,374 - TradingSystem - ERROR - Error training model for LIN: Data must be 1-dimensional, got ndarray of shape (3357, 1) instead
2024-11-08 20:13:34,389 - TradingSystem - ERROR - Error training model for FCX: Data must be 1-dimensional, got ndarray of shape (3357, 1) instead
2024-11-08 20:13:34,389 - TradingSystem - ERROR - Error training model for APD: Data must be 1-dimensional, got ndarray of shape (3357, 1) instead
2024-11-08 20:13:34,391 - TradingSystem - ERROR - Error training model for SHW: Data must be 1-dimensional, got ndarray of shape (3357, 1) instead
2024-11-08 20:13:34,815 - TradingSystem - ERROR - Error training model for SPY: Data must be 1-dimensional, got ndarray of shape (3357, 1) instead
2024-11-08 20:13:34,829 - TradingSystem - ERROR - Error training model for NEM: Data must be 1-dimensional, got ndarray of shape (3357, 1) instead
2024-11-08 20:13:34,834 - TradingSystem - ERROR - Error training model for BRK-B: Data must be 1-dimensional, got ndarray of shape (3357, 1) instead
2024-11-08 20:13:34,838 - TradingSystem - ERROR - Error training model for DOW: Data must be 1-dimensional, got ndarray of shape (3357, 1) instead
2024-11-08 20:13:35,590 - TradingSystem - ERROR - Error training model for IWM: Data must be 1-dimensional, got ndarray of shape (3357, 1) instead
2024-11-08 20:13:35,602 - TradingSystem - ERROR - Error training model for PRU: Data must be 1-dimensional, got ndarray of shape (3357, 1) instead
2024-11-08 20:13:35,608 - TradingSystem - ERROR - Error training model for QQQ: Data must be 1-dimensional, got ndarray of shape (3357, 1) instead
2024-11-08 20:13:35,609 - TradingSystem - ERROR - Error training model for EFA: Data must be 1-dimensional, got ndarray of shape (3357, 1) instead
2024-11-08 20:13:36,248 - TradingSystem - ERROR - Error training model for PYPL: Data must be 1-dimensional, got ndarray of shape (3357, 1) instead
2024-11-08 20:13:36,356 - TradingSystem - ERROR - Error training model for AIG: Data must be 1-dimensional, got ndarray of shape (3357, 1) instead
2024-11-08 20:13:36,357 - TradingSystem - ERROR - Error training model for ALL: Data must be 1-dimensional, got ndarray of shape (3357, 2) instead
2024-11-08 20:13:36,364 - TradingSystem - ERROR - Error training model for TRV: Data must be 1-dimensional, got ndarray of shape (3357, 2) instead
2024-11-08 20:13:37,175 - TradingSystem - ERROR - Error training model for SQ: Data must be 1-dimensional, got ndarray of shape (3357, 1) instead
2024-11-08 20:13:37,183 - TradingSystem - ERROR - Error training model for UBER: Data must be 1-dimensional, got ndarray of shape (3357, 1) instead
2024-11-08 20:13:37,185 - TradingSystem - ERROR - Error training model for ABNB: Data must be 1-dimensional, got ndarray of shape (3357, 1) instead
2024-11-08 20:13:37,186 - TradingSystem - ERROR - Error training model for ZM: Data must be 1-dimensional, got ndarray of shape (3357, 1) instead
2024-11-08 20:13:37,565 - TradingSystem - ERROR - Error training model for U: Data must be 1-dimensional, got ndarray of shape (3357, 1) instead
2024-11-08 20:13:37,574 - TradingSystem - ERROR - Error training model for PINS: Data must be 1-dimensional, got ndarray of shape (3357, 1) instead
2024-11-08 20:13:37,575 - TradingSystem - ERROR - Error training model for SNAP: Data must be 1-dimensional, got ndarray of shape (3357, 1) instead
2024-11-08 20:13:37,579 - TradingSystem - ERROR - Error training model for SHOP: Data must be 1-dimensional, got ndarray of shape (3357, 1) instead
2024-11-08 20:13:38,027 - TradingSystem - ERROR - Error training model for PLTR: Data must be 1-dimensional, got ndarray of shape (3357, 2) instead
2024-11-08 20:13:38,069 - TradingSystem - INFO - Market training completed successfully!
