2024-11-09 09:03:37,450 - TradingSystem - INFO - Logger initialized
2024-11-09 09:03:37,462 - TradingSystem - INFO - Starting market training with 98 tickers
2024-11-09 09:03:52,764 - TradingSystem - ERROR - Error training model for GOOGL: Data must be 1-dimensional, got ndarray of shape (3432, 3) instead
2024-11-09 09:03:52,764 - TradingSystem - ERROR - Error training model for MSFT: Data must be 1-dimensional, got ndarray of shape (3432, 3) instead
2024-11-09 09:03:52,766 - TradingSystem - ERROR - Error training model for AAPL: Data must be 1-dimensional, got ndarray of shape (3432, 3) instead
2024-11-09 09:03:52,766 - TradingSystem - ERROR - Error training model for AMZN: Data must be 1-dimensional, got ndarray of shape (3432, 3) instead
2024-11-09 09:03:53,177 - TradingSystem - ERROR - Error training model for TSM: Data must be 1-dimensional, got ndarray of shape (3432, 1) instead
2024-11-09 09:03:53,190 - TradingSystem - ERROR - Error training model for META: Data must be 1-dimensional, got ndarray of shape (3432, 1) instead
2024-11-09 09:03:53,195 - TradingSystem - ERROR - Error training model for TSLA: Data must be 1-dimensional, got ndarray of shape (3432, 1) instead
2024-11-09 09:03:53,196 - TradingSystem - ERROR - Error training model for NVDA: Data must be 1-dimensional, got ndarray of shape (3432, 1) instead
2024-11-09 09:03:54,000 - TradingSystem - ERROR - Error training model for V: Data must be 1-dimensional, got ndarray of shape (3432, 1) instead
2024-11-09 09:03:54,002 - TradingSystem - ERROR - Error training model for AVGO: Data must be 1-dimensional, got ndarray of shape (3432, 1) instead
2024-11-09 09:03:54,002 - TradingSystem - ERROR - Error training model for ORCL: Data must be 1-dimensional, got ndarray of shape (3432, 1) instead
2024-11-09 09:03:54,003 - TradingSystem - ERROR - Error training model for JPM: Data must be 1-dimensional, got ndarray of shape (3432, 1) instead
2024-11-09 09:03:54,813 - TradingSystem - ERROR - Error training model for MS: Data must be 1-dimensional, got ndarray of shape (3432, 1) instead
2024-11-09 09:03:54,864 - TradingSystem - ERROR - Error training model for MA: Data must be 1-dimensional, got ndarray of shape (3432, 2) instead
2024-11-09 09:03:54,869 - TradingSystem - ERROR - Error training model for BAC: Data must be 1-dimensional, got ndarray of shape (3432, 2) instead
2024-11-09 09:03:54,877 - TradingSystem - ERROR - Error training model for WFC: Data must be 1-dimensional, got ndarray of shape (3432, 3) instead
2024-11-09 09:03:55,758 - TradingSystem - ERROR - Error training model for AXP: Data must be 1-dimensional, got ndarray of shape (3432, 3) instead
2024-11-09 09:03:55,760 - TradingSystem - ERROR - Error training model for BLK: Data must be 1-dimensional, got ndarray of shape (3432, 3) instead
2024-11-09 09:03:55,764 - TradingSystem - ERROR - Error training model for GS: Data must be 1-dimensional, got ndarray of shape (3432, 3) instead
2024-11-09 09:03:55,765 - TradingSystem - ERROR - Error training model for C: Data must be 1-dimensional, got ndarray of shape (3432, 3) instead
2024-11-09 09:03:56,267 - TradingSystem - ERROR - Error training model for PFE: Data must be 1-dimensional, got ndarray of shape (3432, 1) instead
2024-11-09 09:03:56,274 - TradingSystem - ERROR - Error training model for JNJ: Data must be 1-dimensional, got ndarray of shape (3432, 1) instead
2024-11-09 09:03:56,299 - TradingSystem - ERROR - Error training model for UNH: Data must be 1-dimensional, got ndarray of shape (3432, 1) instead
2024-11-09 09:03:56,300 - TradingSystem - ERROR - Error training model for MRK: Data must be 1-dimensional, got ndarray of shape (3432, 1) instead
2024-11-09 09:03:56,563 - TradingSystem - ERROR - Error training model for DHR: Data must be 1-dimensional, got ndarray of shape (3432, 2) instead
2024-11-09 09:03:56,566 - TradingSystem - ERROR - Error training model for TMO: Data must be 1-dimensional, got ndarray of shape (3432, 2) instead
2024-11-09 09:03:56,569 - TradingSystem - ERROR - Error training model for ABT: Data must be 1-dimensional, got ndarray of shape (3432, 2) instead
2024-11-09 09:03:56,570 - TradingSystem - ERROR - Error training model for BMY: Data must be 1-dimensional, got ndarray of shape (3432, 2) instead
2024-11-09 09:03:57,261 - TradingSystem - ERROR - Error training model for KO: Data must be 1-dimensional, got ndarray of shape (3432, 1) instead
2024-11-09 09:03:57,269 - TradingSystem - ERROR - Error training model for LLY: Data must be 1-dimensional, got ndarray of shape (3432, 1) instead
2024-11-09 09:03:57,273 - TradingSystem - ERROR - Error training model for PG: Data must be 1-dimensional, got ndarray of shape (3432, 1) instead
2024-11-09 09:03:57,277 - TradingSystem - ERROR - Error training model for ABBV: Data must be 1-dimensional, got ndarray of shape (3432, 1) instead
2024-11-09 09:03:58,100 - TradingSystem - ERROR - Error training model for PEP: Data must be 1-dimensional, got ndarray of shape (3432, 2) instead
2024-11-09 09:03:58,110 - TradingSystem - ERROR - Error training model for COST: Data must be 1-dimensional, got ndarray of shape (3432, 3) instead
2024-11-09 09:03:58,112 - TradingSystem - ERROR - Error training model for NKE: Data must be 1-dimensional, got ndarray of shape (3432, 3) instead
2024-11-09 09:03:58,115 - TradingSystem - ERROR - Error training model for WMT: Data must be 1-dimensional, got ndarray of shape (3432, 3) instead
2024-11-09 09:03:59,043 - TradingSystem - ERROR - Error training model for DIS: Data must be 1-dimensional, got ndarray of shape (3432, 2) instead
2024-11-09 09:03:59,048 - TradingSystem - ERROR - Error training model for MCD: Data must be 1-dimensional, got ndarray of shape (3432, 2) instead
2024-11-09 09:03:59,052 - TradingSystem - ERROR - Error training model for HD: Data must be 1-dimensional, got ndarray of shape (3432, 2) instead
2024-11-09 09:03:59,056 - TradingSystem - ERROR - Error training model for SBUX: Data must be 1-dimensional, got ndarray of shape (3432, 2) instead
2024-11-09 09:03:59,525 - TradingSystem - ERROR - Error training model for BA: Data must be 1-dimensional, got ndarray of shape (3432, 2) instead
2024-11-09 09:03:59,527 - TradingSystem - ERROR - Error training model for GE: Data must be 1-dimensional, got ndarray of shape (3432, 2) instead
2024-11-09 09:03:59,528 - TradingSystem - ERROR - Error training model for CAT: Data must be 1-dimensional, got ndarray of shape (3432, 2) instead
2024-11-09 09:03:59,532 - TradingSystem - ERROR - Error training model for HON: Data must be 1-dimensional, got ndarray of shape (3432, 2) instead
2024-11-09 09:04:00,084 - TradingSystem - ERROR - Error training model for RTX: Data must be 1-dimensional, got ndarray of shape (3432, 2) instead
2024-11-09 09:04:00,147 - TradingSystem - ERROR - Error training model for MMM: Data must be 1-dimensional, got ndarray of shape (3432, 2) instead
2024-11-09 09:04:00,156 - TradingSystem - ERROR - Error training model for UPS: Data must be 1-dimensional, got ndarray of shape (3432, 2) instead
2024-11-09 09:04:00,306 - TradingSystem - ERROR - Error training model for LMT: Data must be 1-dimensional, got ndarray of shape (3432, 2) instead
2024-11-09 09:04:00,314 - TradingSystem - ERROR - Error training model for DE: Data must be 1-dimensional, got ndarray of shape (3432, 1) instead
2024-11-09 09:04:00,601 - TradingSystem - ERROR - Error training model for CVX: Data must be 1-dimensional, got ndarray of shape (3432, 1) instead
2024-11-09 09:04:00,646 - TradingSystem - ERROR - Error training model for COP: Data must be 1-dimensional, got ndarray of shape (3432, 1) instead
2024-11-09 09:04:00,651 - TradingSystem - ERROR - Error training model for XOM: Data must be 1-dimensional, got ndarray of shape (3432, 1) instead
2024-11-09 09:04:00,655 - TradingSystem - ERROR - Error training model for FDX: Data must be 1-dimensional, got ndarray of shape (3432, 1) instead
2024-11-09 09:04:00,949 - TradingSystem - ERROR - Error training model for VLO: Data must be 1-dimensional, got ndarray of shape (3432, 1) instead
2024-11-09 09:04:00,952 - TradingSystem - ERROR - Error training model for EOG: Data must be 1-dimensional, got ndarray of shape (3432, 1) instead
2024-11-09 09:04:00,954 - TradingSystem - ERROR - Error training model for SLB: Data must be 1-dimensional, got ndarray of shape (3432, 1) instead
2024-11-09 09:04:00,956 - TradingSystem - ERROR - Error training model for PSX: Data must be 1-dimensional, got ndarray of shape (3432, 1) instead
2024-11-09 09:04:01,463 - TradingSystem - ERROR - Error training model for MPC: Data must be 1-dimensional, got ndarray of shape (3432, 1) instead
2024-11-09 09:04:01,506 - TradingSystem - ERROR - Error training model for VZ: Data must be 1-dimensional, got ndarray of shape (3432, 1) instead
2024-11-09 09:04:01,508 - TradingSystem - ERROR - Error training model for OXY: Data must be 1-dimensional, got ndarray of shape (3432, 1) instead
2024-11-09 09:04:01,512 - TradingSystem - ERROR - Error training model for T: Data must be 1-dimensional, got ndarray of shape (3432, 1) instead
2024-11-09 09:04:01,773 - TradingSystem - ERROR - Error training model for CRM: Data must be 1-dimensional, got ndarray of shape (3432, 1) instead
2024-11-09 09:04:01,775 - TradingSystem - ERROR - Error training model for TMUS: Data must be 1-dimensional, got ndarray of shape (3432, 2) instead
2024-11-09 09:04:01,781 - TradingSystem - ERROR - Error training model for CMCSA: Data must be 1-dimensional, got ndarray of shape (3432, 2) instead
2024-11-09 09:04:01,781 - TradingSystem - ERROR - Error training model for NFLX: Data must be 1-dimensional, got ndarray of shape (3432, 2) instead
2024-11-09 09:04:01,976 - TradingSystem - ERROR - Error training model for AMD: Data must be 1-dimensional, got ndarray of shape (3432, 1) instead
2024-11-09 09:04:01,981 - TradingSystem - ERROR - Error training model for INTC: Data must be 1-dimensional, got ndarray of shape (3432, 1) instead
2024-11-09 09:04:01,991 - TradingSystem - ERROR - Error training model for CSCO: Data must be 1-dimensional, got ndarray of shape (3432, 1) instead
2024-11-09 09:04:01,999 - TradingSystem - ERROR - Error training model for QCOM: Data must be 1-dimensional, got ndarray of shape (3432, 1) instead
2024-11-09 09:04:02,381 - TradingSystem - ERROR - Error training model for CCI: Data must be 1-dimensional, got ndarray of shape (3428, 1) instead
2024-11-09 09:04:02,396 - TradingSystem - ERROR - Error training model for SPG: Data must be 1-dimensional, got ndarray of shape (3428, 1) instead
2024-11-09 09:04:02,397 - TradingSystem - ERROR - Error training model for AMT: Data must be 1-dimensional, got ndarray of shape (3428, 1) instead
2024-11-09 09:04:02,403 - TradingSystem - ERROR - Error training model for PLD: Data must be 1-dimensional, got ndarray of shape (3428, 1) instead
2024-11-09 09:04:02,730 - TradingSystem - ERROR - Error training model for LIN: Data must be 1-dimensional, got ndarray of shape (3432, 1) instead
2024-11-09 09:04:02,734 - TradingSystem - ERROR - Error training model for FCX: Data must be 1-dimensional, got ndarray of shape (3432, 1) instead
2024-11-09 09:04:02,736 - TradingSystem - ERROR - Error training model for APD: Data must be 1-dimensional, got ndarray of shape (3432, 1) instead
2024-11-09 09:04:02,737 - TradingSystem - ERROR - Error training model for SHW: Data must be 1-dimensional, got ndarray of shape (3432, 1) instead
2024-11-09 09:04:03,263 - TradingSystem - ERROR - Error training model for DOW: Data must be 1-dimensional, got ndarray of shape (3432, 2) instead
2024-11-09 09:04:03,267 - TradingSystem - ERROR - Error training model for BRK-B: Data must be 1-dimensional, got ndarray of shape (3432, 2) instead
2024-11-09 09:04:03,268 - TradingSystem - ERROR - Error training model for SPY: Data must be 1-dimensional, got ndarray of shape (3432, 2) instead
2024-11-09 09:04:03,269 - TradingSystem - ERROR - Error training model for NEM: Data must be 1-dimensional, got ndarray of shape (3432, 2) instead
2024-11-09 09:04:03,405 - TradingSystem - ERROR - Error training model for EFA: Data must be 1-dimensional, got ndarray of shape (3432, 1) instead
2024-11-09 09:04:03,406 - TradingSystem - ERROR - Error training model for PRU: Data must be 1-dimensional, got ndarray of shape (3432, 1) instead
2024-11-09 09:04:03,412 - TradingSystem - ERROR - Error training model for IWM: Data must be 1-dimensional, got ndarray of shape (3432, 1) instead
2024-11-09 09:04:03,419 - TradingSystem - ERROR - Error training model for QQQ: Data must be 1-dimensional, got ndarray of shape (3432, 1) instead
2024-11-09 09:04:03,878 - TradingSystem - ERROR - Error training model for ALL: Data must be 1-dimensional, got ndarray of shape (3432, 1) instead
2024-11-09 09:04:03,881 - TradingSystem - ERROR - Error training model for TRV: Data must be 1-dimensional, got ndarray of shape (3432, 1) instead
2024-11-09 09:04:03,883 - TradingSystem - ERROR - Error training model for PYPL: Data must be 1-dimensional, got ndarray of shape (3432, 1) instead
2024-11-09 09:04:03,887 - TradingSystem - ERROR - Error training model for AIG: Data must be 1-dimensional, got ndarray of shape (3432, 1) instead
2024-11-09 09:04:04,120 - TradingSystem - ERROR - Error training model for ABNB: Data must be 1-dimensional, got ndarray of shape (3432, 1) instead
2024-11-09 09:04:04,128 - TradingSystem - ERROR - Error training model for ZM: Data must be 1-dimensional, got ndarray of shape (3432, 1) instead
2024-11-09 09:04:04,143 - TradingSystem - ERROR - Error training model for SQ: Data must be 1-dimensional, got ndarray of shape (3432, 1) instead
2024-11-09 09:04:04,147 - TradingSystem - ERROR - Error training model for UBER: Data must be 1-dimensional, got ndarray of shape (3432, 1) instead
2024-11-09 09:04:04,690 - TradingSystem - ERROR - Error training model for PINS: Data must be 1-dimensional, got ndarray of shape (3432, 1) instead
2024-11-09 09:04:04,691 - TradingSystem - ERROR - Error training model for SHOP: Data must be 1-dimensional, got ndarray of shape (3432, 1) instead
2024-11-09 09:04:04,692 - TradingSystem - ERROR - Error training model for SNAP: Data must be 1-dimensional, got ndarray of shape (3432, 1) instead
2024-11-09 09:04:04,694 - TradingSystem - ERROR - Error training model for U: Data must be 1-dimensional, got ndarray of shape (3432, 1) instead
2024-11-09 09:04:04,789 - TradingSystem - ERROR - Error training model for PLTR: Data must be 1-dimensional, got ndarray of shape (3432, 1) instead
2024-11-09 09:04:04,790 - TradingSystem - INFO - Market training completed successfully!
