2024-11-09 10:33:57,192 - TradingSystem - INFO - Logger initialized
2024-11-09 10:33:57,205 - TradingSystem - INFO - Starting market training with 98 tickers
2024-11-09 10:33:59,637 - TradingSystem - ERROR - Error training model for AMZN: Data must be 1-dimensional, got ndarray of shape (3420, 1) instead
2024-11-09 10:33:59,638 - TradingSystem - ERROR - Error training model for MSFT: Data must be 1-dimensional, got ndarray of shape (3420, 1) instead
2024-11-09 10:33:59,659 - TradingSystem - ERROR - Error training model for AAPL: Data must be 1-dimensional, got ndarray of shape (3420, 1) instead
2024-11-09 10:33:59,664 - TradingSystem - ERROR - Error training model for GOOGL: Data must be 1-dimensional, got ndarray of shape (3420, 1) instead
2024-11-09 10:34:00,273 - TradingSystem - ERROR - Error training model for TSM: Data must be 1-dimensional, got ndarray of shape (3420, 1) instead
2024-11-09 10:34:00,314 - TradingSystem - ERROR - Error training model for META: Data must be 1-dimensional, got ndarray of shape (3420, 2) instead
2024-11-09 10:34:00,337 - TradingSystem - ERROR - Error downloading data for AVGO: No objects to concatenate
2024-11-09 10:34:00,388 - TradingSystem - ERROR - Error training model for NVDA: Data must be 1-dimensional, got ndarray of shape (3420, 2) instead
2024-11-09 10:34:00,396 - TradingSystem - ERROR - Error training model for TSLA: Data must be 1-dimensional, got ndarray of shape (3420, 2) instead
2024-11-09 10:34:00,512 - TradingSystem - ERROR - Error training model for JPM: Data must be 1-dimensional, got ndarray of shape (3420, 1) instead
2024-11-09 10:34:00,523 - TradingSystem - ERROR - Error training model for V: Data must be 1-dimensional, got ndarray of shape (3420, 1) instead
2024-11-09 10:34:00,525 - TradingSystem - ERROR - Error training model for ORCL: Data must be 1-dimensional, got ndarray of shape (3420, 1) instead
2024-11-09 10:34:00,535 - TradingSystem - ERROR - Error training model for MA: Data must be 1-dimensional, got ndarray of shape (3420, 1) instead
2024-11-09 10:34:00,947 - TradingSystem - ERROR - Error training model for MS: Data must be 1-dimensional, got ndarray of shape (3420, 1) instead
2024-11-09 10:34:00,991 - TradingSystem - ERROR - Error training model for WFC: Data must be 1-dimensional, got ndarray of shape (3420, 1) instead
2024-11-09 10:34:01,179 - TradingSystem - ERROR - Error training model for BAC: Data must be 1-dimensional, got ndarray of shape (3420, 2) instead
2024-11-09 10:34:01,180 - TradingSystem - ERROR - Error training model for GS: Data must be 1-dimensional, got ndarray of shape (3420, 2) instead
2024-11-09 10:34:01,193 - TradingSystem - ERROR - Error training model for C: Data must be 1-dimensional, got ndarray of shape (3420, 1) instead
2024-11-09 10:34:01,207 - TradingSystem - ERROR - Error training model for BLK: Data must be 1-dimensional, got ndarray of shape (3420, 1) instead
2024-11-09 10:34:01,614 - TradingSystem - ERROR - Error training model for UNH: Data must be 1-dimensional, got ndarray of shape (3419, 1) instead
2024-11-09 10:34:01,644 - TradingSystem - ERROR - Error training model for JNJ: Data must be 1-dimensional, got ndarray of shape (3419, 1) instead
2024-11-09 10:34:01,645 - TradingSystem - ERROR - Error training model for PFE: Data must be 1-dimensional, got ndarray of shape (3419, 1) instead
2024-11-09 10:34:01,683 - TradingSystem - ERROR - Error training model for AXP: Data must be 1-dimensional, got ndarray of shape (3419, 1) instead
2024-11-09 10:34:01,767 - TradingSystem - ERROR - Error training model for MRK: Data must be 1-dimensional, got ndarray of shape (3420, 1) instead
2024-11-09 10:34:01,773 - TradingSystem - ERROR - Error downloading data for ABT: No objects to concatenate
2024-11-09 10:34:01,775 - TradingSystem - ERROR - Error downloading data for DHR: No objects to concatenate
2024-11-09 10:34:01,779 - TradingSystem - ERROR - Error downloading data for TMO: No objects to concatenate
2024-11-09 10:34:01,893 - TradingSystem - ERROR - Error training model for ABBV: Data must be 1-dimensional, got ndarray of shape (3420, 1) instead
2024-11-09 10:34:01,899 - TradingSystem - ERROR - Error training model for BMY: Data must be 1-dimensional, got ndarray of shape (3420, 1) instead
2024-11-09 10:34:01,906 - TradingSystem - ERROR - Error training model for PG: Data must be 1-dimensional, got ndarray of shape (3420, 1) instead
2024-11-09 10:34:01,907 - TradingSystem - ERROR - Error training model for LLY: Data must be 1-dimensional, got ndarray of shape (3420, 1) instead
2024-11-09 10:34:02,129 - TradingSystem - ERROR - Error training model for WMT: Data must be 1-dimensional, got ndarray of shape (3420, 2) instead
2024-11-09 10:34:02,139 - TradingSystem - ERROR - Error training model for PEP: Data must be 1-dimensional, got ndarray of shape (3420, 2) instead
2024-11-09 10:34:02,145 - TradingSystem - ERROR - Error training model for COST: Data must be 1-dimensional, got ndarray of shape (3420, 2) instead
2024-11-09 10:34:02,151 - TradingSystem - ERROR - Error training model for KO: Data must be 1-dimensional, got ndarray of shape (3420, 2) instead
2024-11-09 10:34:02,321 - TradingSystem - ERROR - Error training model for MCD: Data must be 1-dimensional, got ndarray of shape (3420, 1) instead
2024-11-09 10:34:02,322 - TradingSystem - ERROR - Error training model for NKE: Data must be 1-dimensional, got ndarray of shape (3420, 1) instead
2024-11-09 10:34:02,330 - TradingSystem - ERROR - Error training model for SBUX: Data must be 1-dimensional, got ndarray of shape (3420, 1) instead
2024-11-09 10:34:02,333 - TradingSystem - ERROR - Error training model for DIS: Data must be 1-dimensional, got ndarray of shape (3420, 1) instead
2024-11-09 10:34:02,640 - TradingSystem - ERROR - Error training model for HD: Data must be 1-dimensional, got ndarray of shape (3420, 3) instead
2024-11-09 10:34:02,647 - TradingSystem - ERROR - Error training model for HON: Data must be 1-dimensional, got ndarray of shape (3420, 3) instead
2024-11-09 10:34:02,664 - TradingSystem - ERROR - Error training model for BA: Data must be 1-dimensional, got ndarray of shape (3420, 3) instead
2024-11-09 10:34:02,665 - TradingSystem - ERROR - Error training model for CAT: Data must be 1-dimensional, got ndarray of shape (3420, 3) instead
2024-11-09 10:34:02,681 - TradingSystem - ERROR - Error training model for GE: Data must be 1-dimensional, got ndarray of shape (3420, 1) instead
2024-11-09 10:34:02,966 - TradingSystem - ERROR - Error training model for UPS: Data must be 1-dimensional, got ndarray of shape (3419, 1) instead
2024-11-09 10:34:02,976 - TradingSystem - ERROR - Error training model for MMM: Data must be 1-dimensional, got ndarray of shape (3419, 1) instead
2024-11-09 10:34:02,977 - TradingSystem - ERROR - Error training model for LMT: Data must be 1-dimensional, got ndarray of shape (3419, 1) instead
2024-11-09 10:34:02,984 - TradingSystem - ERROR - Error training model for RTX: Data must be 1-dimensional, got ndarray of shape (3419, 1) instead
2024-11-09 10:34:03,308 - TradingSystem - ERROR - Error training model for XOM: Data must be 1-dimensional, got ndarray of shape (3420, 2) instead
2024-11-09 10:34:03,313 - TradingSystem - ERROR - Error training model for CVX: Data must be 1-dimensional, got ndarray of shape (3420, 2) instead
2024-11-09 10:34:03,320 - TradingSystem - ERROR - Error training model for DE: Data must be 1-dimensional, got ndarray of shape (3420, 2) instead
2024-11-09 10:34:03,320 - TradingSystem - ERROR - Error training model for FDX: Data must be 1-dimensional, got ndarray of shape (3420, 2) instead
2024-11-09 10:34:03,552 - TradingSystem - ERROR - Error training model for PSX: Data must be 1-dimensional, got ndarray of shape (3420, 1) instead
2024-11-09 10:34:03,555 - TradingSystem - ERROR - Error training model for SLB: Data must be 1-dimensional, got ndarray of shape (3420, 1) instead
2024-11-09 10:34:03,567 - TradingSystem - ERROR - Error training model for COP: Data must be 1-dimensional, got ndarray of shape (3420, 1) instead
2024-11-09 10:34:03,572 - TradingSystem - ERROR - Error training model for EOG: Data must be 1-dimensional, got ndarray of shape (3420, 1) instead
2024-11-09 10:34:03,819 - TradingSystem - ERROR - Error training model for T: Data must be 1-dimensional, got ndarray of shape (3420, 1) instead
2024-11-09 10:34:03,849 - TradingSystem - ERROR - Error training model for VLO: Data must be 1-dimensional, got ndarray of shape (3420, 1) instead
2024-11-09 10:34:03,858 - TradingSystem - ERROR - Error training model for MPC: Data must be 1-dimensional, got ndarray of shape (3420, 2) instead
2024-11-09 10:34:03,864 - TradingSystem - ERROR - Error training model for OXY: Data must be 1-dimensional, got ndarray of shape (3420, 2) instead
2024-11-09 10:34:04,307 - TradingSystem - ERROR - Error training model for NFLX: Data must be 1-dimensional, got ndarray of shape (3420, 1) instead
2024-11-09 10:34:04,388 - TradingSystem - ERROR - Error training model for VZ: Data must be 1-dimensional, got ndarray of shape (3420, 2) instead
2024-11-09 10:34:04,397 - TradingSystem - ERROR - Error training model for TMUS: Data must be 1-dimensional, got ndarray of shape (3420, 2) instead
2024-11-09 10:34:04,398 - TradingSystem - ERROR - Error training model for CMCSA: Data must be 1-dimensional, got ndarray of shape (3420, 2) instead
2024-11-09 10:34:04,410 - TradingSystem - ERROR - Error training model for CRM: Data must be 1-dimensional, got ndarray of shape (3420, 2) instead
2024-11-09 10:34:04,688 - TradingSystem - ERROR - Error training model for QCOM: Data must be 1-dimensional, got ndarray of shape (3420, 1) instead
2024-11-09 10:34:04,690 - TradingSystem - ERROR - Error training model for AMD: Data must be 1-dimensional, got ndarray of shape (3420, 1) instead
2024-11-09 10:34:04,692 - TradingSystem - ERROR - Error training model for CSCO: Data must be 1-dimensional, got ndarray of shape (3420, 1) instead
2024-11-09 10:34:04,699 - TradingSystem - ERROR - Error training model for INTC: Data must be 1-dimensional, got ndarray of shape (3420, 1) instead
2024-11-09 10:34:05,010 - TradingSystem - ERROR - Error training model for CCI: Data must be 1-dimensional, got ndarray of shape (3420, 1) instead
2024-11-09 10:34:05,073 - TradingSystem - ERROR - Error training model for AMT: Data must be 1-dimensional, got ndarray of shape (3420, 1) instead
2024-11-09 10:34:05,077 - TradingSystem - ERROR - Error training model for SPG: Data must be 1-dimensional, got ndarray of shape (3420, 1) instead
2024-11-09 10:34:05,104 - TradingSystem - ERROR - Error training model for PLD: Data must be 1-dimensional, got ndarray of shape (3420, 1) instead
2024-11-09 10:34:05,402 - TradingSystem - ERROR - Error downloading data for APD: No objects to concatenate
2024-11-09 10:34:05,438 - TradingSystem - ERROR - Error training model for LIN: Data must be 1-dimensional, got ndarray of shape (3420, 2) instead
2024-11-09 10:34:05,731 - TradingSystem - ERROR - Error training model for FCX: Data must be 1-dimensional, got ndarray of shape (3415, 1) instead
2024-11-09 10:34:05,756 - TradingSystem - ERROR - Error training model for NEM: Data must be 1-dimensional, got ndarray of shape (3415, 1) instead
2024-11-09 10:34:05,796 - TradingSystem - ERROR - Error training model for DOW: Data must be 1-dimensional, got ndarray of shape (3415, 1) instead
2024-11-09 10:34:05,801 - TradingSystem - ERROR - Error training model for SHW: Data must be 1-dimensional, got ndarray of shape (3415, 1) instead
2024-11-09 10:34:05,820 - TradingSystem - ERROR - Error training model for BRK-B: Data must be 1-dimensional, got ndarray of shape (3416, 1) instead
2024-11-09 10:34:05,820 - TradingSystem - ERROR - Error training model for SPY: Data must be 1-dimensional, got ndarray of shape (3420, 1) instead
2024-11-09 10:34:06,020 - TradingSystem - ERROR - Error training model for EFA: Data must be 1-dimensional, got ndarray of shape (3420, 1) instead
2024-11-09 10:34:06,026 - TradingSystem - ERROR - Error training model for IWM: Data must be 1-dimensional, got ndarray of shape (3420, 1) instead
2024-11-09 10:34:06,030 - TradingSystem - ERROR - Error training model for PRU: Data must be 1-dimensional, got ndarray of shape (3420, 1) instead
2024-11-09 10:34:06,031 - TradingSystem - ERROR - Error training model for QQQ: Data must be 1-dimensional, got ndarray of shape (3420, 1) instead
2024-11-09 10:34:06,401 - TradingSystem - ERROR - Error training model for TRV: Data must be 1-dimensional, got ndarray of shape (3420, 2) instead
2024-11-09 10:34:06,420 - TradingSystem - ERROR - Error training model for ALL: Data must be 1-dimensional, got ndarray of shape (3420, 2) instead
2024-11-09 10:34:06,424 - TradingSystem - ERROR - Error training model for PYPL: Data must be 1-dimensional, got ndarray of shape (3420, 2) instead
2024-11-09 10:34:06,432 - TradingSystem - ERROR - Error training model for AIG: Data must be 1-dimensional, got ndarray of shape (3420, 2) instead
2024-11-09 10:34:06,585 - TradingSystem - ERROR - Error training model for ZM: Data must be 1-dimensional, got ndarray of shape (3420, 1) instead
2024-11-09 10:34:06,601 - TradingSystem - ERROR - Error training model for SQ: Data must be 1-dimensional, got ndarray of shape (3420, 1) instead
2024-11-09 10:34:06,605 - TradingSystem - ERROR - Error training model for UBER: Data must be 1-dimensional, got ndarray of shape (3420, 1) instead
2024-11-09 10:34:06,608 - TradingSystem - ERROR - Error training model for ABNB: Data must be 1-dimensional, got ndarray of shape (3420, 1) instead
2024-11-09 10:34:06,871 - TradingSystem - ERROR - Error training model for U: Data must be 1-dimensional, got ndarray of shape (3420, 1) instead
2024-11-09 10:34:06,872 - TradingSystem - ERROR - Error training model for SNAP: Data must be 1-dimensional, got ndarray of shape (3420, 1) instead
2024-11-09 10:34:06,890 - TradingSystem - ERROR - Error training model for PINS: Data must be 1-dimensional, got ndarray of shape (3420, 2) instead
2024-11-09 10:34:06,892 - TradingSystem - ERROR - Error training model for SHOP: Data must be 1-dimensional, got ndarray of shape (3420, 2) instead
2024-11-09 10:34:07,055 - TradingSystem - ERROR - Error training model for PLTR: Data must be 1-dimensional, got ndarray of shape (3420, 1) instead
2024-11-09 10:34:07,064 - TradingSystem - INFO - Market training completed successfully!
