2024-11-08 20:10:37,262 - TradingSystem - INFO - Logger initialized
2024-11-08 20:10:37,268 - TradingSystem - INFO - Starting market training with 100 tickers
2024-11-08 20:10:47,870 - TradingSystem - ERROR - Error training model for AMZN: Data must be 1-dimensional, got ndarray of shape (3357, 1) instead
2024-11-08 20:10:47,875 - TradingSystem - ERROR - Error training model for AAPL: Data must be 1-dimensional, got ndarray of shape (3357, 3) instead
2024-11-08 20:10:47,879 - TradingSystem - ERROR - Error training model for GOOGL: Data must be 1-dimensional, got ndarray of shape (3357, 4) instead
2024-11-08 20:10:47,882 - TradingSystem - ERROR - Error training model for MSFT: Data must be 1-dimensional, got ndarray of shape (3357, 4) instead
2024-11-08 20:10:49,248 - TradingSystem - ERROR - Error training model for NVDA: Data must be 1-dimensional, got ndarray of shape (3357, 1) instead
2024-11-08 20:10:49,638 - TradingSystem - ERROR - Error training model for META: Data must be 1-dimensional, got ndarray of shape (3357, 3) instead
2024-11-08 20:10:49,643 - TradingSystem - ERROR - Error training model for TSM: Data must be 1-dimensional, got ndarray of shape (3357, 4) instead
2024-11-08 20:10:49,662 - TradingSystem - ERROR - Error training model for TSLA: Data must be 1-dimensional, got ndarray of shape (3357, 4) instead
2024-11-08 20:10:50,184 - TradingSystem - ERROR - Error training model for JPM: Data must be 1-dimensional, got ndarray of shape (3357, 1) instead
2024-11-08 20:10:50,189 - TradingSystem - ERROR - Error training model for V: Data must be 1-dimensional, got ndarray of shape (3357, 1) instead
2024-11-08 20:10:50,194 - TradingSystem - ERROR - Error training model for ORCL: Data must be 1-dimensional, got ndarray of shape (3357, 1) instead
2024-11-08 20:10:50,198 - TradingSystem - ERROR - Error training model for AVGO: Data must be 1-dimensional, got ndarray of shape (3357, 1) instead
2024-11-08 20:10:50,743 - TradingSystem - ERROR - Error training model for BAC: Data must be 1-dimensional, got ndarray of shape (3357, 3) instead
2024-11-08 20:10:50,749 - TradingSystem - ERROR - Error training model for MA: Data must be 1-dimensional, got ndarray of shape (3357, 3) instead
2024-11-08 20:10:50,757 - TradingSystem - ERROR - Error training model for MS: Data must be 1-dimensional, got ndarray of shape (3357, 3) instead
2024-11-08 20:10:50,770 - TradingSystem - ERROR - Error training model for WFC: Data must be 1-dimensional, got ndarray of shape (3357, 3) instead
2024-11-08 20:10:51,030 - TradingSystem - ERROR - Error training model for AXP: Data must be 1-dimensional, got ndarray of shape (3357, 1) instead
2024-11-08 20:10:51,046 - TradingSystem - ERROR - Error training model for C: Data must be 1-dimensional, got ndarray of shape (3357, 1) instead
2024-11-08 20:10:51,052 - TradingSystem - ERROR - Error training model for GS: Data must be 1-dimensional, got ndarray of shape (3357, 1) instead
2024-11-08 20:10:51,053 - TradingSystem - ERROR - Error training model for BLK: Data must be 1-dimensional, got ndarray of shape (3357, 1) instead
2024-11-08 20:10:51,654 - TradingSystem - ERROR - Error training model for JNJ: Data must be 1-dimensional, got ndarray of shape (3356, 1) instead
2024-11-08 20:10:51,858 - TradingSystem - ERROR - Error training model for ABT: Data must be 1-dimensional, got ndarray of shape (3357, 1) instead
2024-11-08 20:10:51,893 - TradingSystem - ERROR - Error training model for PFE: Data must be 1-dimensional, got ndarray of shape (3357, 3) instead
2024-11-08 20:10:51,903 - TradingSystem - ERROR - Error training model for MRK: Data must be 1-dimensional, got ndarray of shape (3357, 2) instead
2024-11-08 20:10:51,915 - TradingSystem - ERROR - Error training model for UNH: Data must be 1-dimensional, got ndarray of shape (3357, 3) instead
2024-11-08 20:10:52,395 - TradingSystem - ERROR - Error training model for BMY: Data must be 1-dimensional, got ndarray of shape (3357, 2) instead
2024-11-08 20:10:52,395 - TradingSystem - ERROR - Error training model for DHR: Data must be 1-dimensional, got ndarray of shape (3357, 2) instead
2024-11-08 20:10:52,395 - TradingSystem - ERROR - Error training model for LLY: Data must be 1-dimensional, got ndarray of shape (3357, 2) instead
2024-11-08 20:10:52,397 - TradingSystem - ERROR - Error training model for TMO: Data must be 1-dimensional, got ndarray of shape (3357, 2) instead
2024-11-08 20:10:52,773 - TradingSystem - ERROR - Error training model for PEP: Data must be 1-dimensional, got ndarray of shape (3357, 1) instead
2024-11-08 20:10:52,777 - TradingSystem - ERROR - Error training model for ABBV: Data must be 1-dimensional, got ndarray of shape (3357, 1) instead
2024-11-08 20:10:52,788 - TradingSystem - ERROR - Error training model for KO: Data must be 1-dimensional, got ndarray of shape (3357, 1) instead
2024-11-08 20:10:52,791 - TradingSystem - ERROR - Error training model for PG: Data must be 1-dimensional, got ndarray of shape (3357, 1) instead
2024-11-08 20:10:53,278 - TradingSystem - ERROR - Error training model for WMT: Data must be 1-dimensional, got ndarray of shape (3357, 1) instead
2024-11-08 20:10:53,471 - TradingSystem - ERROR - Error training model for NKE: Data must be 1-dimensional, got ndarray of shape (3357, 1) instead
2024-11-08 20:10:53,473 - TradingSystem - ERROR - Error training model for COST: Data must be 1-dimensional, got ndarray of shape (3357, 1) instead
2024-11-08 20:10:53,485 - TradingSystem - ERROR - Error training model for MCD: Data must be 1-dimensional, got ndarray of shape (3357, 1) instead
2024-11-08 20:10:53,647 - TradingSystem - ERROR - Error training model for SBUX: Data must be 1-dimensional, got ndarray of shape (3357, 1) instead
2024-11-08 20:10:54,244 - TradingSystem - ERROR - Error training model for HD: Data must be 1-dimensional, got ndarray of shape (3357, 1) instead
2024-11-08 20:10:54,258 - TradingSystem - ERROR - Error training model for DIS: Data must be 1-dimensional, got ndarray of shape (3357, 1) instead
2024-11-08 20:10:54,259 - TradingSystem - ERROR - Error training model for BA: Data must be 1-dimensional, got ndarray of shape (3357, 2) instead
2024-11-08 20:10:54,261 - TradingSystem - ERROR - Error training model for CAT: Data must be 1-dimensional, got ndarray of shape (3357, 2) instead
2024-11-08 20:10:54,869 - TradingSystem - ERROR - Error training model for MMM: Data must be 1-dimensional, got ndarray of shape (3357, 1) instead
2024-11-08 20:10:54,879 - TradingSystem - ERROR - Error training model for UPS: Data must be 1-dimensional, got ndarray of shape (3357, 1) instead
2024-11-08 20:10:54,880 - TradingSystem - ERROR - Error training model for GE: Data must be 1-dimensional, got ndarray of shape (3357, 1) instead
2024-11-08 20:10:54,892 - TradingSystem - ERROR - Error training model for HON: Data must be 1-dimensional, got ndarray of shape (3357, 1) instead
2024-11-08 20:10:55,435 - TradingSystem - ERROR - Error training model for FDX: Data must be 1-dimensional, got ndarray of shape (3357, 1) instead
2024-11-08 20:10:55,438 - TradingSystem - ERROR - Error training model for LMT: Data must be 1-dimensional, got ndarray of shape (3357, 1) instead
2024-11-08 20:10:55,441 - TradingSystem - ERROR - Error training model for DE: Data must be 1-dimensional, got ndarray of shape (3357, 1) instead
2024-11-08 20:10:55,449 - TradingSystem - ERROR - Error training model for RTX: Data must be 1-dimensional, got ndarray of shape (3357, 1) instead
2024-11-08 20:10:55,614 - TradingSystem - ERROR - Error training model for SLB: Data must be 1-dimensional, got ndarray of shape (3357, 2) instead
2024-11-08 20:10:55,615 - TradingSystem - ERROR - Error training model for CVX: Data must be 1-dimensional, got ndarray of shape (3357, 2) instead
2024-11-08 20:10:55,617 - TradingSystem - ERROR - Error training model for XOM: Data must be 1-dimensional, got ndarray of shape (3357, 2) instead
2024-11-08 20:10:55,618 - TradingSystem - ERROR - Error training model for COP: Data must be 1-dimensional, got ndarray of shape (3357, 2) instead
2024-11-08 20:10:56,087 - TradingSystem - ERROR - Error training model for VLO: Data must be 1-dimensional, got ndarray of shape (3357, 1) instead
2024-11-08 20:10:56,223 - TradingSystem - ERROR - Error training model for EOG: Data must be 1-dimensional, got ndarray of shape (3357, 2) instead
2024-11-08 20:10:56,238 - TradingSystem - ERROR - Error training model for PXD: Data must be 1-dimensional, got ndarray of shape (3357, 2) instead
2024-11-08 20:10:56,246 - TradingSystem - ERROR - Error training model for PSX: Data must be 1-dimensional, got ndarray of shape (3357, 2) instead
2024-11-08 20:10:56,484 - TradingSystem - ERROR - Error training model for VZ: Data must be 1-dimensional, got ndarray of shape (3357, 2) instead
2024-11-08 20:10:56,491 - TradingSystem - ERROR - Error training model for OXY: Data must be 1-dimensional, got ndarray of shape (3357, 2) instead
2024-11-08 20:10:56,516 - TradingSystem - ERROR - Error training model for T: Data must be 1-dimensional, got ndarray of shape (3357, 2) instead
2024-11-08 20:10:56,531 - TradingSystem - ERROR - Error training model for MPC: Data must be 1-dimensional, got ndarray of shape (3357, 2) instead
2024-11-08 20:10:56,683 - TradingSystem - ERROR - Error training model for CMCSA: Data must be 1-dimensional, got ndarray of shape (3357, 1) instead
2024-11-08 20:10:56,775 - TradingSystem - ERROR - Error training model for NFLX: Data must be 1-dimensional, got ndarray of shape (3357, 1) instead
2024-11-08 20:10:56,786 - TradingSystem - ERROR - Error training model for TMUS: Data must be 1-dimensional, got ndarray of shape (3357, 1) instead
2024-11-08 20:10:56,802 - TradingSystem - ERROR - Error training model for CRM: Data must be 1-dimensional, got ndarray of shape (3357, 1) instead
2024-11-08 20:10:56,840 - TradingSystem - ERROR - Error training model for CSCO: Data must be 1-dimensional, got ndarray of shape (3357, 1) instead
2024-11-08 20:10:56,860 - TradingSystem - ERROR - Error downloading data for QCOM: No objects to concatenate
2024-11-08 20:10:56,895 - TradingSystem - ERROR - Error training model for AMD: Data must be 1-dimensional, got ndarray of shape (3357, 1) instead
2024-11-08 20:10:56,903 - TradingSystem - ERROR - Error training model for INTC: Data must be 1-dimensional, got ndarray of shape (3357, 1) instead
2024-11-08 20:10:57,335 - TradingSystem - ERROR - Error training model for AMT: Data must be 1-dimensional, got ndarray of shape (3357, 1) instead
2024-11-08 20:10:57,343 - TradingSystem - ERROR - Error training model for SPG: Data must be 1-dimensional, got ndarray of shape (3357, 1) instead
2024-11-08 20:10:57,359 - TradingSystem - ERROR - Error training model for CCI: Data must be 1-dimensional, got ndarray of shape (3357, 1) instead
2024-11-08 20:10:57,359 - TradingSystem - ERROR - Error training model for PLD: Data must be 1-dimensional, got ndarray of shape (3357, 1) instead
2024-11-08 20:10:57,600 - TradingSystem - ERROR - Error training model for APD: Data must be 1-dimensional, got ndarray of shape (3353, 1) instead
2024-11-08 20:10:57,603 - TradingSystem - ERROR - Error training model for FCX: Data must be 1-dimensional, got ndarray of shape (3353, 1) instead
2024-11-08 20:10:57,609 - TradingSystem - ERROR - Error training model for LIN: Data must be 1-dimensional, got ndarray of shape (3353, 1) instead
2024-11-08 20:10:57,612 - TradingSystem - ERROR - Error training model for SHW: Data must be 1-dimensional, got ndarray of shape (3353, 1) instead
2024-11-08 20:10:57,895 - TradingSystem - ERROR - Error training model for DOW: Data must be 1-dimensional, got ndarray of shape (3357, 2) instead
2024-11-08 20:10:57,896 - TradingSystem - ERROR - Error training model for BRK-B: Data must be 1-dimensional, got ndarray of shape (3357, 2) instead
2024-11-08 20:10:57,900 - TradingSystem - ERROR - Error training model for SPY: Data must be 1-dimensional, got ndarray of shape (3357, 2) instead
2024-11-08 20:10:57,907 - TradingSystem - ERROR - Error training model for NEM: Data must be 1-dimensional, got ndarray of shape (3357, 2) instead
2024-11-08 20:10:58,953 - TradingSystem - ERROR - Error training model for PRU: Data must be 1-dimensional, got ndarray of shape (3357, 1) instead
2024-11-08 20:10:58,957 - TradingSystem - ERROR - Error training model for EFA: Data must be 1-dimensional, got ndarray of shape (3357, 2) instead
2024-11-08 20:10:59,004 - TradingSystem - ERROR - Error training model for IWM: Data must be 1-dimensional, got ndarray of shape (3357, 2) instead
2024-11-08 20:10:59,010 - TradingSystem - ERROR - Error training model for QQQ: Data must be 1-dimensional, got ndarray of shape (3357, 2) instead
2024-11-08 20:11:04,531 - TradingSystem - WARNING - Insufficient data for MET
2024-11-08 20:11:04,532 - TradingSystem - ERROR - Error downloading data for TRV: No objects to concatenate
2024-11-08 20:11:04,534 - TradingSystem - ERROR - Error downloading data for AIG: No objects to concatenate
2024-11-08 20:11:04,536 - TradingSystem - ERROR - Error downloading data for ALL: No objects to concatenate
2024-11-08 20:11:05,197 - TradingSystem - ERROR - Error training model for SQ: Data must be 1-dimensional, got ndarray of shape (3356, 1) instead
2024-11-08 20:11:05,198 - TradingSystem - ERROR - Error training model for PYPL: Data must be 1-dimensional, got ndarray of shape (3356, 1) instead
2024-11-08 20:11:05,201 - TradingSystem - ERROR - Error training model for UBER: Data must be 1-dimensional, got ndarray of shape (3356, 1) instead
2024-11-08 20:11:05,207 - TradingSystem - ERROR - Error training model for ABNB: Data must be 1-dimensional, got ndarray of shape (3356, 1) instead
2024-11-08 20:11:05,522 - TradingSystem - ERROR - Error training model for PINS: Data must be 1-dimensional, got ndarray of shape (3357, 1) instead
2024-11-08 20:11:05,526 - TradingSystem - ERROR - Error training model for SHOP: Data must be 1-dimensional, got ndarray of shape (3357, 1) instead
2024-11-08 20:11:05,526 - TradingSystem - ERROR - Error training model for SNAP: Data must be 1-dimensional, got ndarray of shape (3357, 1) instead
2024-11-08 20:11:05,534 - TradingSystem - ERROR - Error training model for ZM: Data must be 1-dimensional, got ndarray of shape (3357, 1) instead
2024-11-08 20:11:05,767 - TradingSystem - ERROR - Error training model for PLTR: Data must be 1-dimensional, got ndarray of shape (3357, 1) instead
2024-11-08 20:11:05,768 - TradingSystem - ERROR - Error training model for U: Data must be 1-dimensional, got ndarray of shape (3357, 1) instead
2024-11-08 20:11:05,775 - TradingSystem - INFO - Market training completed successfully!
