2024-11-09 10:21:22,597 - TradingSystem - INFO - Logger initialized
2024-11-09 10:21:22,660 - TradingSystem - INFO - Starting market training with 98 tickers
2024-11-09 10:21:28,960 - TradingSystem - ERROR - Error training model for MSFT: Data must be 1-dimensional, got ndarray of shape (3422, 2) instead
2024-11-09 10:21:28,962 - TradingSystem - ERROR - Error training model for GOOGL: Data must be 1-dimensional, got ndarray of shape (3422, 2) instead
2024-11-09 10:21:28,964 - TradingSystem - ERROR - Error training model for AMZN: Data must be 1-dimensional, got ndarray of shape (3422, 2) instead
2024-11-09 10:21:28,966 - TradingSystem - ERROR - Error training model for AAPL: Data must be 1-dimensional, got ndarray of shape (3422, 2) instead
2024-11-09 10:21:30,062 - TradingSystem - ERROR - Error training model for TSM: Data must be 1-dimensional, got ndarray of shape (3422, 2) instead
2024-11-09 10:21:30,087 - TradingSystem - ERROR - Error training model for TSLA: Data must be 1-dimensional, got ndarray of shape (3422, 2) instead
2024-11-09 10:21:30,102 - TradingSystem - ERROR - Error training model for META: Data must be 1-dimensional, got ndarray of shape (3422, 2) instead
2024-11-09 10:21:30,104 - TradingSystem - ERROR - Error training model for NVDA: Data must be 1-dimensional, got ndarray of shape (3422, 2) instead
2024-11-09 10:21:31,101 - TradingSystem - ERROR - Error training model for V: Data must be 1-dimensional, got ndarray of shape (3422, 1) instead
2024-11-09 10:21:31,282 - TradingSystem - ERROR - Error training model for JPM: Data must be 1-dimensional, got ndarray of shape (3422, 4) instead
2024-11-09 10:21:31,323 - TradingSystem - ERROR - Error training model for ORCL: Data must be 1-dimensional, got ndarray of shape (3422, 4) instead
2024-11-09 10:21:31,331 - TradingSystem - ERROR - Error training model for AVGO: Data must be 1-dimensional, got ndarray of shape (3422, 4) instead
2024-11-09 10:21:31,711 - TradingSystem - ERROR - Error training model for WFC: Data must be 1-dimensional, got ndarray of shape (3422, 1) instead
2024-11-09 10:21:31,758 - TradingSystem - ERROR - Error training model for MS: Data must be 1-dimensional, got ndarray of shape (3422, 1) instead
2024-11-09 10:21:31,816 - TradingSystem - ERROR - Error training model for MA: Data must be 1-dimensional, got ndarray of shape (3422, 1) instead
2024-11-09 10:21:31,836 - TradingSystem - ERROR - Error training model for BAC: Data must be 1-dimensional, got ndarray of shape (3422, 1) instead
2024-11-09 10:21:32,030 - TradingSystem - ERROR - Error training model for BLK: Data must be 1-dimensional, got ndarray of shape (3422, 2) instead
2024-11-09 10:21:32,244 - TradingSystem - ERROR - Error training model for GS: Data must be 1-dimensional, got ndarray of shape (3422, 2) instead
2024-11-09 10:21:32,275 - TradingSystem - ERROR - Error training model for AXP: Data must be 1-dimensional, got ndarray of shape (3422, 2) instead
2024-11-09 10:21:32,279 - TradingSystem - ERROR - Error training model for C: Data must be 1-dimensional, got ndarray of shape (3422, 2) instead
2024-11-09 10:21:32,603 - TradingSystem - ERROR - Error training model for JNJ: Data must be 1-dimensional, got ndarray of shape (3422, 1) instead
2024-11-09 10:21:32,609 - TradingSystem - ERROR - Error training model for MRK: Data must be 1-dimensional, got ndarray of shape (3422, 1) instead
2024-11-09 10:21:32,616 - TradingSystem - ERROR - Error training model for PFE: Data must be 1-dimensional, got ndarray of shape (3422, 1) instead
2024-11-09 10:21:32,618 - TradingSystem - ERROR - Error training model for UNH: Data must be 1-dimensional, got ndarray of shape (3422, 1) instead
2024-11-09 10:21:32,956 - TradingSystem - ERROR - Error training model for DHR: Data must be 1-dimensional, got ndarray of shape (3422, 1) instead
2024-11-09 10:21:33,039 - TradingSystem - ERROR - Error training model for ABT: Data must be 1-dimensional, got ndarray of shape (3422, 1) instead
2024-11-09 10:21:33,073 - TradingSystem - ERROR - Error training model for BMY: Data must be 1-dimensional, got ndarray of shape (3422, 1) instead
2024-11-09 10:21:33,094 - TradingSystem - ERROR - Error training model for TMO: Data must be 1-dimensional, got ndarray of shape (3422, 1) instead
2024-11-09 10:21:33,428 - TradingSystem - ERROR - Error training model for KO: Data must be 1-dimensional, got ndarray of shape (3422, 1) instead
2024-11-09 10:21:33,500 - TradingSystem - ERROR - Error training model for ABBV: Data must be 1-dimensional, got ndarray of shape (3422, 2) instead
2024-11-09 10:21:33,502 - TradingSystem - ERROR - Error training model for PG: Data must be 1-dimensional, got ndarray of shape (3422, 1) instead
2024-11-09 10:21:33,561 - TradingSystem - ERROR - Error training model for LLY: Data must be 1-dimensional, got ndarray of shape (3422, 3) instead
2024-11-09 10:21:34,212 - TradingSystem - ERROR - Error training model for PEP: Data must be 1-dimensional, got ndarray of shape (3422, 2) instead
2024-11-09 10:21:34,220 - TradingSystem - ERROR - Error training model for NKE: Data must be 1-dimensional, got ndarray of shape (3422, 2) instead
2024-11-09 10:21:34,231 - TradingSystem - ERROR - Error training model for WMT: Data must be 1-dimensional, got ndarray of shape (3422, 2) instead
2024-11-09 10:21:34,246 - TradingSystem - ERROR - Error training model for COST: Data must be 1-dimensional, got ndarray of shape (3422, 2) instead
2024-11-09 10:21:34,509 - TradingSystem - ERROR - Error training model for HD: Data must be 1-dimensional, got ndarray of shape (3422, 1) instead
2024-11-09 10:21:34,563 - TradingSystem - ERROR - Error training model for SBUX: Data must be 1-dimensional, got ndarray of shape (3422, 1) instead
2024-11-09 10:21:34,569 - TradingSystem - ERROR - Error training model for MCD: Data must be 1-dimensional, got ndarray of shape (3422, 1) instead
2024-11-09 10:21:34,593 - TradingSystem - ERROR - Error training model for DIS: Data must be 1-dimensional, got ndarray of shape (3422, 1) instead
2024-11-09 10:21:34,882 - TradingSystem - ERROR - Error training model for BA: Data must be 1-dimensional, got ndarray of shape (3422, 2) instead
2024-11-09 10:21:35,097 - TradingSystem - ERROR - Error training model for GE: Data must be 1-dimensional, got ndarray of shape (3422, 2) instead
2024-11-09 10:21:35,117 - TradingSystem - ERROR - Error training model for HON: Data must be 1-dimensional, got ndarray of shape (3422, 2) instead
2024-11-09 10:21:35,130 - TradingSystem - ERROR - Error training model for CAT: Data must be 1-dimensional, got ndarray of shape (3422, 2) instead
2024-11-09 10:21:35,779 - TradingSystem - ERROR - Error training model for RTX: Data must be 1-dimensional, got ndarray of shape (3422, 3) instead
2024-11-09 10:21:35,841 - TradingSystem - ERROR - Error training model for UPS: Data must be 1-dimensional, got ndarray of shape (3422, 3) instead
2024-11-09 10:21:35,849 - TradingSystem - ERROR - Error training model for MMM: Data must be 1-dimensional, got ndarray of shape (3422, 3) instead
2024-11-09 10:21:35,859 - TradingSystem - ERROR - Error training model for LMT: Data must be 1-dimensional, got ndarray of shape (3422, 3) instead
2024-11-09 10:21:36,233 - TradingSystem - ERROR - Error training model for XOM: Data must be 1-dimensional, got ndarray of shape (3422, 2) instead
2024-11-09 10:21:36,297 - TradingSystem - ERROR - Error training model for CVX: Data must be 1-dimensional, got ndarray of shape (3422, 3) instead
2024-11-09 10:21:36,314 - TradingSystem - ERROR - Error training model for FDX: Data must be 1-dimensional, got ndarray of shape (3422, 3) instead
2024-11-09 10:21:36,318 - TradingSystem - ERROR - Error training model for DE: Data must be 1-dimensional, got ndarray of shape (3422, 3) instead
2024-11-09 10:21:37,312 - TradingSystem - ERROR - Error training model for EOG: Data must be 1-dimensional, got ndarray of shape (3422, 4) instead
2024-11-09 10:21:37,360 - TradingSystem - ERROR - Error training model for PSX: Data must be 1-dimensional, got ndarray of shape (3422, 4) instead
2024-11-09 10:21:37,363 - TradingSystem - ERROR - Error training model for SLB: Data must be 1-dimensional, got ndarray of shape (3422, 4) instead
2024-11-09 10:21:37,396 - TradingSystem - ERROR - Error training model for COP: Data must be 1-dimensional, got ndarray of shape (3422, 4) instead
2024-11-09 10:21:37,783 - TradingSystem - ERROR - Error training model for MPC: Data must be 1-dimensional, got ndarray of shape (3422, 2) instead
2024-11-09 10:21:37,840 - TradingSystem - ERROR - Error training model for T: Data must be 1-dimensional, got ndarray of shape (3422, 2) instead
2024-11-09 10:21:37,999 - TradingSystem - ERROR - Error training model for OXY: Data must be 1-dimensional, got ndarray of shape (3422, 3) instead
2024-11-09 10:21:38,013 - TradingSystem - ERROR - Error training model for VLO: Data must be 1-dimensional, got ndarray of shape (3422, 3) instead
2024-11-09 10:21:38,249 - TradingSystem - ERROR - Error training model for CMCSA: Data must be 1-dimensional, got ndarray of shape (3422, 1) instead
2024-11-09 10:21:39,773 - TradingSystem - ERROR - Error training model for NFLX: Data must be 1-dimensional, got ndarray of shape (3422, 1) instead
2024-11-09 10:21:39,795 - TradingSystem - ERROR - Error training model for VZ: Data must be 1-dimensional, got ndarray of shape (3422, 1) instead
2024-11-09 10:21:39,798 - TradingSystem - ERROR - Error training model for CRM: Data must be 1-dimensional, got ndarray of shape (3422, 1) instead
2024-11-09 10:21:39,808 - TradingSystem - ERROR - Error training model for TMUS: Data must be 1-dimensional, got ndarray of shape (3422, 1) instead
2024-11-09 10:21:40,418 - TradingSystem - ERROR - Error training model for INTC: Data must be 1-dimensional, got ndarray of shape (3422, 1) instead
2024-11-09 10:21:40,489 - TradingSystem - ERROR - Error training model for QCOM: Data must be 1-dimensional, got ndarray of shape (3422, 1) instead
2024-11-09 10:21:40,590 - TradingSystem - ERROR - Error training model for AMD: Data must be 1-dimensional, got ndarray of shape (3422, 1) instead
2024-11-09 10:21:40,614 - TradingSystem - ERROR - Error downloading data for AMT: No objects to concatenate
2024-11-09 10:21:40,617 - TradingSystem - ERROR - Error training model for CSCO: Data must be 1-dimensional, got ndarray of shape (3422, 1) instead
2024-11-09 10:21:40,625 - TradingSystem - ERROR - Error downloading data for PLD: No objects to concatenate
2024-11-09 10:21:41,595 - TradingSystem - ERROR - Error training model for SPG: Data must be 1-dimensional, got ndarray of shape (3420, 1) instead
2024-11-09 10:21:41,615 - TradingSystem - ERROR - Error training model for LIN: Data must be 1-dimensional, got ndarray of shape (3420, 1) instead
2024-11-09 10:21:41,634 - TradingSystem - ERROR - Error training model for CCI: Data must be 1-dimensional, got ndarray of shape (3422, 2) instead
2024-11-09 10:21:41,647 - TradingSystem - ERROR - Error training model for APD: Data must be 1-dimensional, got ndarray of shape (3422, 2) instead
2024-11-09 10:21:42,276 - TradingSystem - ERROR - Error training model for DOW: Data must be 1-dimensional, got ndarray of shape (3422, 2) instead
2024-11-09 10:21:42,331 - TradingSystem - ERROR - Error training model for FCX: Data must be 1-dimensional, got ndarray of shape (3422, 2) instead
2024-11-09 10:21:42,359 - TradingSystem - ERROR - Error training model for NEM: Data must be 1-dimensional, got ndarray of shape (3422, 2) instead
2024-11-09 10:21:42,405 - TradingSystem - ERROR - Error training model for SHW: Data must be 1-dimensional, got ndarray of shape (3422, 2) instead
2024-11-09 10:21:42,792 - TradingSystem - ERROR - Error training model for IWM: Data must be 1-dimensional, got ndarray of shape (3422, 2) instead
2024-11-09 10:21:42,810 - TradingSystem - ERROR - Error training model for QQQ: Data must be 1-dimensional, got ndarray of shape (3422, 3) instead
2024-11-09 10:21:42,887 - TradingSystem - ERROR - Error training model for BRK-B: Data must be 1-dimensional, got ndarray of shape (3422, 3) instead
2024-11-09 10:21:42,888 - TradingSystem - ERROR - Error training model for SPY: Data must be 1-dimensional, got ndarray of shape (3422, 3) instead
2024-11-09 10:21:43,490 - TradingSystem - ERROR - Error training model for ALL: Data must be 1-dimensional, got ndarray of shape (3422, 1) instead
2024-11-09 10:21:43,612 - TradingSystem - ERROR - Error training model for AIG: Data must be 1-dimensional, got ndarray of shape (3422, 1) instead
2024-11-09 10:21:43,647 - TradingSystem - ERROR - Error training model for EFA: Data must be 1-dimensional, got ndarray of shape (3422, 1) instead
2024-11-09 10:21:43,650 - TradingSystem - ERROR - Error training model for PRU: Data must be 1-dimensional, got ndarray of shape (3422, 1) instead
2024-11-09 10:21:43,700 - TradingSystem - ERROR - Error training model for TRV: Data must be 1-dimensional, got ndarray of shape (3422, 2) instead
2024-11-09 10:21:44,198 - TradingSystem - ERROR - Error training model for ABNB: Data must be 1-dimensional, got ndarray of shape (3421, 1) instead
2024-11-09 10:21:44,228 - TradingSystem - ERROR - Error training model for PYPL: Data must be 1-dimensional, got ndarray of shape (3421, 1) instead
2024-11-09 10:21:44,233 - TradingSystem - ERROR - Error training model for UBER: Data must be 1-dimensional, got ndarray of shape (3421, 1) instead
2024-11-09 10:21:44,240 - TradingSystem - ERROR - Error training model for SQ: Data must be 1-dimensional, got ndarray of shape (3421, 1) instead
2024-11-09 10:21:44,611 - TradingSystem - ERROR - Error training model for SHOP: Data must be 1-dimensional, got ndarray of shape (3422, 2) instead
2024-11-09 10:21:44,680 - TradingSystem - ERROR - Error training model for ZM: Data must be 1-dimensional, got ndarray of shape (3422, 2) instead
2024-11-09 10:21:44,683 - TradingSystem - ERROR - Error training model for SNAP: Data must be 1-dimensional, got ndarray of shape (3422, 2) instead
2024-11-09 10:21:44,697 - TradingSystem - ERROR - Error training model for PINS: Data must be 1-dimensional, got ndarray of shape (3422, 2) instead
2024-11-09 10:21:44,910 - TradingSystem - ERROR - Error training model for U: Data must be 1-dimensional, got ndarray of shape (3422, 1) instead
2024-11-09 10:21:44,915 - TradingSystem - ERROR - Error training model for PLTR: Data must be 1-dimensional, got ndarray of shape (3422, 1) instead
2024-11-09 10:21:44,917 - TradingSystem - INFO - Market training completed successfully!
