2024-11-09 14:02:17,839 - TradingSystem - INFO - Logger initialized
2024-11-09 14:02:17,869 - TradingSystem - INFO - Starting market training with 98 tickers
2024-11-09 14:02:28,683 - TradingSystem - ERROR - Error training model for AAPL: "['SMA_20' 'SMA_50' 'EMA_20' 'EMA_50' 'MACD' 'RSI' 'Stoch' 'BB_upper'\n 'BB_middle' 'BB_lower' 'ATR' 'OBV'] not in index"
2024-11-09 14:02:28,690 - TradingSystem - ERROR - Error training model for GOOGL: "['SMA_20' 'SMA_50' 'EMA_20' 'EMA_50' 'MACD' 'RSI' 'Stoch' 'BB_upper'\n 'BB_middle' 'BB_lower' 'ATR' 'OBV'] not in index"
2024-11-09 14:02:28,695 - TradingSystem - ERROR - Error training model for MSFT: "['SMA_20' 'SMA_50' 'EMA_20' 'EMA_50' 'MACD' 'RSI' 'Stoch' 'BB_upper'\n 'BB_middle' 'BB_lower' 'ATR' 'OBV'] not in index"
2024-11-09 14:02:28,732 - TradingSystem - ERROR - Error training model for AMZN: "['SMA_20' 'SMA_50' 'EMA_20' 'EMA_50' 'MACD' 'RSI' 'Stoch' 'BB_upper'\n 'BB_middle' 'BB_lower' 'ATR' 'OBV'] not in index"
2024-11-09 14:02:34,497 - TradingSystem - ERROR - Error training model for TSM: "['SMA_20' 'SMA_50' 'EMA_20' 'EMA_50' 'MACD' 'RSI' 'Stoch' 'BB_upper'\n 'BB_middle' 'BB_lower' 'ATR' 'OBV'] not in index"
2024-11-09 14:02:35,654 - TradingSystem - ERROR - Error training model for META: "['SMA_20' 'SMA_50' 'EMA_20' 'EMA_50' 'MACD' 'RSI' 'Stoch' 'BB_upper'\n 'BB_middle' 'BB_lower' 'ATR' 'OBV'] not in index"
2024-11-09 14:02:35,796 - TradingSystem - ERROR - Error training model for TSLA: "['SMA_20' 'SMA_50' 'EMA_20' 'EMA_50' 'MACD' 'RSI' 'Stoch' 'BB_upper'\n 'BB_middle' 'BB_lower' 'ATR' 'OBV'] not in index"
2024-11-09 14:02:35,905 - TradingSystem - ERROR - Error training model for NVDA: "['SMA_20' 'SMA_50' 'EMA_20' 'EMA_50' 'MACD' 'RSI' 'Stoch' 'BB_upper'\n 'BB_middle' 'BB_lower' 'ATR' 'OBV'] not in index"
2024-11-09 14:02:38,713 - TradingSystem - ERROR - Error training model for AVGO: "['SMA_20' 'SMA_50' 'EMA_20' 'EMA_50' 'MACD' 'RSI' 'Stoch' 'BB_upper'\n 'BB_middle' 'BB_lower' 'ATR' 'OBV'] not in index"
2024-11-09 14:02:38,732 - TradingSystem - ERROR - Error training model for JPM: "['SMA_20' 'SMA_50' 'EMA_20' 'EMA_50' 'MACD' 'RSI' 'Stoch' 'BB_upper'\n 'BB_middle' 'BB_lower' 'ATR' 'OBV'] not in index"
2024-11-09 14:02:38,826 - TradingSystem - ERROR - Error training model for V: "['SMA_20' 'SMA_50' 'EMA_20' 'EMA_50' 'MACD' 'RSI' 'Stoch' 'BB_upper'\n 'BB_middle' 'BB_lower' 'ATR' 'OBV'] not in index"
2024-11-09 14:02:38,870 - TradingSystem - ERROR - Error training model for ORCL: "['SMA_20' 'SMA_50' 'EMA_20' 'EMA_50' 'MACD' 'RSI' 'Stoch' 'BB_upper'\n 'BB_middle' 'BB_lower' 'ATR' 'OBV'] not in index"
2024-11-09 14:02:42,758 - TradingSystem - ERROR - Error training model for MS: "['SMA_20' 'SMA_50' 'EMA_20' 'EMA_50' 'MACD' 'RSI' 'Stoch' 'BB_upper'\n 'BB_middle' 'BB_lower' 'ATR' 'OBV'] not in index"
2024-11-09 14:02:43,149 - TradingSystem - ERROR - Error training model for BAC: "['SMA_20' 'SMA_50' 'EMA_20' 'EMA_50' 'MACD' 'RSI' 'Stoch' 'BB_upper'\n 'BB_middle' 'BB_lower' 'ATR' 'OBV'] not in index"
2024-11-09 14:02:43,381 - TradingSystem - ERROR - Error training model for MA: "['SMA_20' 'SMA_50' 'EMA_20' 'EMA_50' 'MACD' 'RSI' 'Stoch' 'BB_upper'\n 'BB_middle' 'BB_lower' 'ATR' 'OBV'] not in index"
2024-11-09 14:02:44,011 - TradingSystem - ERROR - Error training model for WFC: "['SMA_20' 'SMA_50' 'EMA_20' 'EMA_50' 'MACD' 'RSI' 'Stoch' 'BB_upper'\n 'BB_middle' 'BB_lower' 'ATR' 'OBV'] not in index"
2024-11-09 14:02:47,343 - TradingSystem - ERROR - Error training model for AXP: "['SMA_20' 'SMA_50' 'EMA_20' 'EMA_50' 'MACD' 'RSI' 'Stoch' 'BB_upper'\n 'BB_middle' 'BB_lower' 'ATR' 'OBV'] not in index"
2024-11-09 14:02:47,395 - TradingSystem - ERROR - Error training model for C: "['SMA_20' 'SMA_50' 'EMA_20' 'EMA_50' 'MACD' 'RSI' 'Stoch' 'BB_upper'\n 'BB_middle' 'BB_lower' 'ATR' 'OBV'] not in index"
2024-11-09 14:02:47,467 - TradingSystem - ERROR - Error training model for GS: "['SMA_20' 'SMA_50' 'EMA_20' 'EMA_50' 'MACD' 'RSI' 'Stoch' 'BB_upper'\n 'BB_middle' 'BB_lower' 'ATR' 'OBV'] not in index"
2024-11-09 14:02:47,564 - TradingSystem - ERROR - Error training model for BLK: "['SMA_20' 'SMA_50' 'EMA_20' 'EMA_50' 'MACD' 'RSI' 'Stoch' 'BB_upper'\n 'BB_middle' 'BB_lower' 'ATR' 'OBV'] not in index"
2024-11-09 14:02:50,502 - TradingSystem - ERROR - Error training model for UNH: "['SMA_20' 'SMA_50' 'EMA_20' 'EMA_50' 'MACD' 'RSI' 'Stoch' 'BB_upper'\n 'BB_middle' 'BB_lower' 'ATR' 'OBV'] not in index"
2024-11-09 14:02:50,520 - TradingSystem - ERROR - Error training model for PFE: "['SMA_20' 'SMA_50' 'EMA_20' 'EMA_50' 'MACD' 'RSI' 'Stoch' 'BB_upper'\n 'BB_middle' 'BB_lower' 'ATR' 'OBV'] not in index"
2024-11-09 14:02:50,590 - TradingSystem - ERROR - Error training model for JNJ: "['SMA_20' 'SMA_50' 'EMA_20' 'EMA_50' 'MACD' 'RSI' 'Stoch' 'BB_upper'\n 'BB_middle' 'BB_lower' 'ATR' 'OBV'] not in index"
2024-11-09 14:02:50,650 - TradingSystem - ERROR - Error training model for MRK: "['SMA_20' 'SMA_50' 'EMA_20' 'EMA_50' 'MACD' 'RSI' 'Stoch' 'BB_upper'\n 'BB_middle' 'BB_lower' 'ATR' 'OBV'] not in index"
2024-11-09 14:02:54,417 - TradingSystem - ERROR - Error training model for DHR: "['SMA_20' 'SMA_50' 'EMA_20' 'EMA_50' 'MACD' 'RSI' 'Stoch' 'BB_upper'\n 'BB_middle' 'BB_lower' 'ATR' 'OBV'] not in index"
2024-11-09 14:02:54,810 - TradingSystem - ERROR - Error training model for ABT: "['SMA_20' 'SMA_50' 'EMA_20' 'EMA_50' 'MACD' 'RSI' 'Stoch' 'BB_upper'\n 'BB_middle' 'BB_lower' 'ATR' 'OBV'] not in index"
2024-11-09 14:02:54,841 - TradingSystem - ERROR - Error training model for BMY: "['SMA_20' 'SMA_50' 'EMA_20' 'EMA_50' 'MACD' 'RSI' 'Stoch' 'BB_upper'\n 'BB_middle' 'BB_lower' 'ATR' 'OBV'] not in index"
2024-11-09 14:02:55,077 - TradingSystem - ERROR - Error training model for TMO: "['SMA_20' 'SMA_50' 'EMA_20' 'EMA_50' 'MACD' 'RSI' 'Stoch' 'BB_upper'\n 'BB_middle' 'BB_lower' 'ATR' 'OBV'] not in index"
2024-11-09 14:02:59,934 - TradingSystem - ERROR - Error training model for ABBV: "['SMA_20' 'SMA_50' 'EMA_20' 'EMA_50' 'MACD' 'RSI' 'Stoch' 'BB_upper'\n 'BB_middle' 'BB_lower' 'ATR' 'OBV'] not in index"
2024-11-09 14:03:03,265 - TradingSystem - ERROR - Error training model for KO: "['SMA_20' 'SMA_50' 'EMA_20' 'EMA_50' 'MACD' 'RSI' 'Stoch' 'BB_upper'\n 'BB_middle' 'BB_lower' 'ATR' 'OBV'] not in index"
2024-11-09 14:03:04,862 - TradingSystem - ERROR - Error training model for PG: "['SMA_20' 'SMA_50' 'EMA_20' 'EMA_50' 'MACD' 'RSI' 'Stoch' 'BB_upper'\n 'BB_middle' 'BB_lower' 'ATR' 'OBV'] not in index"
2024-11-09 14:03:05,309 - TradingSystem - ERROR - Error training model for LLY: "['SMA_20' 'SMA_50' 'EMA_20' 'EMA_50' 'MACD' 'RSI' 'Stoch' 'BB_upper'\n 'BB_middle' 'BB_lower' 'ATR' 'OBV'] not in index"
2024-11-09 14:03:10,429 - TradingSystem - ERROR - Error training model for PEP: "['SMA_20' 'SMA_50' 'EMA_20' 'EMA_50' 'MACD' 'RSI' 'Stoch' 'BB_upper'\n 'BB_middle' 'BB_lower' 'ATR' 'OBV'] not in index"
2024-11-09 14:03:11,479 - TradingSystem - ERROR - Error training model for COST: "['SMA_20' 'SMA_50' 'EMA_20' 'EMA_50' 'MACD' 'RSI' 'Stoch' 'BB_upper'\n 'BB_middle' 'BB_lower' 'ATR' 'OBV'] not in index"
2024-11-09 14:03:11,493 - TradingSystem - ERROR - Error training model for NKE: "['SMA_20' 'SMA_50' 'EMA_20' 'EMA_50' 'MACD' 'RSI' 'Stoch' 'BB_upper'\n 'BB_middle' 'BB_lower' 'ATR' 'OBV'] not in index"
2024-11-09 14:03:12,604 - TradingSystem - ERROR - Error training model for WMT: "['SMA_20' 'SMA_50' 'EMA_20' 'EMA_50' 'MACD' 'RSI' 'Stoch' 'BB_upper'\n 'BB_middle' 'BB_lower' 'ATR' 'OBV'] not in index"
2024-11-09 14:03:14,552 - TradingSystem - ERROR - Error training model for MCD: "['SMA_20' 'SMA_50' 'EMA_20' 'EMA_50' 'MACD' 'RSI' 'Stoch' 'BB_upper'\n 'BB_middle' 'BB_lower' 'ATR' 'OBV'] not in index"
2024-11-09 14:03:19,099 - TradingSystem - ERROR - Error training model for HD: "['SMA_20' 'SMA_50' 'EMA_20' 'EMA_50' 'MACD' 'RSI' 'Stoch' 'BB_upper'\n 'BB_middle' 'BB_lower' 'ATR' 'OBV'] not in index"
2024-11-09 14:03:19,973 - TradingSystem - ERROR - Error training model for CAT: "['SMA_20' 'SMA_50' 'EMA_20' 'EMA_50' 'MACD' 'RSI' 'Stoch' 'BB_upper'\n 'BB_middle' 'BB_lower' 'ATR' 'OBV'] not in index"
2024-11-09 14:03:19,984 - TradingSystem - ERROR - Error training model for SBUX: "['SMA_20' 'SMA_50' 'EMA_20' 'EMA_50' 'MACD' 'RSI' 'Stoch' 'BB_upper'\n 'BB_middle' 'BB_lower' 'ATR' 'OBV'] not in index"
2024-11-09 14:03:20,901 - TradingSystem - ERROR - Error training model for DIS: "['SMA_20' 'SMA_50' 'EMA_20' 'EMA_50' 'MACD' 'RSI' 'Stoch' 'BB_upper'\n 'BB_middle' 'BB_lower' 'ATR' 'OBV'] not in index"
2024-11-09 14:03:31,183 - TradingSystem - ERROR - Error training model for MMM: "['SMA_20' 'SMA_50' 'EMA_20' 'EMA_50' 'MACD' 'RSI' 'Stoch' 'BB_upper'\n 'BB_middle' 'BB_lower' 'ATR' 'OBV'] not in index"
2024-11-09 14:03:31,372 - TradingSystem - ERROR - Error training model for HON: "['SMA_20' 'SMA_50' 'EMA_20' 'EMA_50' 'MACD' 'RSI' 'Stoch' 'BB_upper'\n 'BB_middle' 'BB_lower' 'ATR' 'OBV'] not in index"
2024-11-09 14:03:32,869 - TradingSystem - ERROR - Error training model for BA: "['SMA_20' 'SMA_50' 'EMA_20' 'EMA_50' 'MACD' 'RSI' 'Stoch' 'BB_upper'\n 'BB_middle' 'BB_lower' 'ATR' 'OBV'] not in index"
2024-11-09 14:03:33,808 - TradingSystem - ERROR - Error training model for GE: "['SMA_20' 'SMA_50' 'EMA_20' 'EMA_50' 'MACD' 'RSI' 'Stoch' 'BB_upper'\n 'BB_middle' 'BB_lower' 'ATR' 'OBV'] not in index"
2024-11-09 14:03:37,220 - TradingSystem - ERROR - Error training model for DE: "['SMA_20' 'SMA_50' 'EMA_20' 'EMA_50' 'MACD' 'RSI' 'Stoch' 'BB_upper'\n 'BB_middle' 'BB_lower' 'ATR' 'OBV'] not in index"
2024-11-09 14:03:37,262 - TradingSystem - ERROR - Error training model for UPS: "['SMA_20' 'SMA_50' 'EMA_20' 'EMA_50' 'MACD' 'RSI' 'Stoch' 'BB_upper'\n 'BB_middle' 'BB_lower' 'ATR' 'OBV'] not in index"
2024-11-09 14:03:37,377 - TradingSystem - ERROR - Error training model for LMT: "['SMA_20' 'SMA_50' 'EMA_20' 'EMA_50' 'MACD' 'RSI' 'Stoch' 'BB_upper'\n 'BB_middle' 'BB_lower' 'ATR' 'OBV'] not in index"
2024-11-09 14:03:37,562 - TradingSystem - ERROR - Error training model for RTX: "['SMA_20' 'SMA_50' 'EMA_20' 'EMA_50' 'MACD' 'RSI' 'Stoch' 'BB_upper'\n 'BB_middle' 'BB_lower' 'ATR' 'OBV'] not in index"
2024-11-09 14:03:40,870 - TradingSystem - ERROR - Error training model for XOM: "['SMA_20' 'SMA_50' 'EMA_20' 'EMA_50' 'MACD' 'RSI' 'Stoch' 'BB_upper'\n 'BB_middle' 'BB_lower' 'ATR' 'OBV'] not in index"
2024-11-09 14:03:40,973 - TradingSystem - ERROR - Error training model for CVX: "['SMA_20' 'SMA_50' 'EMA_20' 'EMA_50' 'MACD' 'RSI' 'Stoch' 'BB_upper'\n 'BB_middle' 'BB_lower' 'ATR' 'OBV'] not in index"
2024-11-09 14:03:40,986 - TradingSystem - ERROR - Error training model for FDX: "['SMA_20' 'SMA_50' 'EMA_20' 'EMA_50' 'MACD' 'RSI' 'Stoch' 'BB_upper'\n 'BB_middle' 'BB_lower' 'ATR' 'OBV'] not in index"
2024-11-09 14:03:41,002 - TradingSystem - ERROR - Error training model for COP: "['SMA_20' 'SMA_50' 'EMA_20' 'EMA_50' 'MACD' 'RSI' 'Stoch' 'BB_upper'\n 'BB_middle' 'BB_lower' 'ATR' 'OBV'] not in index"
2024-11-09 14:03:47,358 - TradingSystem - ERROR - Error training model for SLB: "['SMA_20' 'SMA_50' 'EMA_20' 'EMA_50' 'MACD' 'RSI' 'Stoch' 'BB_upper'\n 'BB_middle' 'BB_lower' 'ATR' 'OBV'] not in index"
2024-11-09 14:03:47,369 - TradingSystem - ERROR - Error training model for PSX: "['SMA_20' 'SMA_50' 'EMA_20' 'EMA_50' 'MACD' 'RSI' 'Stoch' 'BB_upper'\n 'BB_middle' 'BB_lower' 'ATR' 'OBV'] not in index"
2024-11-09 14:03:47,505 - TradingSystem - ERROR - Error training model for EOG: "['SMA_20' 'SMA_50' 'EMA_20' 'EMA_50' 'MACD' 'RSI' 'Stoch' 'BB_upper'\n 'BB_middle' 'BB_lower' 'ATR' 'OBV'] not in index"
2024-11-09 14:03:48,171 - TradingSystem - ERROR - Error training model for VLO: "['SMA_20' 'SMA_50' 'EMA_20' 'EMA_50' 'MACD' 'RSI' 'Stoch' 'BB_upper'\n 'BB_middle' 'BB_lower' 'ATR' 'OBV'] not in index"
2024-11-09 14:03:56,397 - TradingSystem - ERROR - Error training model for T: "['SMA_20' 'SMA_50' 'EMA_20' 'EMA_50' 'MACD' 'RSI' 'Stoch' 'BB_upper'\n 'BB_middle' 'BB_lower' 'ATR' 'OBV'] not in index"
2024-11-09 14:03:56,656 - TradingSystem - ERROR - Error training model for VZ: "['SMA_20' 'SMA_50' 'EMA_20' 'EMA_50' 'MACD' 'RSI' 'Stoch' 'BB_upper'\n 'BB_middle' 'BB_lower' 'ATR' 'OBV'] not in index"
2024-11-09 14:03:56,702 - TradingSystem - ERROR - Error training model for OXY: "['SMA_20' 'SMA_50' 'EMA_20' 'EMA_50' 'MACD' 'RSI' 'Stoch' 'BB_upper'\n 'BB_middle' 'BB_lower' 'ATR' 'OBV'] not in index"
2024-11-09 14:03:56,747 - TradingSystem - ERROR - Error training model for MPC: "['SMA_20' 'SMA_50' 'EMA_20' 'EMA_50' 'MACD' 'RSI' 'Stoch' 'BB_upper'\n 'BB_middle' 'BB_lower' 'ATR' 'OBV'] not in index"
2024-11-09 14:04:11,757 - TradingSystem - ERROR - Error training model for NFLX: "['SMA_20' 'SMA_50' 'EMA_20' 'EMA_50' 'MACD' 'RSI' 'Stoch' 'BB_upper'\n 'BB_middle' 'BB_lower' 'ATR' 'OBV'] not in index"
2024-11-09 14:04:11,966 - TradingSystem - ERROR - Error training model for TMUS: "['SMA_20' 'SMA_50' 'EMA_20' 'EMA_50' 'MACD' 'RSI' 'Stoch' 'BB_upper'\n 'BB_middle' 'BB_lower' 'ATR' 'OBV'] not in index"
2024-11-09 14:04:12,059 - TradingSystem - ERROR - Error training model for CRM: "['SMA_20' 'SMA_50' 'EMA_20' 'EMA_50' 'MACD' 'RSI' 'Stoch' 'BB_upper'\n 'BB_middle' 'BB_lower' 'ATR' 'OBV'] not in index"
2024-11-09 14:04:12,149 - TradingSystem - ERROR - Error training model for CMCSA: "['SMA_20' 'SMA_50' 'EMA_20' 'EMA_50' 'MACD' 'RSI' 'Stoch' 'BB_upper'\n 'BB_middle' 'BB_lower' 'ATR' 'OBV'] not in index"
2024-11-09 14:04:18,558 - TradingSystem - ERROR - Error training model for CSCO: "['SMA_20' 'SMA_50' 'EMA_20' 'EMA_50' 'MACD' 'RSI' 'Stoch' 'BB_upper'\n 'BB_middle' 'BB_lower' 'ATR' 'OBV'] not in index"
2024-11-09 14:04:18,663 - TradingSystem - ERROR - Error training model for QCOM: "['SMA_20' 'SMA_50' 'EMA_20' 'EMA_50' 'MACD' 'RSI' 'Stoch' 'BB_upper'\n 'BB_middle' 'BB_lower' 'ATR' 'OBV'] not in index"
2024-11-09 14:04:18,726 - TradingSystem - ERROR - Error training model for AMD: "['SMA_20' 'SMA_50' 'EMA_20' 'EMA_50' 'MACD' 'RSI' 'Stoch' 'BB_upper'\n 'BB_middle' 'BB_lower' 'ATR' 'OBV'] not in index"
2024-11-09 14:04:18,981 - TradingSystem - ERROR - Error training model for INTC: "['SMA_20' 'SMA_50' 'EMA_20' 'EMA_50' 'MACD' 'RSI' 'Stoch' 'BB_upper'\n 'BB_middle' 'BB_lower' 'ATR' 'OBV'] not in index"
2024-11-09 14:04:22,260 - TradingSystem - ERROR - Error training model for AMT: "['SMA_20' 'SMA_50' 'EMA_20' 'EMA_50' 'MACD' 'RSI' 'Stoch' 'BB_upper'\n 'BB_middle' 'BB_lower' 'ATR' 'OBV'] not in index"
2024-11-09 14:04:22,287 - TradingSystem - ERROR - Error training model for SPG: "['SMA_20' 'SMA_50' 'EMA_20' 'EMA_50' 'MACD' 'RSI' 'Stoch' 'BB_upper'\n 'BB_middle' 'BB_lower' 'ATR' 'OBV'] not in index"
2024-11-09 14:04:22,307 - TradingSystem - ERROR - Error training model for CCI: "['SMA_20' 'SMA_50' 'EMA_20' 'EMA_50' 'MACD' 'RSI' 'Stoch' 'BB_upper'\n 'BB_middle' 'BB_lower' 'ATR' 'OBV'] not in index"
2024-11-09 14:04:22,355 - TradingSystem - ERROR - Error training model for PLD: "['SMA_20' 'SMA_50' 'EMA_20' 'EMA_50' 'MACD' 'RSI' 'Stoch' 'BB_upper'\n 'BB_middle' 'BB_lower' 'ATR' 'OBV'] not in index"
2024-11-09 14:04:26,127 - TradingSystem - ERROR - Error training model for SHW: "['SMA_20' 'SMA_50' 'EMA_20' 'EMA_50' 'MACD' 'RSI' 'Stoch' 'BB_upper'\n 'BB_middle' 'BB_lower' 'ATR' 'OBV'] not in index"
2024-11-09 14:04:26,146 - TradingSystem - ERROR - Error training model for FCX: "['SMA_20' 'SMA_50' 'EMA_20' 'EMA_50' 'MACD' 'RSI' 'Stoch' 'BB_upper'\n 'BB_middle' 'BB_lower' 'ATR' 'OBV'] not in index"
2024-11-09 14:04:26,451 - TradingSystem - ERROR - Error training model for LIN: "['SMA_20' 'SMA_50' 'EMA_20' 'EMA_50' 'MACD' 'RSI' 'Stoch' 'BB_upper'\n 'BB_middle' 'BB_lower' 'ATR' 'OBV'] not in index"
2024-11-09 14:04:26,606 - TradingSystem - ERROR - Error training model for APD: "['SMA_20' 'SMA_50' 'EMA_20' 'EMA_50' 'MACD' 'RSI' 'Stoch' 'BB_upper'\n 'BB_middle' 'BB_lower' 'ATR' 'OBV'] not in index"
2024-11-09 14:04:29,556 - TradingSystem - ERROR - Error training model for BRK-B: "['SMA_20' 'SMA_50' 'EMA_20' 'EMA_50' 'MACD' 'RSI' 'Stoch' 'BB_upper'\n 'BB_middle' 'BB_lower' 'ATR' 'OBV'] not in index"
2024-11-09 14:04:30,886 - TradingSystem - ERROR - Error training model for DOW: "['SMA_20' 'SMA_50' 'EMA_20' 'EMA_50' 'MACD' 'RSI' 'Stoch' 'BB_upper'\n 'BB_middle' 'BB_lower' 'ATR' 'OBV'] not in index"
2024-11-09 14:04:31,042 - TradingSystem - ERROR - Error training model for SPY: "['SMA_20' 'SMA_50' 'EMA_20' 'EMA_50' 'MACD' 'RSI' 'Stoch' 'BB_upper'\n 'BB_middle' 'BB_lower' 'ATR' 'OBV'] not in index"
2024-11-09 14:04:31,215 - TradingSystem - ERROR - Error training model for NEM: "['SMA_20' 'SMA_50' 'EMA_20' 'EMA_50' 'MACD' 'RSI' 'Stoch' 'BB_upper'\n 'BB_middle' 'BB_lower' 'ATR' 'OBV'] not in index"
2024-11-09 14:04:35,275 - TradingSystem - ERROR - Error training model for EFA: "['SMA_20' 'SMA_50' 'EMA_20' 'EMA_50' 'MACD' 'RSI' 'Stoch' 'BB_upper'\n 'BB_middle' 'BB_lower' 'ATR' 'OBV'] not in index"
2024-11-09 14:04:35,456 - TradingSystem - ERROR - Error training model for PRU: "['SMA_20' 'SMA_50' 'EMA_20' 'EMA_50' 'MACD' 'RSI' 'Stoch' 'BB_upper'\n 'BB_middle' 'BB_lower' 'ATR' 'OBV'] not in index"
2024-11-09 14:04:35,587 - TradingSystem - ERROR - Error training model for IWM: "['SMA_20' 'SMA_50' 'EMA_20' 'EMA_50' 'MACD' 'RSI' 'Stoch' 'BB_upper'\n 'BB_middle' 'BB_lower' 'ATR' 'OBV'] not in index"
2024-11-09 14:04:35,667 - TradingSystem - ERROR - Error training model for QQQ: "['SMA_20' 'SMA_50' 'EMA_20' 'EMA_50' 'MACD' 'RSI' 'Stoch' 'BB_upper'\n 'BB_middle' 'BB_lower' 'ATR' 'OBV'] not in index"
2024-11-09 14:04:38,833 - TradingSystem - ERROR - Error training model for AIG: "['SMA_20' 'SMA_50' 'EMA_20' 'EMA_50' 'MACD' 'RSI' 'Stoch' 'BB_upper'\n 'BB_middle' 'BB_lower' 'ATR' 'OBV'] not in index"
2024-11-09 14:04:40,050 - TradingSystem - ERROR - Error training model for PYPL: "['SMA_20' 'SMA_50' 'EMA_20' 'EMA_50' 'MACD' 'RSI' 'Stoch' 'BB_upper'\n 'BB_middle' 'BB_lower' 'ATR' 'OBV'] not in index"
2024-11-09 14:04:40,754 - TradingSystem - ERROR - Error training model for TRV: "['SMA_20' 'SMA_50' 'EMA_20' 'EMA_50' 'MACD' 'RSI' 'Stoch' 'BB_upper'\n 'BB_middle' 'BB_lower' 'ATR' 'OBV'] not in index"
2024-11-09 14:04:41,248 - TradingSystem - ERROR - Error training model for ALL: "['SMA_20' 'SMA_50' 'EMA_20' 'EMA_50' 'MACD' 'RSI' 'Stoch' 'BB_upper'\n 'BB_middle' 'BB_lower' 'ATR' 'OBV'] not in index"
2024-11-09 14:04:44,207 - TradingSystem - ERROR - Error training model for UBER: "['SMA_20' 'SMA_50' 'EMA_20' 'EMA_50' 'MACD' 'RSI' 'Stoch' 'BB_upper'\n 'BB_middle' 'BB_lower' 'ATR' 'OBV'] not in index"
2024-11-09 14:04:44,249 - TradingSystem - ERROR - Error training model for ZM: "['SMA_20' 'SMA_50' 'EMA_20' 'EMA_50' 'MACD' 'RSI' 'Stoch' 'BB_upper'\n 'BB_middle' 'BB_lower' 'ATR' 'OBV'] not in index"
2024-11-09 14:04:44,279 - TradingSystem - ERROR - Error training model for ABNB: "['SMA_20' 'SMA_50' 'EMA_20' 'EMA_50' 'MACD' 'RSI' 'Stoch' 'BB_upper'\n 'BB_middle' 'BB_lower' 'ATR' 'OBV'] not in index"
2024-11-09 14:04:44,352 - TradingSystem - ERROR - Error training model for SQ: "['SMA_20' 'SMA_50' 'EMA_20' 'EMA_50' 'MACD' 'RSI' 'Stoch' 'BB_upper'\n 'BB_middle' 'BB_lower' 'ATR' 'OBV'] not in index"
2024-11-09 14:04:46,891 - TradingSystem - ERROR - Error training model for SNAP: "['SMA_20' 'SMA_50' 'EMA_20' 'EMA_50' 'MACD' 'RSI' 'Stoch' 'BB_upper'\n 'BB_middle' 'BB_lower' 'ATR' 'OBV'] not in index"
2024-11-09 14:04:47,655 - TradingSystem - ERROR - Error training model for SHOP: "['SMA_20' 'SMA_50' 'EMA_20' 'EMA_50' 'MACD' 'RSI' 'Stoch' 'BB_upper'\n 'BB_middle' 'BB_lower' 'ATR' 'OBV'] not in index"
2024-11-09 14:04:47,704 - TradingSystem - ERROR - Error training model for U: "['SMA_20' 'SMA_50' 'EMA_20' 'EMA_50' 'MACD' 'RSI' 'Stoch' 'BB_upper'\n 'BB_middle' 'BB_lower' 'ATR' 'OBV'] not in index"
2024-11-09 14:04:48,782 - TradingSystem - ERROR - Error training model for PINS: "['SMA_20' 'SMA_50' 'EMA_20' 'EMA_50' 'MACD' 'RSI' 'Stoch' 'BB_upper'\n 'BB_middle' 'BB_lower' 'ATR' 'OBV'] not in index"
2024-11-09 14:04:49,975 - TradingSystem - ERROR - Error training model for PLTR: "['SMA_20' 'SMA_50' 'EMA_20' 'EMA_50' 'MACD' 'RSI' 'Stoch' 'BB_upper'\n 'BB_middle' 'BB_lower' 'ATR' 'OBV'] not in index"
2024-11-09 14:04:49,996 - TradingSystem - INFO - Market training completed successfully!
