2024-11-08 20:27:47,478 - TradingSystem - INFO - Logger initialized
2024-11-08 20:27:47,495 - TradingSystem - INFO - Starting market training with 98 tickers
2024-11-08 20:27:52,128 - TradingSystem - ERROR - Error training model for AMZN: Data must be 1-dimensional, got ndarray of shape (3360, 4) instead
2024-11-08 20:27:52,134 - TradingSystem - ERROR - Error training model for GOOGL: Data must be 1-dimensional, got ndarray of shape (3360, 4) instead
2024-11-08 20:27:52,141 - TradingSystem - ERROR - Error training model for MSFT: Data must be 1-dimensional, got ndarray of shape (3360, 4) instead
2024-11-08 20:27:52,142 - TradingSystem - ERROR - Error training model for AAPL: Data must be 1-dimensional, got ndarray of shape (3360, 4) instead
2024-11-08 20:27:52,856 - TradingSystem - ERROR - Error training model for NVDA: Data must be 1-dimensional, got ndarray of shape (3360, 1) instead
2024-11-08 20:27:52,871 - TradingSystem - ERROR - Error training model for TSM: Data must be 1-dimensional, got ndarray of shape (3360, 1) instead
2024-11-08 20:27:52,885 - TradingSystem - ERROR - Error training model for META: Data must be 1-dimensional, got ndarray of shape (3360, 1) instead
2024-11-08 20:27:52,886 - TradingSystem - ERROR - Error training model for TSLA: Data must be 1-dimensional, got ndarray of shape (3360, 1) instead
2024-11-08 20:27:53,399 - TradingSystem - ERROR - Error training model for V: Data must be 1-dimensional, got ndarray of shape (3360, 1) instead
2024-11-08 20:27:53,406 - TradingSystem - ERROR - Error training model for AVGO: Data must be 1-dimensional, got ndarray of shape (3360, 1) instead
2024-11-08 20:27:53,407 - TradingSystem - ERROR - Error training model for JPM: Data must be 1-dimensional, got ndarray of shape (3360, 1) instead
2024-11-08 20:27:53,418 - TradingSystem - ERROR - Error training model for ORCL: Data must be 1-dimensional, got ndarray of shape (3360, 1) instead
2024-11-08 20:27:54,038 - TradingSystem - ERROR - Error training model for MA: Data must be 1-dimensional, got ndarray of shape (3360, 1) instead
2024-11-08 20:27:54,040 - TradingSystem - ERROR - Error training model for BAC: Data must be 1-dimensional, got ndarray of shape (3360, 1) instead
2024-11-08 20:27:54,044 - TradingSystem - ERROR - Error training model for WFC: Data must be 1-dimensional, got ndarray of shape (3360, 1) instead
2024-11-08 20:27:54,050 - TradingSystem - ERROR - Error training model for MS: Data must be 1-dimensional, got ndarray of shape (3360, 1) instead
2024-11-08 20:27:54,172 - TradingSystem - ERROR - Error training model for AXP: Data must be 1-dimensional, got ndarray of shape (3359, 1) instead
2024-11-08 20:27:54,174 - TradingSystem - ERROR - Error training model for BLK: Data must be 1-dimensional, got ndarray of shape (3359, 1) instead
2024-11-08 20:27:54,176 - TradingSystem - ERROR - Error training model for GS: Data must be 1-dimensional, got ndarray of shape (3359, 1) instead
2024-11-08 20:27:54,177 - TradingSystem - ERROR - Error training model for C: Data must be 1-dimensional, got ndarray of shape (3359, 1) instead
2024-11-08 20:27:54,639 - TradingSystem - ERROR - Error training model for JNJ: Data must be 1-dimensional, got ndarray of shape (3360, 2) instead
2024-11-08 20:27:54,652 - TradingSystem - ERROR - Error training model for UNH: Data must be 1-dimensional, got ndarray of shape (3360, 2) instead
2024-11-08 20:27:54,652 - TradingSystem - ERROR - Error training model for PFE: Data must be 1-dimensional, got ndarray of shape (3360, 2) instead
2024-11-08 20:27:54,655 - TradingSystem - ERROR - Error training model for MRK: Data must be 1-dimensional, got ndarray of shape (3360, 2) instead
2024-11-08 20:27:54,892 - TradingSystem - ERROR - Error training model for BMY: Data must be 1-dimensional, got ndarray of shape (3360, 2) instead
2024-11-08 20:27:54,910 - TradingSystem - ERROR - Error training model for TMO: Data must be 1-dimensional, got ndarray of shape (3360, 2) instead
2024-11-08 20:27:54,927 - TradingSystem - ERROR - Error training model for DHR: Data must be 1-dimensional, got ndarray of shape (3360, 2) instead
2024-11-08 20:27:54,927 - TradingSystem - ERROR - Error training model for ABT: Data must be 1-dimensional, got ndarray of shape (3360, 2) instead
2024-11-08 20:27:55,361 - TradingSystem - ERROR - Error training model for LLY: Data must be 1-dimensional, got ndarray of shape (3360, 1) instead
2024-11-08 20:27:55,377 - TradingSystem - ERROR - Error training model for KO: Data must be 1-dimensional, got ndarray of shape (3360, 1) instead
2024-11-08 20:27:55,388 - TradingSystem - ERROR - Error training model for PG: Data must be 1-dimensional, got ndarray of shape (3360, 1) instead
2024-11-08 20:27:55,395 - TradingSystem - ERROR - Error training model for ABBV: Data must be 1-dimensional, got ndarray of shape (3360, 1) instead
2024-11-08 20:27:55,619 - TradingSystem - ERROR - Error training model for WMT: Data must be 1-dimensional, got ndarray of shape (3360, 1) instead
2024-11-08 20:27:55,698 - TradingSystem - ERROR - Error training model for NKE: Data must be 1-dimensional, got ndarray of shape (3360, 1) instead
2024-11-08 20:27:55,710 - TradingSystem - ERROR - Error training model for COST: Data must be 1-dimensional, got ndarray of shape (3360, 1) instead
2024-11-08 20:27:55,713 - TradingSystem - ERROR - Error training model for PEP: Data must be 1-dimensional, got ndarray of shape (3360, 1) instead
2024-11-08 20:27:56,071 - TradingSystem - ERROR - Error training model for MCD: Data must be 1-dimensional, got ndarray of shape (3360, 1) instead
2024-11-08 20:27:56,152 - TradingSystem - ERROR - Error training model for DIS: Data must be 1-dimensional, got ndarray of shape (3360, 1) instead
2024-11-08 20:27:56,158 - TradingSystem - ERROR - Error training model for SBUX: Data must be 1-dimensional, got ndarray of shape (3360, 1) instead
2024-11-08 20:27:56,208 - TradingSystem - ERROR - Error training model for HD: Data must be 1-dimensional, got ndarray of shape (3360, 1) instead
2024-11-08 20:27:56,579 - TradingSystem - ERROR - Error training model for CAT: Data must be 1-dimensional, got ndarray of shape (3360, 1) instead
2024-11-08 20:27:56,588 - TradingSystem - ERROR - Error training model for BA: Data must be 1-dimensional, got ndarray of shape (3360, 1) instead
2024-11-08 20:27:56,590 - TradingSystem - ERROR - Error training model for GE: Data must be 1-dimensional, got ndarray of shape (3360, 1) instead
2024-11-08 20:27:56,600 - TradingSystem - ERROR - Error training model for HON: Data must be 1-dimensional, got ndarray of shape (3360, 2) instead
2024-11-08 20:27:56,970 - TradingSystem - ERROR - Error training model for MMM: Data must be 1-dimensional, got ndarray of shape (3360, 1) instead
2024-11-08 20:27:57,014 - TradingSystem - ERROR - Error training model for UPS: Data must be 1-dimensional, got ndarray of shape (3360, 1) instead
2024-11-08 20:27:57,015 - TradingSystem - ERROR - Error training model for RTX: Data must be 1-dimensional, got ndarray of shape (3360, 1) instead
2024-11-08 20:27:57,019 - TradingSystem - ERROR - Error training model for LMT: Data must be 1-dimensional, got ndarray of shape (3360, 1) instead
2024-11-08 20:27:57,164 - TradingSystem - ERROR - Error training model for DE: Data must be 1-dimensional, got ndarray of shape (3360, 1) instead
2024-11-08 20:27:57,186 - TradingSystem - ERROR - Error training model for CVX: Data must be 1-dimensional, got ndarray of shape (3360, 1) instead
2024-11-08 20:27:57,243 - TradingSystem - ERROR - Error training model for FDX: Data must be 1-dimensional, got ndarray of shape (3360, 1) instead
2024-11-08 20:27:57,250 - TradingSystem - ERROR - Error training model for XOM: Data must be 1-dimensional, got ndarray of shape (3360, 1) instead
2024-11-08 20:27:57,457 - TradingSystem - ERROR - Error training model for COP: Data must be 1-dimensional, got ndarray of shape (3360, 1) instead
2024-11-08 20:27:57,466 - TradingSystem - ERROR - Error training model for EOG: Data must be 1-dimensional, got ndarray of shape (3360, 1) instead
2024-11-08 20:27:57,467 - TradingSystem - ERROR - Error training model for SLB: Data must be 1-dimensional, got ndarray of shape (3360, 1) instead
2024-11-08 20:27:57,476 - TradingSystem - ERROR - Error training model for PSX: Data must be 1-dimensional, got ndarray of shape (3360, 1) instead
2024-11-08 20:27:57,880 - TradingSystem - ERROR - Error training model for VLO: Data must be 1-dimensional, got ndarray of shape (3360, 1) instead
2024-11-08 20:27:57,894 - TradingSystem - ERROR - Error training model for OXY: Data must be 1-dimensional, got ndarray of shape (3360, 1) instead
2024-11-08 20:27:57,905 - TradingSystem - ERROR - Error training model for MPC: Data must be 1-dimensional, got ndarray of shape (3360, 1) instead
2024-11-08 20:27:57,908 - TradingSystem - ERROR - Error training model for T: Data must be 1-dimensional, got ndarray of shape (3360, 1) instead
2024-11-08 20:27:58,272 - TradingSystem - ERROR - Error training model for TMUS: Data must be 1-dimensional, got ndarray of shape (3360, 1) instead
2024-11-08 20:27:58,517 - TradingSystem - ERROR - Error training model for CMCSA: Data must be 1-dimensional, got ndarray of shape (3360, 1) instead
2024-11-08 20:27:58,527 - TradingSystem - ERROR - Error training model for NFLX: Data must be 1-dimensional, got ndarray of shape (3360, 1) instead
2024-11-08 20:27:58,539 - TradingSystem - ERROR - Error training model for VZ: Data must be 1-dimensional, got ndarray of shape (3360, 1) instead
2024-11-08 20:27:58,542 - TradingSystem - ERROR - Error training model for CRM: Data must be 1-dimensional, got ndarray of shape (3360, 2) instead
2024-11-08 20:27:58,956 - TradingSystem - ERROR - Error training model for INTC: Data must be 1-dimensional, got ndarray of shape (3356, 1) instead
2024-11-08 20:27:59,376 - TradingSystem - ERROR - Error training model for AMD: Data must be 1-dimensional, got ndarray of shape (3356, 1) instead
2024-11-08 20:27:59,409 - TradingSystem - ERROR - Error training model for QCOM: Data must be 1-dimensional, got ndarray of shape (3356, 1) instead
2024-11-08 20:27:59,423 - TradingSystem - ERROR - Error training model for CSCO: Data must be 1-dimensional, got ndarray of shape (3356, 1) instead
2024-11-08 20:27:59,447 - TradingSystem - ERROR - Error training model for AMT: Data must be 1-dimensional, got ndarray of shape (3360, 1) instead
2024-11-08 20:27:59,891 - TradingSystem - ERROR - Error training model for SPG: Data must be 1-dimensional, got ndarray of shape (3360, 3) instead
2024-11-08 20:27:59,899 - TradingSystem - ERROR - Error training model for PLD: Data must be 1-dimensional, got ndarray of shape (3360, 3) instead
2024-11-08 20:27:59,908 - TradingSystem - ERROR - Error training model for CCI: Data must be 1-dimensional, got ndarray of shape (3360, 3) instead
2024-11-08 20:27:59,909 - TradingSystem - ERROR - Error training model for LIN: Data must be 1-dimensional, got ndarray of shape (3360, 3) instead
2024-11-08 20:28:00,345 - TradingSystem - ERROR - Error training model for NEM: Data must be 1-dimensional, got ndarray of shape (3359, 1) instead
2024-11-08 20:28:00,393 - TradingSystem - ERROR - Error training model for APD: Data must be 1-dimensional, got ndarray of shape (3359, 1) instead
2024-11-08 20:28:00,403 - TradingSystem - ERROR - Error training model for SHW: Data must be 1-dimensional, got ndarray of shape (3359, 1) instead
2024-11-08 20:28:00,417 - TradingSystem - ERROR - Error training model for FCX: Data must be 1-dimensional, got ndarray of shape (3359, 1) instead
2024-11-08 20:28:00,808 - TradingSystem - ERROR - Error training model for QQQ: Data must be 1-dimensional, got ndarray of shape (3360, 1) instead
2024-11-08 20:28:00,825 - TradingSystem - ERROR - Error training model for SPY: Data must be 1-dimensional, got ndarray of shape (3360, 2) instead
2024-11-08 20:28:00,840 - TradingSystem - ERROR - Error training model for DOW: Data must be 1-dimensional, got ndarray of shape (3360, 2) instead
2024-11-08 20:28:00,846 - TradingSystem - ERROR - Error training model for BRK-B: Data must be 1-dimensional, got ndarray of shape (3360, 2) instead
2024-11-08 20:28:01,054 - TradingSystem - ERROR - Error training model for AIG: Data must be 1-dimensional, got ndarray of shape (3360, 1) instead
2024-11-08 20:28:01,141 - TradingSystem - ERROR - Error training model for PRU: Data must be 1-dimensional, got ndarray of shape (3360, 1) instead
2024-11-08 20:28:01,157 - TradingSystem - ERROR - Error training model for IWM: Data must be 1-dimensional, got ndarray of shape (3360, 1) instead
2024-11-08 20:28:01,159 - TradingSystem - ERROR - Error training model for EFA: Data must be 1-dimensional, got ndarray of shape (3360, 1) instead
2024-11-08 20:28:01,347 - TradingSystem - ERROR - Error training model for ALL: Data must be 1-dimensional, got ndarray of shape (3360, 1) instead
2024-11-08 20:28:01,401 - TradingSystem - ERROR - Error training model for SQ: Data must be 1-dimensional, got ndarray of shape (3360, 1) instead
2024-11-08 20:28:01,414 - TradingSystem - ERROR - Error training model for TRV: Data must be 1-dimensional, got ndarray of shape (3360, 2) instead
2024-11-08 20:28:01,415 - TradingSystem - ERROR - Error training model for PYPL: Data must be 1-dimensional, got ndarray of shape (3360, 2) instead
2024-11-08 20:28:02,152 - TradingSystem - ERROR - Error training model for SHOP: Data must be 1-dimensional, got ndarray of shape (3360, 1) instead
2024-11-08 20:28:02,158 - TradingSystem - ERROR - Error training model for UBER: Data must be 1-dimensional, got ndarray of shape (3360, 1) instead
2024-11-08 20:28:02,164 - TradingSystem - ERROR - Error training model for ZM: Data must be 1-dimensional, got ndarray of shape (3360, 2) instead
2024-11-08 20:28:02,167 - TradingSystem - ERROR - Error training model for ABNB: Data must be 1-dimensional, got ndarray of shape (3360, 1) instead
2024-11-08 20:28:02,435 - TradingSystem - ERROR - Error training model for PINS: Data must be 1-dimensional, got ndarray of shape (3360, 1) instead
2024-11-08 20:28:02,509 - TradingSystem - ERROR - Error training model for U: Data must be 1-dimensional, got ndarray of shape (3360, 1) instead
2024-11-08 20:28:02,520 - TradingSystem - ERROR - Error training model for PLTR: Data must be 1-dimensional, got ndarray of shape (3360, 1) instead
2024-11-08 20:28:02,527 - TradingSystem - ERROR - Error training model for SNAP: Data must be 1-dimensional, got ndarray of shape (3360, 1) instead
2024-11-08 20:28:02,533 - TradingSystem - INFO - Market training completed successfully!
