2024-11-09 13:05:50,762 - TradingSystem - INFO - Logger initialized
2024-11-09 13:05:50,868 - TradingSystem - INFO - Starting market training with 98 tickers
2024-11-09 13:06:07,686 - TradingSystem - ERROR - Error training model for MSFT: Data must be 1-dimensional, got ndarray of shape (3389, 3) instead
2024-11-09 13:06:07,710 - TradingSystem - ERROR - Error training model for AMZN: Data must be 1-dimensional, got ndarray of shape (3389, 4) instead
2024-11-09 13:06:07,719 - TradingSystem - ERROR - Error training model for GOOGL: Data must be 1-dimensional, got ndarray of shape (3389, 2) instead
2024-11-09 13:06:07,828 - TradingSystem - ERROR - Error training model for AAPL: Data must be 1-dimensional, got ndarray of shape (3389, 3) instead
2024-11-09 13:06:14,165 - TradingSystem - ERROR - Error training model for META: Data must be 1-dimensional, got ndarray of shape (3389, 2) instead
2024-11-09 13:06:15,680 - TradingSystem - ERROR - Error training model for TSM: Data must be 1-dimensional, got ndarray of shape (3389, 3) instead
2024-11-09 13:06:16,472 - TradingSystem - ERROR - Error training model for TSLA: Data must be 1-dimensional, got ndarray of shape (3389, 4) instead
2024-11-09 13:06:18,364 - TradingSystem - ERROR - Error training model for NVDA: Data must be 1-dimensional, got ndarray of shape (3389, 4) instead
2024-11-09 13:06:23,168 - TradingSystem - ERROR - Error training model for AVGO: Data must be 1-dimensional, got ndarray of shape (3389, 1) instead
2024-11-09 13:06:23,715 - TradingSystem - ERROR - Error training model for V: Data must be 1-dimensional, got ndarray of shape (3389, 1) instead
2024-11-09 13:06:24,449 - TradingSystem - ERROR - Error training model for JPM: Data must be 1-dimensional, got ndarray of shape (3389, 1) instead
2024-11-09 13:06:25,487 - TradingSystem - ERROR - Error training model for ORCL: Data must be 1-dimensional, got ndarray of shape (3389, 1) instead
2024-11-09 13:06:28,746 - TradingSystem - ERROR - Error training model for MA: Data must be 1-dimensional, got ndarray of shape (3389, 1) instead
2024-11-09 13:06:28,763 - TradingSystem - ERROR - Error training model for WFC: Data must be 1-dimensional, got ndarray of shape (3389, 1) instead
2024-11-09 13:06:28,836 - TradingSystem - ERROR - Error training model for MS: Data must be 1-dimensional, got ndarray of shape (3389, 1) instead
2024-11-09 13:06:28,936 - TradingSystem - ERROR - Error training model for BAC: Data must be 1-dimensional, got ndarray of shape (3389, 1) instead
2024-11-09 13:06:33,467 - TradingSystem - ERROR - Error training model for GS: Data must be 1-dimensional, got ndarray of shape (3276, 1) instead
2024-11-09 13:06:34,104 - TradingSystem - ERROR - Error training model for BLK: Data must be 1-dimensional, got ndarray of shape (3276, 1) instead
2024-11-09 13:06:34,966 - TradingSystem - ERROR - Error training model for C: Data must be 1-dimensional, got ndarray of shape (3389, 2) instead
2024-11-09 13:06:35,791 - TradingSystem - ERROR - Error training model for AXP: Data must be 1-dimensional, got ndarray of shape (3389, 2) instead
2024-11-09 13:06:39,637 - TradingSystem - ERROR - Error training model for PFE: Data must be 1-dimensional, got ndarray of shape (3389, 1) instead
2024-11-09 13:06:39,656 - TradingSystem - ERROR - Error training model for MRK: Data must be 1-dimensional, got ndarray of shape (3389, 1) instead
2024-11-09 13:06:40,387 - TradingSystem - ERROR - Error training model for JNJ: Data must be 1-dimensional, got ndarray of shape (3389, 1) instead
2024-11-09 13:06:40,583 - TradingSystem - ERROR - Error training model for UNH: Data must be 1-dimensional, got ndarray of shape (3389, 1) instead
2024-11-09 13:06:41,438 - TradingSystem - ERROR - Error training model for ABT: Data must be 1-dimensional, got ndarray of shape (3389, 1) instead
2024-11-09 13:06:41,540 - TradingSystem - ERROR - Error training model for TMO: Data must be 1-dimensional, got ndarray of shape (3389, 1) instead
2024-11-09 13:06:46,491 - TradingSystem - ERROR - Error training model for LLY: Data must be 1-dimensional, got ndarray of shape (3389, 2) instead
2024-11-09 13:06:46,688 - TradingSystem - ERROR - Error training model for DHR: Data must be 1-dimensional, got ndarray of shape (3389, 2) instead
2024-11-09 13:06:47,243 - TradingSystem - ERROR - Error downloading data for PG: No objects to concatenate
2024-11-09 13:06:49,286 - TradingSystem - ERROR - Error training model for BMY: Data must be 1-dimensional, got ndarray of shape (3389, 4) instead
2024-11-09 13:06:49,293 - TradingSystem - ERROR - Error training model for ABBV: Data must be 1-dimensional, got ndarray of shape (3389, 4) instead
2024-11-09 13:06:56,364 - TradingSystem - ERROR - Error training model for KO: Data must be 1-dimensional, got ndarray of shape (3389, 3) instead
2024-11-09 13:06:56,466 - TradingSystem - ERROR - Error training model for COST: Data must be 1-dimensional, got ndarray of shape (3389, 3) instead
2024-11-09 13:06:56,555 - TradingSystem - ERROR - Error training model for PEP: Data must be 1-dimensional, got ndarray of shape (3389, 3) instead
2024-11-09 13:06:56,606 - TradingSystem - ERROR - Error training model for WMT: Data must be 1-dimensional, got ndarray of shape (3389, 3) instead
2024-11-09 13:07:02,684 - TradingSystem - ERROR - Error training model for MCD: Data must be 1-dimensional, got ndarray of shape (3389, 3) instead
2024-11-09 13:07:03,463 - TradingSystem - ERROR - Error training model for DIS: Data must be 1-dimensional, got ndarray of shape (3389, 4) instead
2024-11-09 13:07:03,636 - TradingSystem - ERROR - Error training model for SBUX: Data must be 1-dimensional, got ndarray of shape (3389, 4) instead
2024-11-09 13:07:05,039 - TradingSystem - ERROR - Error training model for NKE: Data must be 1-dimensional, got ndarray of shape (3389, 4) instead
2024-11-09 13:07:08,403 - TradingSystem - ERROR - Error training model for BA: Data must be 1-dimensional, got ndarray of shape (3389, 1) instead
2024-11-09 13:07:09,131 - TradingSystem - ERROR - Error training model for HD: Data must be 1-dimensional, got ndarray of shape (3389, 1) instead
2024-11-09 13:07:09,145 - TradingSystem - ERROR - Error training model for CAT: Data must be 1-dimensional, got ndarray of shape (3389, 1) instead
2024-11-09 13:07:09,240 - TradingSystem - ERROR - Error training model for HON: Data must be 1-dimensional, got ndarray of shape (3389, 1) instead
2024-11-09 13:07:09,299 - TradingSystem - ERROR - Error downloading data for GE: No objects to concatenate
2024-11-09 13:07:18,420 - TradingSystem - ERROR - Error training model for LMT: Data must be 1-dimensional, got ndarray of shape (3389, 4) instead
2024-11-09 13:07:19,909 - TradingSystem - ERROR - Error training model for RTX: Data must be 1-dimensional, got ndarray of shape (3389, 4) instead
2024-11-09 13:07:20,132 - TradingSystem - ERROR - Error training model for UPS: Data must be 1-dimensional, got ndarray of shape (3389, 4) instead
2024-11-09 13:07:20,942 - TradingSystem - ERROR - Error training model for MMM: Data must be 1-dimensional, got ndarray of shape (3389, 4) instead
2024-11-09 13:07:25,330 - TradingSystem - ERROR - Error training model for XOM: Data must be 1-dimensional, got ndarray of shape (3385, 1) instead
2024-11-09 13:07:25,480 - TradingSystem - ERROR - Error training model for DE: Data must be 1-dimensional, got ndarray of shape (3385, 1) instead
2024-11-09 13:07:25,566 - TradingSystem - ERROR - Error training model for CVX: Data must be 1-dimensional, got ndarray of shape (3385, 1) instead
2024-11-09 13:07:26,238 - TradingSystem - ERROR - Error training model for FDX: Data must be 1-dimensional, got ndarray of shape (3385, 1) instead
2024-11-09 13:07:31,495 - TradingSystem - ERROR - Error training model for COP: Data must be 1-dimensional, got ndarray of shape (3389, 2) instead
2024-11-09 13:07:31,503 - TradingSystem - ERROR - Error training model for SLB: Data must be 1-dimensional, got ndarray of shape (3389, 1) instead
2024-11-09 13:07:31,626 - TradingSystem - ERROR - Error training model for EOG: Data must be 1-dimensional, got ndarray of shape (3389, 2) instead
2024-11-09 13:07:31,663 - TradingSystem - ERROR - Error training model for PSX: Data must be 1-dimensional, got ndarray of shape (3389, 2) instead
2024-11-09 13:07:36,475 - TradingSystem - ERROR - Error training model for T: Data must be 1-dimensional, got ndarray of shape (3389, 1) instead
2024-11-09 13:07:37,898 - TradingSystem - ERROR - Error training model for VLO: Data must be 1-dimensional, got ndarray of shape (3389, 3) instead
2024-11-09 13:07:38,653 - TradingSystem - ERROR - Error training model for MPC: Data must be 1-dimensional, got ndarray of shape (3389, 3) instead
2024-11-09 13:07:38,988 - TradingSystem - ERROR - Error training model for OXY: Data must be 1-dimensional, got ndarray of shape (3389, 3) instead
2024-11-09 13:07:44,234 - TradingSystem - ERROR - Error training model for VZ: Data must be 1-dimensional, got ndarray of shape (3389, 1) instead
2024-11-09 13:07:44,242 - TradingSystem - ERROR - Error training model for TMUS: Data must be 1-dimensional, got ndarray of shape (3389, 1) instead
2024-11-09 13:07:44,519 - TradingSystem - ERROR - Error training model for NFLX: Data must be 1-dimensional, got ndarray of shape (3389, 1) instead
2024-11-09 13:07:44,752 - TradingSystem - ERROR - Error training model for CMCSA: Data must be 1-dimensional, got ndarray of shape (3389, 1) instead
2024-11-09 13:07:49,651 - TradingSystem - ERROR - Error training model for INTC: Data must be 1-dimensional, got ndarray of shape (3389, 4) instead
2024-11-09 13:07:50,478 - TradingSystem - ERROR - Error training model for AMD: Data must be 1-dimensional, got ndarray of shape (3389, 4) instead
2024-11-09 13:07:50,638 - TradingSystem - ERROR - Error training model for CSCO: Data must be 1-dimensional, got ndarray of shape (3389, 4) instead
2024-11-09 13:07:50,719 - TradingSystem - ERROR - Error training model for CRM: Data must be 1-dimensional, got ndarray of shape (3389, 4) instead
2024-11-09 13:07:57,813 - TradingSystem - ERROR - Error training model for PLD: Data must be 1-dimensional, got ndarray of shape (3389, 1) instead
2024-11-09 13:07:58,578 - TradingSystem - ERROR - Error training model for QCOM: Data must be 1-dimensional, got ndarray of shape (3389, 1) instead
2024-11-09 13:07:58,864 - TradingSystem - ERROR - Error training model for CCI: Data must be 1-dimensional, got ndarray of shape (3389, 1) instead
2024-11-09 13:07:58,893 - TradingSystem - ERROR - Error training model for AMT: Data must be 1-dimensional, got ndarray of shape (3389, 1) instead
2024-11-09 13:08:03,750 - TradingSystem - ERROR - Error training model for LIN: Data must be 1-dimensional, got ndarray of shape (3389, 4) instead
2024-11-09 13:08:03,839 - TradingSystem - ERROR - Error training model for SPG: Data must be 1-dimensional, got ndarray of shape (3389, 3) instead
2024-11-09 13:08:04,461 - TradingSystem - ERROR - Error training model for APD: Data must be 1-dimensional, got ndarray of shape (3389, 4) instead
2024-11-09 13:08:04,480 - TradingSystem - ERROR - Error training model for SHW: Data must be 1-dimensional, got ndarray of shape (3389, 4) instead
2024-11-09 13:08:12,749 - TradingSystem - ERROR - Error training model for FCX: Data must be 1-dimensional, got ndarray of shape (3389, 1) instead
2024-11-09 13:08:14,221 - TradingSystem - ERROR - Error training model for NEM: Data must be 1-dimensional, got ndarray of shape (3389, 1) instead
2024-11-09 13:08:14,732 - TradingSystem - ERROR - Error training model for BRK-B: Data must be 1-dimensional, got ndarray of shape (3389, 2) instead
2024-11-09 13:08:15,226 - TradingSystem - ERROR - Error training model for DOW: Data must be 1-dimensional, got ndarray of shape (3389, 2) instead
2024-11-09 13:08:19,201 - TradingSystem - ERROR - Error training model for EFA: Data must be 1-dimensional, got ndarray of shape (3389, 1) instead
2024-11-09 13:08:20,088 - TradingSystem - ERROR - Error training model for SPY: Data must be 1-dimensional, got ndarray of shape (3389, 1) instead
2024-11-09 13:08:20,407 - TradingSystem - ERROR - Error training model for QQQ: Data must be 1-dimensional, got ndarray of shape (3389, 1) instead
2024-11-09 13:08:21,557 - TradingSystem - ERROR - Error downloading data for AIG: No objects to concatenate
2024-11-09 13:08:21,588 - TradingSystem - ERROR - Error training model for IWM: Data must be 1-dimensional, got ndarray of shape (3389, 1) instead
2024-11-09 13:08:25,445 - TradingSystem - ERROR - Error training model for PRU: Data must be 1-dimensional, got ndarray of shape (3389, 1) instead
2024-11-09 13:08:28,401 - TradingSystem - ERROR - Error training model for ALL: Data must be 1-dimensional, got ndarray of shape (3389, 2) instead
2024-11-09 13:08:29,548 - TradingSystem - ERROR - Error training model for TRV: Data must be 1-dimensional, got ndarray of shape (3389, 2) instead
2024-11-09 13:08:29,827 - TradingSystem - ERROR - Error training model for SQ: Data must be 1-dimensional, got ndarray of shape (3389, 2) instead
2024-11-09 13:08:29,858 - TradingSystem - ERROR - Error training model for PYPL: Data must be 1-dimensional, got ndarray of shape (3389, 2) instead
2024-11-09 13:08:34,802 - TradingSystem - ERROR - Error training model for UBER: Data must be 1-dimensional, got ndarray of shape (3389, 1) instead
2024-11-09 13:08:35,395 - TradingSystem - ERROR - Error training model for SHOP: Data must be 1-dimensional, got ndarray of shape (3389, 1) instead
2024-11-09 13:08:35,541 - TradingSystem - ERROR - Error training model for ZM: Data must be 1-dimensional, got ndarray of shape (3389, 1) instead
2024-11-09 13:08:35,579 - TradingSystem - ERROR - Error training model for ABNB: Data must be 1-dimensional, got ndarray of shape (3389, 1) instead
2024-11-09 13:08:40,024 - TradingSystem - ERROR - Error training model for U: Data must be 1-dimensional, got ndarray of shape (3389, 4) instead
2024-11-09 13:08:40,028 - TradingSystem - ERROR - Error training model for PLTR: Data must be 1-dimensional, got ndarray of shape (3389, 4) instead
2024-11-09 13:08:40,028 - TradingSystem - ERROR - Error training model for PINS: Data must be 1-dimensional, got ndarray of shape (3389, 4) instead
2024-11-09 13:08:40,139 - TradingSystem - ERROR - Error training model for SNAP: Data must be 1-dimensional, got ndarray of shape (3389, 4) instead
2024-11-09 13:08:40,142 - TradingSystem - INFO - Training interrupted by user
