2024-11-09 09:29:35,807 - TradingSystem - INFO - Logger initialized
2024-11-09 09:29:35,825 - TradingSystem - INFO - Starting market training with 98 tickers
2024-11-09 09:29:40,927 - TradingSystem - ERROR - Error training model for MSFT: Data must be 1-dimensional, got ndarray of shape (3432, 2) instead
2024-11-09 09:29:40,927 - TradingSystem - ERROR - Error training model for AAPL: Data must be 1-dimensional, got ndarray of shape (3432, 2) instead
2024-11-09 09:29:40,928 - TradingSystem - ERROR - Error training model for AMZN: Data must be 1-dimensional, got ndarray of shape (3432, 2) instead
2024-11-09 09:29:40,959 - TradingSystem - ERROR - Error training model for GOOGL: Data must be 1-dimensional, got ndarray of shape (3432, 2) instead
2024-11-09 09:29:41,888 - TradingSystem - ERROR - Error training model for TSLA: Data must be 1-dimensional, got ndarray of shape (3432, 1) instead
2024-11-09 09:29:41,901 - TradingSystem - ERROR - Error training model for META: Data must be 1-dimensional, got ndarray of shape (3432, 1) instead
2024-11-09 09:29:41,914 - TradingSystem - ERROR - Error training model for TSM: Data must be 1-dimensional, got ndarray of shape (3432, 1) instead
2024-11-09 09:29:41,916 - TradingSystem - ERROR - Error training model for NVDA: Data must be 1-dimensional, got ndarray of shape (3432, 1) instead
2024-11-09 09:29:42,900 - TradingSystem - ERROR - Error training model for JPM: Data must be 1-dimensional, got ndarray of shape (3432, 1) instead
2024-11-09 09:29:42,903 - TradingSystem - ERROR - Error training model for AVGO: Data must be 1-dimensional, got ndarray of shape (3432, 1) instead
2024-11-09 09:29:43,057 - TradingSystem - ERROR - Error training model for ORCL: Data must be 1-dimensional, got ndarray of shape (3432, 1) instead
2024-11-09 09:29:43,252 - TradingSystem - ERROR - Error training model for V: Data must be 1-dimensional, got ndarray of shape (3432, 1) instead
2024-11-09 09:29:44,163 - TradingSystem - ERROR - Error training model for MA: Data must be 1-dimensional, got ndarray of shape (3432, 1) instead
2024-11-09 09:29:44,259 - TradingSystem - ERROR - Error training model for MS: Data must be 1-dimensional, got ndarray of shape (3432, 1) instead
2024-11-09 09:29:44,265 - TradingSystem - ERROR - Error training model for WFC: Data must be 1-dimensional, got ndarray of shape (3432, 1) instead
2024-11-09 09:29:44,266 - TradingSystem - ERROR - Error training model for BAC: Data must be 1-dimensional, got ndarray of shape (3432, 1) instead
2024-11-09 09:29:48,452 - TradingSystem - ERROR - Error training model for GS: Data must be 1-dimensional, got ndarray of shape (3318, 1) instead
2024-11-09 09:29:51,232 - TradingSystem - ERROR - Error training model for C: Data must be 1-dimensional, got ndarray of shape (3432, 2) instead
2024-11-09 09:29:54,107 - TradingSystem - ERROR - Error training model for JNJ: Data must be 1-dimensional, got ndarray of shape (3432, 1) instead
2024-11-09 09:29:54,183 - TradingSystem - ERROR - Error training model for UNH: Data must be 1-dimensional, got ndarray of shape (3432, 1) instead
2024-11-09 09:29:54,190 - TradingSystem - ERROR - Error training model for AXP: Data must be 1-dimensional, got ndarray of shape (3432, 2) instead
2024-11-09 09:29:54,197 - TradingSystem - ERROR - Error training model for BLK: Data must be 1-dimensional, got ndarray of shape (3432, 2) instead
2024-11-09 09:29:57,645 - TradingSystem - ERROR - Error training model for ABT: Data must be 1-dimensional, got ndarray of shape (3431, 1) instead
2024-11-09 09:29:58,064 - TradingSystem - ERROR - Error training model for PFE: Data must be 1-dimensional, got ndarray of shape (3431, 1) instead
2024-11-09 09:29:58,607 - TradingSystem - ERROR - Error training model for TMO: Data must be 1-dimensional, got ndarray of shape (3431, 1) instead
2024-11-09 09:29:58,626 - TradingSystem - ERROR - Error training model for MRK: Data must be 1-dimensional, got ndarray of shape (3431, 1) instead
2024-11-09 09:29:59,289 - TradingSystem - ERROR - Error training model for LLY: Data must be 1-dimensional, got ndarray of shape (3432, 1) instead
2024-11-09 09:29:59,737 - TradingSystem - ERROR - Error training model for DHR: Data must be 1-dimensional, got ndarray of shape (3432, 1) instead
2024-11-09 09:29:59,744 - TradingSystem - ERROR - Error training model for PG: Data must be 1-dimensional, got ndarray of shape (3432, 1) instead
2024-11-09 09:29:59,750 - TradingSystem - ERROR - Error training model for BMY: Data must be 1-dimensional, got ndarray of shape (3432, 1) instead
2024-11-09 09:30:00,027 - TradingSystem - ERROR - Error training model for ABBV: Data must be 1-dimensional, got ndarray of shape (3432, 1) instead
2024-11-09 09:30:01,158 - TradingSystem - ERROR - Error training model for KO: Data must be 1-dimensional, got ndarray of shape (3432, 1) instead
2024-11-09 09:30:01,181 - TradingSystem - ERROR - Error training model for PEP: Data must be 1-dimensional, got ndarray of shape (3432, 1) instead
2024-11-09 09:30:01,182 - TradingSystem - ERROR - Error training model for WMT: Data must be 1-dimensional, got ndarray of shape (3432, 2) instead
2024-11-09 09:30:01,189 - TradingSystem - ERROR - Error training model for COST: Data must be 1-dimensional, got ndarray of shape (3432, 1) instead
2024-11-09 09:30:02,591 - TradingSystem - ERROR - Error training model for NKE: Data must be 1-dimensional, got ndarray of shape (3432, 1) instead
2024-11-09 09:30:02,598 - TradingSystem - ERROR - Error training model for DIS: Data must be 1-dimensional, got ndarray of shape (3432, 1) instead
2024-11-09 09:30:03,071 - TradingSystem - ERROR - Error training model for SBUX: Data must be 1-dimensional, got ndarray of shape (3432, 1) instead
2024-11-09 09:30:03,458 - TradingSystem - ERROR - Error training model for MCD: Data must be 1-dimensional, got ndarray of shape (3432, 1) instead
2024-11-09 09:30:04,616 - TradingSystem - ERROR - Error training model for HON: Data must be 1-dimensional, got ndarray of shape (3432, 1) instead
2024-11-09 09:30:04,621 - TradingSystem - ERROR - Error training model for BA: Data must be 1-dimensional, got ndarray of shape (3432, 1) instead
2024-11-09 09:30:04,669 - TradingSystem - ERROR - Error training model for HD: Data must be 1-dimensional, got ndarray of shape (3432, 1) instead
2024-11-09 09:30:04,688 - TradingSystem - ERROR - Error training model for CAT: Data must be 1-dimensional, got ndarray of shape (3432, 1) instead
2024-11-09 09:30:06,051 - TradingSystem - ERROR - Error training model for RTX: Data must be 1-dimensional, got ndarray of shape (3432, 1) instead
2024-11-09 09:30:07,488 - TradingSystem - ERROR - Error training model for UPS: Data must be 1-dimensional, got ndarray of shape (3432, 1) instead
2024-11-09 09:30:07,491 - TradingSystem - ERROR - Error training model for GE: Data must be 1-dimensional, got ndarray of shape (3432, 1) instead
2024-11-09 09:30:07,533 - TradingSystem - ERROR - Error training model for MMM: Data must be 1-dimensional, got ndarray of shape (3432, 1) instead
2024-11-09 09:30:08,103 - TradingSystem - ERROR - Error training model for LMT: Data must be 1-dimensional, got ndarray of shape (3428, 1) instead
2024-11-09 09:30:08,105 - TradingSystem - ERROR - Error training model for XOM: Data must be 1-dimensional, got ndarray of shape (3428, 1) instead
2024-11-09 09:30:08,106 - TradingSystem - ERROR - Error training model for FDX: Data must be 1-dimensional, got ndarray of shape (3428, 1) instead
2024-11-09 09:30:08,127 - TradingSystem - ERROR - Error training model for DE: Data must be 1-dimensional, got ndarray of shape (3428, 1) instead
2024-11-09 09:30:08,782 - TradingSystem - ERROR - Error training model for CVX: Data must be 1-dimensional, got ndarray of shape (3428, 1) instead
2024-11-09 09:30:08,871 - TradingSystem - ERROR - Error training model for COP: Data must be 1-dimensional, got ndarray of shape (3432, 2) instead
2024-11-09 09:30:08,871 - TradingSystem - ERROR - Error training model for SLB: Data must be 1-dimensional, got ndarray of shape (3432, 2) instead
2024-11-09 09:30:09,303 - TradingSystem - ERROR - Error training model for EOG: Data must be 1-dimensional, got ndarray of shape (3432, 2) instead
2024-11-09 09:30:10,209 - TradingSystem - ERROR - Error training model for VLO: Data must be 1-dimensional, got ndarray of shape (3432, 1) instead
2024-11-09 09:30:10,272 - TradingSystem - ERROR - Error training model for PSX: Data must be 1-dimensional, got ndarray of shape (3432, 2) instead
2024-11-09 09:30:11,357 - TradingSystem - ERROR - Error training model for MPC: Data must be 1-dimensional, got ndarray of shape (3432, 1) instead
2024-11-09 09:30:11,372 - TradingSystem - ERROR - Error training model for OXY: Data must be 1-dimensional, got ndarray of shape (3432, 1) instead
2024-11-09 09:30:11,373 - TradingSystem - ERROR - Error training model for T: Data must be 1-dimensional, got ndarray of shape (3432, 1) instead
2024-11-09 09:30:11,376 - TradingSystem - ERROR - Error training model for VZ: Data must be 1-dimensional, got ndarray of shape (3432, 1) instead
2024-11-09 09:30:12,301 - TradingSystem - ERROR - Error training model for NFLX: Data must be 1-dimensional, got ndarray of shape (3432, 1) instead
2024-11-09 09:30:13,160 - TradingSystem - ERROR - Error training model for TMUS: Data must be 1-dimensional, got ndarray of shape (3432, 2) instead
2024-11-09 09:30:13,329 - TradingSystem - ERROR - Error training model for CMCSA: Data must be 1-dimensional, got ndarray of shape (3432, 1) instead
2024-11-09 09:30:13,504 - TradingSystem - ERROR - Error training model for CRM: Data must be 1-dimensional, got ndarray of shape (3432, 2) instead
2024-11-09 09:30:14,307 - TradingSystem - ERROR - Error training model for CSCO: Data must be 1-dimensional, got ndarray of shape (3432, 1) instead
2024-11-09 09:30:14,727 - TradingSystem - ERROR - Error training model for INTC: Data must be 1-dimensional, got ndarray of shape (3432, 1) instead
2024-11-09 09:30:14,734 - TradingSystem - ERROR - Error training model for AMD: Data must be 1-dimensional, got ndarray of shape (3432, 1) instead
2024-11-09 09:30:14,745 - TradingSystem - ERROR - Error training model for QCOM: Data must be 1-dimensional, got ndarray of shape (3432, 1) instead
2024-11-09 09:30:15,640 - TradingSystem - ERROR - Error training model for CCI: Data must be 1-dimensional, got ndarray of shape (3432, 1) instead
2024-11-09 09:30:16,976 - TradingSystem - ERROR - Error training model for AMT: Data must be 1-dimensional, got ndarray of shape (3432, 2) instead
2024-11-09 09:30:17,149 - TradingSystem - ERROR - Error training model for PLD: Data must be 1-dimensional, got ndarray of shape (3432, 2) instead
2024-11-09 09:30:17,152 - TradingSystem - ERROR - Error training model for SPG: Data must be 1-dimensional, got ndarray of shape (3432, 2) instead
2024-11-09 09:30:18,673 - TradingSystem - ERROR - Error training model for SHW: Data must be 1-dimensional, got ndarray of shape (3429, 1) instead
2024-11-09 09:30:18,848 - TradingSystem - ERROR - Error training model for APD: Data must be 1-dimensional, got ndarray of shape (3429, 1) instead
2024-11-09 09:30:18,875 - TradingSystem - ERROR - Error training model for LIN: Data must be 1-dimensional, got ndarray of shape (3429, 1) instead
2024-11-09 09:30:18,877 - TradingSystem - ERROR - Error training model for FCX: Data must be 1-dimensional, got ndarray of shape (3429, 1) instead
2024-11-09 09:30:21,016 - TradingSystem - ERROR - Error training model for BRK-B: Data must be 1-dimensional, got ndarray of shape (3432, 1) instead
2024-11-09 09:30:21,017 - TradingSystem - ERROR - Error training model for NEM: Data must be 1-dimensional, got ndarray of shape (3432, 1) instead
2024-11-09 09:30:21,058 - TradingSystem - ERROR - Error training model for DOW: Data must be 1-dimensional, got ndarray of shape (3432, 1) instead
2024-11-09 09:30:21,205 - TradingSystem - ERROR - Error training model for SPY: Data must be 1-dimensional, got ndarray of shape (3432, 1) instead
2024-11-09 09:30:22,905 - TradingSystem - ERROR - Error training model for IWM: Data must be 1-dimensional, got ndarray of shape (3432, 1) instead
2024-11-09 09:30:22,906 - TradingSystem - ERROR - Error training model for EFA: Data must be 1-dimensional, got ndarray of shape (3432, 1) instead
2024-11-09 09:30:22,907 - TradingSystem - ERROR - Error training model for QQQ: Data must be 1-dimensional, got ndarray of shape (3432, 1) instead
2024-11-09 09:30:22,921 - TradingSystem - ERROR - Error training model for PRU: Data must be 1-dimensional, got ndarray of shape (3432, 1) instead
2024-11-09 09:30:25,099 - TradingSystem - ERROR - Error training model for ALL: Data must be 1-dimensional, got ndarray of shape (3431, 1) instead
2024-11-09 09:30:25,102 - TradingSystem - ERROR - Error training model for PYPL: Data must be 1-dimensional, got ndarray of shape (3431, 1) instead
2024-11-09 09:30:25,105 - TradingSystem - ERROR - Error training model for TRV: Data must be 1-dimensional, got ndarray of shape (3431, 1) instead
2024-11-09 09:30:25,111 - TradingSystem - ERROR - Error training model for AIG: Data must be 1-dimensional, got ndarray of shape (3431, 1) instead
2024-11-09 09:30:26,756 - TradingSystem - ERROR - Error training model for SQ: Data must be 1-dimensional, got ndarray of shape (3432, 1) instead
2024-11-09 09:30:26,757 - TradingSystem - ERROR - Error training model for UBER: Data must be 1-dimensional, got ndarray of shape (3432, 1) instead
2024-11-09 09:30:26,760 - TradingSystem - ERROR - Error training model for ABNB: Data must be 1-dimensional, got ndarray of shape (3432, 1) instead
2024-11-09 09:30:26,763 - TradingSystem - ERROR - Error training model for ZM: Data must be 1-dimensional, got ndarray of shape (3432, 1) instead
2024-11-09 09:30:27,170 - TradingSystem - ERROR - Error training model for PINS: Data must be 1-dimensional, got ndarray of shape (3432, 1) instead
2024-11-09 09:30:27,773 - TradingSystem - ERROR - Error training model for SNAP: Data must be 1-dimensional, got ndarray of shape (3432, 1) instead
2024-11-09 09:30:27,775 - TradingSystem - ERROR - Error training model for SHOP: Data must be 1-dimensional, got ndarray of shape (3432, 1) instead
2024-11-09 09:30:27,776 - TradingSystem - ERROR - Error training model for U: Data must be 1-dimensional, got ndarray of shape (3432, 1) instead
2024-11-09 09:30:27,935 - TradingSystem - ERROR - Error training model for PLTR: Data must be 1-dimensional, got ndarray of shape (3432, 2) instead
2024-11-09 09:30:27,938 - TradingSystem - INFO - Market training completed successfully!
