2024-11-09 09:33:50,948 - TradingSystem - INFO - Logger initialized
2024-11-09 09:33:50,960 - TradingSystem - INFO - Starting market training with 98 tickers
2024-11-09 09:34:18,182 - TradingSystem - ERROR - Error training model for GOOGL: Data must be 1-dimensional, got ndarray of shape (3432, 4) instead
2024-11-09 09:34:18,183 - TradingSystem - ERROR - Error training model for AMZN: Data must be 1-dimensional, got ndarray of shape (3432, 4) instead
2024-11-09 09:34:18,186 - TradingSystem - ERROR - Error training model for AAPL: Data must be 1-dimensional, got ndarray of shape (3432, 4) instead
2024-11-09 09:34:18,187 - TradingSystem - ERROR - Error training model for MSFT: Data must be 1-dimensional, got ndarray of shape (3432, 4) instead
2024-11-09 09:34:19,854 - TradingSystem - ERROR - Error training model for TSLA: Data must be 1-dimensional, got ndarray of shape (3432, 3) instead
2024-11-09 09:34:19,862 - TradingSystem - ERROR - Error training model for TSM: Data must be 1-dimensional, got ndarray of shape (3432, 2) instead
2024-11-09 09:34:19,862 - TradingSystem - ERROR - Error training model for META: Data must be 1-dimensional, got ndarray of shape (3432, 2) instead
2024-11-09 09:34:19,871 - TradingSystem - ERROR - Error training model for NVDA: Data must be 1-dimensional, got ndarray of shape (3432, 3) instead
2024-11-09 09:34:19,875 - TradingSystem - ERROR - Error downloading data for JPM: No objects to concatenate
2024-11-09 09:34:20,676 - TradingSystem - ERROR - Error training model for ORCL: Data must be 1-dimensional, got ndarray of shape (3432, 1) instead
2024-11-09 09:34:20,678 - TradingSystem - ERROR - Error training model for V: Data must be 1-dimensional, got ndarray of shape (3432, 1) instead
2024-11-09 09:34:20,684 - TradingSystem - ERROR - Error training model for MA: Data must be 1-dimensional, got ndarray of shape (3432, 1) instead
2024-11-09 09:34:20,705 - TradingSystem - ERROR - Error training model for AVGO: Data must be 1-dimensional, got ndarray of shape (3432, 1) instead
2024-11-09 09:34:20,915 - TradingSystem - ERROR - Error training model for BAC: Data must be 1-dimensional, got ndarray of shape (3432, 1) instead
2024-11-09 09:34:20,922 - TradingSystem - ERROR - Error training model for WFC: Data must be 1-dimensional, got ndarray of shape (3432, 1) instead
2024-11-09 09:34:20,927 - TradingSystem - ERROR - Error training model for MS: Data must be 1-dimensional, got ndarray of shape (3432, 1) instead
2024-11-09 09:34:20,932 - TradingSystem - ERROR - Error training model for GS: Data must be 1-dimensional, got ndarray of shape (3432, 1) instead
2024-11-09 09:34:21,277 - TradingSystem - ERROR - Error training model for BLK: Data must be 1-dimensional, got ndarray of shape (3432, 1) instead
2024-11-09 09:34:21,277 - TradingSystem - ERROR - Error training model for JNJ: Data must be 1-dimensional, got ndarray of shape (3432, 1) instead
2024-11-09 09:34:21,278 - TradingSystem - ERROR - Error training model for C: Data must be 1-dimensional, got ndarray of shape (3432, 1) instead
2024-11-09 09:34:21,282 - TradingSystem - ERROR - Error training model for AXP: Data must be 1-dimensional, got ndarray of shape (3432, 1) instead
2024-11-09 09:34:22,647 - TradingSystem - ERROR - Error training model for UNH: Data must be 1-dimensional, got ndarray of shape (3432, 2) instead
2024-11-09 09:34:22,654 - TradingSystem - ERROR - Error training model for MRK: Data must be 1-dimensional, got ndarray of shape (3432, 2) instead
2024-11-09 09:34:22,660 - TradingSystem - ERROR - Error training model for PFE: Data must be 1-dimensional, got ndarray of shape (3432, 2) instead
2024-11-09 09:34:22,665 - TradingSystem - ERROR - Error training model for ABT: Data must be 1-dimensional, got ndarray of shape (3432, 2) instead
2024-11-09 09:34:23,103 - TradingSystem - ERROR - Error training model for DHR: Data must be 1-dimensional, got ndarray of shape (3317, 1) instead
2024-11-09 09:34:23,107 - TradingSystem - ERROR - Error training model for BMY: Data must be 1-dimensional, got ndarray of shape (3317, 1) instead
2024-11-09 09:34:23,109 - TradingSystem - ERROR - Error training model for LLY: Data must be 1-dimensional, got ndarray of shape (3317, 1) instead
2024-11-09 09:34:23,113 - TradingSystem - ERROR - Error training model for TMO: Data must be 1-dimensional, got ndarray of shape (3317, 1) instead
2024-11-09 09:34:23,306 - TradingSystem - ERROR - Error training model for PEP: Data must be 1-dimensional, got ndarray of shape (3432, 1) instead
2024-11-09 09:34:23,312 - TradingSystem - ERROR - Error training model for PG: Data must be 1-dimensional, got ndarray of shape (3432, 1) instead
2024-11-09 09:34:23,312 - TradingSystem - ERROR - Error training model for KO: Data must be 1-dimensional, got ndarray of shape (3432, 1) instead
2024-11-09 09:34:23,314 - TradingSystem - ERROR - Error training model for ABBV: Data must be 1-dimensional, got ndarray of shape (3432, 1) instead
2024-11-09 09:34:24,028 - TradingSystem - ERROR - Error training model for COST: Data must be 1-dimensional, got ndarray of shape (3432, 1) instead
2024-11-09 09:34:24,031 - TradingSystem - ERROR - Error training model for NKE: Data must be 1-dimensional, got ndarray of shape (3432, 1) instead
2024-11-09 09:34:24,037 - TradingSystem - ERROR - Error training model for MCD: Data must be 1-dimensional, got ndarray of shape (3432, 1) instead
2024-11-09 09:34:24,044 - TradingSystem - ERROR - Error training model for WMT: Data must be 1-dimensional, got ndarray of shape (3432, 1) instead
2024-11-09 09:34:24,493 - TradingSystem - ERROR - Error training model for DIS: Data must be 1-dimensional, got ndarray of shape (3431, 1) instead
2024-11-09 09:34:24,630 - TradingSystem - ERROR - Error training model for HD: Data must be 1-dimensional, got ndarray of shape (3431, 1) instead
2024-11-09 09:34:24,693 - TradingSystem - ERROR - Error training model for CAT: Data must be 1-dimensional, got ndarray of shape (3431, 1) instead
2024-11-09 09:34:24,714 - TradingSystem - ERROR - Error training model for SBUX: Data must be 1-dimensional, got ndarray of shape (3431, 1) instead
2024-11-09 09:34:24,838 - TradingSystem - ERROR - Error training model for BA: Data must be 1-dimensional, got ndarray of shape (3432, 1) instead
2024-11-09 09:34:25,513 - TradingSystem - ERROR - Error training model for GE: Data must be 1-dimensional, got ndarray of shape (3432, 1) instead
2024-11-09 09:34:25,598 - TradingSystem - ERROR - Error training model for UPS: Data must be 1-dimensional, got ndarray of shape (3432, 1) instead
2024-11-09 09:34:25,607 - TradingSystem - ERROR - Error training model for HON: Data must be 1-dimensional, got ndarray of shape (3432, 1) instead
2024-11-09 09:34:25,608 - TradingSystem - ERROR - Error training model for MMM: Data must be 1-dimensional, got ndarray of shape (3432, 1) instead
2024-11-09 09:34:26,716 - TradingSystem - ERROR - Error training model for FDX: Data must be 1-dimensional, got ndarray of shape (3432, 4) instead
2024-11-09 09:34:26,737 - TradingSystem - ERROR - Error training model for RTX: Data must be 1-dimensional, got ndarray of shape (3432, 4) instead
2024-11-09 09:34:26,741 - TradingSystem - ERROR - Error training model for DE: Data must be 1-dimensional, got ndarray of shape (3432, 4) instead
2024-11-09 09:34:26,743 - TradingSystem - ERROR - Error training model for LMT: Data must be 1-dimensional, got ndarray of shape (3432, 4) instead
2024-11-09 09:34:27,265 - TradingSystem - ERROR - Error training model for SLB: Data must be 1-dimensional, got ndarray of shape (3432, 1) instead
2024-11-09 09:34:27,314 - TradingSystem - ERROR - Error training model for XOM: Data must be 1-dimensional, got ndarray of shape (3432, 2) instead
2024-11-09 09:34:27,328 - TradingSystem - ERROR - Error training model for COP: Data must be 1-dimensional, got ndarray of shape (3432, 2) instead
2024-11-09 09:34:27,330 - TradingSystem - ERROR - Error training model for CVX: Data must be 1-dimensional, got ndarray of shape (3432, 2) instead
2024-11-09 09:34:27,626 - TradingSystem - ERROR - Error training model for EOG: Data must be 1-dimensional, got ndarray of shape (3432, 1) instead
2024-11-09 09:34:27,641 - TradingSystem - ERROR - Error training model for MPC: Data must be 1-dimensional, got ndarray of shape (3432, 1) instead
2024-11-09 09:34:27,644 - TradingSystem - ERROR - Error training model for VLO: Data must be 1-dimensional, got ndarray of shape (3432, 1) instead
2024-11-09 09:34:27,645 - TradingSystem - ERROR - Error training model for PSX: Data must be 1-dimensional, got ndarray of shape (3432, 1) instead
2024-11-09 09:34:28,229 - TradingSystem - ERROR - Error training model for T: Data must be 1-dimensional, got ndarray of shape (3432, 1) instead
2024-11-09 09:34:28,234 - TradingSystem - ERROR - Error training model for VZ: Data must be 1-dimensional, got ndarray of shape (3432, 1) instead
2024-11-09 09:34:28,239 - TradingSystem - ERROR - Error training model for TMUS: Data must be 1-dimensional, got ndarray of shape (3432, 1) instead
2024-11-09 09:34:28,253 - TradingSystem - ERROR - Error training model for OXY: Data must be 1-dimensional, got ndarray of shape (3432, 1) instead
2024-11-09 09:34:28,271 - TradingSystem - ERROR - Error downloading data for NFLX: No objects to concatenate
2024-11-09 09:34:28,442 - TradingSystem - ERROR - Error training model for CRM: Data must be 1-dimensional, got ndarray of shape (3432, 1) instead
2024-11-09 09:34:28,450 - TradingSystem - ERROR - Error training model for CSCO: Data must be 1-dimensional, got ndarray of shape (3432, 1) instead
2024-11-09 09:34:28,451 - TradingSystem - ERROR - Error training model for INTC: Data must be 1-dimensional, got ndarray of shape (3432, 1) instead
2024-11-09 09:34:28,461 - TradingSystem - ERROR - Error training model for CMCSA: Data must be 1-dimensional, got ndarray of shape (3432, 1) instead
2024-11-09 09:34:28,764 - TradingSystem - ERROR - Error training model for QCOM: Data must be 1-dimensional, got ndarray of shape (3432, 1) instead
2024-11-09 09:34:28,774 - TradingSystem - ERROR - Error training model for AMT: Data must be 1-dimensional, got ndarray of shape (3432, 1) instead
2024-11-09 09:34:28,780 - TradingSystem - ERROR - Error training model for PLD: Data must be 1-dimensional, got ndarray of shape (3432, 1) instead
2024-11-09 09:34:28,783 - TradingSystem - ERROR - Error training model for AMD: Data must be 1-dimensional, got ndarray of shape (3432, 1) instead
2024-11-09 09:34:29,399 - TradingSystem - ERROR - Error training model for APD: Data must be 1-dimensional, got ndarray of shape (3432, 1) instead
2024-11-09 09:34:29,404 - TradingSystem - ERROR - Error training model for LIN: Data must be 1-dimensional, got ndarray of shape (3432, 1) instead
2024-11-09 09:34:29,405 - TradingSystem - ERROR - Error training model for SPG: Data must be 1-dimensional, got ndarray of shape (3432, 1) instead
2024-11-09 09:34:29,414 - TradingSystem - ERROR - Error training model for CCI: Data must be 1-dimensional, got ndarray of shape (3432, 1) instead
2024-11-09 09:34:29,707 - TradingSystem - ERROR - Error training model for FCX: Data must be 1-dimensional, got ndarray of shape (3432, 1) instead
2024-11-09 09:34:29,710 - TradingSystem - ERROR - Error training model for SHW: Data must be 1-dimensional, got ndarray of shape (3432, 1) instead
2024-11-09 09:34:29,725 - TradingSystem - ERROR - Error training model for DOW: Data must be 1-dimensional, got ndarray of shape (3432, 1) instead
2024-11-09 09:34:29,726 - TradingSystem - ERROR - Error training model for NEM: Data must be 1-dimensional, got ndarray of shape (3432, 1) instead
2024-11-09 09:34:29,981 - TradingSystem - ERROR - Error training model for QQQ: Data must be 1-dimensional, got ndarray of shape (3432, 1) instead
2024-11-09 09:34:29,985 - TradingSystem - ERROR - Error training model for SPY: Data must be 1-dimensional, got ndarray of shape (3432, 1) instead
2024-11-09 09:34:29,991 - TradingSystem - ERROR - Error training model for BRK-B: Data must be 1-dimensional, got ndarray of shape (3432, 1) instead
2024-11-09 09:34:29,993 - TradingSystem - ERROR - Error training model for IWM: Data must be 1-dimensional, got ndarray of shape (3432, 1) instead
2024-11-09 09:34:30,189 - TradingSystem - ERROR - Error training model for AIG: Data must be 1-dimensional, got ndarray of shape (3432, 1) instead
2024-11-09 09:34:30,194 - TradingSystem - ERROR - Error training model for PRU: Data must be 1-dimensional, got ndarray of shape (3432, 1) instead
2024-11-09 09:34:30,194 - TradingSystem - ERROR - Error training model for EFA: Data must be 1-dimensional, got ndarray of shape (3432, 1) instead
2024-11-09 09:34:30,292 - TradingSystem - ERROR - Error training model for ALL: Data must be 1-dimensional, got ndarray of shape (3432, 1) instead
2024-11-09 09:34:30,315 - TradingSystem - ERROR - Error training model for SQ: Data must be 1-dimensional, got ndarray of shape (3432, 1) instead
2024-11-09 09:34:30,329 - TradingSystem - ERROR - Error training model for PYPL: Data must be 1-dimensional, got ndarray of shape (3432, 1) instead
2024-11-09 09:34:30,329 - TradingSystem - ERROR - Error training model for TRV: Data must be 1-dimensional, got ndarray of shape (3432, 1) instead
2024-11-09 09:34:30,627 - TradingSystem - ERROR - Error training model for ZM: Data must be 1-dimensional, got ndarray of shape (3432, 1) instead
2024-11-09 09:34:30,639 - TradingSystem - ERROR - Error training model for SHOP: Data must be 1-dimensional, got ndarray of shape (3432, 1) instead
2024-11-09 09:34:30,647 - TradingSystem - ERROR - Error training model for ABNB: Data must be 1-dimensional, got ndarray of shape (3432, 1) instead
2024-11-09 09:34:30,647 - TradingSystem - ERROR - Error training model for UBER: Data must be 1-dimensional, got ndarray of shape (3432, 1) instead
2024-11-09 09:34:30,874 - TradingSystem - ERROR - Error training model for PLTR: Data must be 1-dimensional, got ndarray of shape (3432, 1) instead
2024-11-09 09:34:30,888 - TradingSystem - ERROR - Error training model for SNAP: Data must be 1-dimensional, got ndarray of shape (3432, 1) instead
2024-11-09 09:34:31,000 - TradingSystem - ERROR - Error training model for PINS: Data must be 1-dimensional, got ndarray of shape (3432, 1) instead
2024-11-09 09:34:31,002 - TradingSystem - ERROR - Error training model for U: Data must be 1-dimensional, got ndarray of shape (3432, 1) instead
2024-11-09 09:34:31,007 - TradingSystem - INFO - Market training completed successfully!
