2024-11-09 09:26:47,528 - TradingSystem - INFO - Logger initialized
2024-11-09 09:26:47,541 - TradingSystem - INFO - Starting market training with 98 tickers
2024-11-09 09:26:55,600 - TradingSystem - ERROR - Error training model for MSFT: Data must be 1-dimensional, got ndarray of shape (3432, 3) instead
2024-11-09 09:26:55,605 - TradingSystem - ERROR - Error training model for AAPL: Data must be 1-dimensional, got ndarray of shape (3432, 3) instead
2024-11-09 09:26:55,606 - TradingSystem - ERROR - Error training model for GOOGL: Data must be 1-dimensional, got ndarray of shape (3432, 3) instead
2024-11-09 09:26:55,643 - TradingSystem - ERROR - Error training model for AMZN: Data must be 1-dimensional, got ndarray of shape (3432, 4) instead
2024-11-09 09:26:56,337 - TradingSystem - ERROR - Error training model for TSLA: Data must be 1-dimensional, got ndarray of shape (3432, 1) instead
2024-11-09 09:26:56,339 - TradingSystem - ERROR - Error training model for TSM: Data must be 1-dimensional, got ndarray of shape (3432, 1) instead
2024-11-09 09:26:56,360 - TradingSystem - ERROR - Error training model for META: Data must be 1-dimensional, got ndarray of shape (3432, 1) instead
2024-11-09 09:26:56,377 - TradingSystem - ERROR - Error training model for NVDA: Data must be 1-dimensional, got ndarray of shape (3432, 1) instead
2024-11-09 09:26:56,827 - TradingSystem - ERROR - Error training model for AVGO: Data must be 1-dimensional, got ndarray of shape (3432, 1) instead
2024-11-09 09:26:56,996 - TradingSystem - ERROR - Error training model for V: Data must be 1-dimensional, got ndarray of shape (3432, 1) instead
2024-11-09 09:26:57,011 - TradingSystem - ERROR - Error training model for ORCL: Data must be 1-dimensional, got ndarray of shape (3432, 1) instead
2024-11-09 09:26:57,016 - TradingSystem - ERROR - Error training model for JPM: Data must be 1-dimensional, got ndarray of shape (3432, 1) instead
2024-11-09 09:26:57,022 - TradingSystem - ERROR - Error training model for MA: Data must be 1-dimensional, got ndarray of shape (3432, 2) instead
2024-11-09 09:26:57,757 - TradingSystem - ERROR - Error training model for GS: Data must be 1-dimensional, got ndarray of shape (3432, 1) instead
2024-11-09 09:26:57,761 - TradingSystem - ERROR - Error training model for BAC: Data must be 1-dimensional, got ndarray of shape (3432, 1) instead
2024-11-09 09:26:57,765 - TradingSystem - ERROR - Error training model for WFC: Data must be 1-dimensional, got ndarray of shape (3432, 1) instead
2024-11-09 09:26:57,773 - TradingSystem - ERROR - Error training model for MS: Data must be 1-dimensional, got ndarray of shape (3432, 1) instead
2024-11-09 09:26:58,147 - TradingSystem - ERROR - Error training model for JNJ: Data must be 1-dimensional, got ndarray of shape (3432, 1) instead
2024-11-09 09:26:58,160 - TradingSystem - ERROR - Error training model for BLK: Data must be 1-dimensional, got ndarray of shape (3432, 1) instead
2024-11-09 09:26:58,472 - TradingSystem - ERROR - Error training model for AXP: Data must be 1-dimensional, got ndarray of shape (3432, 1) instead
2024-11-09 09:26:58,574 - TradingSystem - ERROR - Error training model for C: Data must be 1-dimensional, got ndarray of shape (3432, 1) instead
2024-11-09 09:26:58,579 - TradingSystem - ERROR - Error training model for UNH: Data must be 1-dimensional, got ndarray of shape (3318, 1) instead
2024-11-09 09:26:58,588 - TradingSystem - ERROR - Error training model for PFE: Data must be 1-dimensional, got ndarray of shape (3318, 1) instead
2024-11-09 09:26:58,595 - TradingSystem - ERROR - Error training model for MRK: Data must be 1-dimensional, got ndarray of shape (3432, 1) instead
2024-11-09 09:26:58,756 - TradingSystem - ERROR - Error training model for BMY: Data must be 1-dimensional, got ndarray of shape (3432, 1) instead
2024-11-09 09:26:58,778 - TradingSystem - ERROR - Error training model for ABT: Data must be 1-dimensional, got ndarray of shape (3432, 1) instead
2024-11-09 09:26:58,826 - TradingSystem - ERROR - Error training model for TMO: Data must be 1-dimensional, got ndarray of shape (3432, 1) instead
2024-11-09 09:26:58,849 - TradingSystem - ERROR - Error training model for DHR: Data must be 1-dimensional, got ndarray of shape (3432, 1) instead
2024-11-09 09:26:58,995 - TradingSystem - ERROR - Error training model for LLY: Data must be 1-dimensional, got ndarray of shape (3432, 1) instead
2024-11-09 09:26:59,004 - TradingSystem - ERROR - Error training model for PG: Data must be 1-dimensional, got ndarray of shape (3432, 1) instead
2024-11-09 09:26:59,011 - TradingSystem - ERROR - Error training model for ABBV: Data must be 1-dimensional, got ndarray of shape (3432, 1) instead
2024-11-09 09:26:59,013 - TradingSystem - ERROR - Error training model for KO: Data must be 1-dimensional, got ndarray of shape (3432, 1) instead
2024-11-09 09:26:59,838 - TradingSystem - ERROR - Error training model for PEP: Data must be 1-dimensional, got ndarray of shape (3432, 1) instead
2024-11-09 09:26:59,844 - TradingSystem - ERROR - Error training model for COST: Data must be 1-dimensional, got ndarray of shape (3432, 1) instead
2024-11-09 09:26:59,856 - TradingSystem - ERROR - Error training model for WMT: Data must be 1-dimensional, got ndarray of shape (3432, 1) instead
2024-11-09 09:26:59,857 - TradingSystem - ERROR - Error training model for NKE: Data must be 1-dimensional, got ndarray of shape (3432, 1) instead
2024-11-09 09:27:00,490 - TradingSystem - ERROR - Error training model for DIS: Data must be 1-dimensional, got ndarray of shape (3432, 1) instead
2024-11-09 09:27:00,500 - TradingSystem - ERROR - Error training model for HD: Data must be 1-dimensional, got ndarray of shape (3432, 1) instead
2024-11-09 09:27:00,505 - TradingSystem - ERROR - Error training model for MCD: Data must be 1-dimensional, got ndarray of shape (3432, 1) instead
2024-11-09 09:27:00,510 - TradingSystem - ERROR - Error training model for SBUX: Data must be 1-dimensional, got ndarray of shape (3432, 1) instead
2024-11-09 09:27:00,753 - TradingSystem - ERROR - Error training model for BA: Data must be 1-dimensional, got ndarray of shape (3432, 2) instead
2024-11-09 09:27:00,762 - TradingSystem - ERROR - Error training model for GE: Data must be 1-dimensional, got ndarray of shape (3432, 2) instead
2024-11-09 09:27:00,763 - TradingSystem - ERROR - Error training model for CAT: Data must be 1-dimensional, got ndarray of shape (3432, 2) instead
2024-11-09 09:27:00,763 - TradingSystem - ERROR - Error training model for HON: Data must be 1-dimensional, got ndarray of shape (3432, 2) instead
2024-11-09 09:27:01,046 - TradingSystem - ERROR - Error training model for RTX: Data must be 1-dimensional, got ndarray of shape (3432, 1) instead
2024-11-09 09:27:01,056 - TradingSystem - ERROR - Error training model for MMM: Data must be 1-dimensional, got ndarray of shape (3432, 1) instead
2024-11-09 09:27:01,060 - TradingSystem - ERROR - Error training model for UPS: Data must be 1-dimensional, got ndarray of shape (3432, 1) instead
2024-11-09 09:27:01,071 - TradingSystem - ERROR - Error training model for LMT: Data must be 1-dimensional, got ndarray of shape (3432, 1) instead
2024-11-09 09:27:01,362 - TradingSystem - ERROR - Error training model for CVX: Data must be 1-dimensional, got ndarray of shape (3432, 1) instead
2024-11-09 09:27:01,471 - TradingSystem - ERROR - Error training model for XOM: Data must be 1-dimensional, got ndarray of shape (3432, 1) instead
2024-11-09 09:27:01,476 - TradingSystem - ERROR - Error training model for FDX: Data must be 1-dimensional, got ndarray of shape (3432, 1) instead
2024-11-09 09:27:01,481 - TradingSystem - ERROR - Error training model for DE: Data must be 1-dimensional, got ndarray of shape (3432, 1) instead
2024-11-09 09:27:01,585 - TradingSystem - ERROR - Error training model for COP: Data must be 1-dimensional, got ndarray of shape (3432, 1) instead
2024-11-09 09:27:01,896 - TradingSystem - ERROR - Error training model for SLB: Data must be 1-dimensional, got ndarray of shape (3432, 1) instead
2024-11-09 09:27:01,939 - TradingSystem - ERROR - Error training model for VLO: Data must be 1-dimensional, got ndarray of shape (3432, 1) instead
2024-11-09 09:27:01,949 - TradingSystem - ERROR - Error training model for PSX: Data must be 1-dimensional, got ndarray of shape (3432, 1) instead
2024-11-09 09:27:01,956 - TradingSystem - ERROR - Error training model for EOG: Data must be 1-dimensional, got ndarray of shape (3432, 1) instead
2024-11-09 09:27:03,191 - TradingSystem - ERROR - Error training model for MPC: Data must be 1-dimensional, got ndarray of shape (3428, 1) instead
2024-11-09 09:27:03,196 - TradingSystem - ERROR - Error training model for OXY: Data must be 1-dimensional, got ndarray of shape (3432, 2) instead
2024-11-09 09:27:03,205 - TradingSystem - ERROR - Error training model for T: Data must be 1-dimensional, got ndarray of shape (3432, 2) instead
2024-11-09 09:27:03,208 - TradingSystem - ERROR - Error training model for VZ: Data must be 1-dimensional, got ndarray of shape (3432, 2) instead
2024-11-09 09:27:03,554 - TradingSystem - ERROR - Error training model for CMCSA: Data must be 1-dimensional, got ndarray of shape (3432, 1) instead
2024-11-09 09:27:03,555 - TradingSystem - ERROR - Error training model for CRM: Data must be 1-dimensional, got ndarray of shape (3432, 1) instead
2024-11-09 09:27:03,558 - TradingSystem - ERROR - Error training model for TMUS: Data must be 1-dimensional, got ndarray of shape (3432, 1) instead
2024-11-09 09:27:03,564 - TradingSystem - ERROR - Error training model for NFLX: Data must be 1-dimensional, got ndarray of shape (3432, 1) instead
2024-11-09 09:27:04,299 - TradingSystem - ERROR - Error training model for QCOM: Data must be 1-dimensional, got ndarray of shape (3432, 1) instead
2024-11-09 09:27:04,303 - TradingSystem - ERROR - Error training model for AMD: Data must be 1-dimensional, got ndarray of shape (3432, 1) instead
2024-11-09 09:27:04,310 - TradingSystem - ERROR - Error training model for CSCO: Data must be 1-dimensional, got ndarray of shape (3432, 1) instead
2024-11-09 09:27:04,314 - TradingSystem - ERROR - Error training model for INTC: Data must be 1-dimensional, got ndarray of shape (3432, 1) instead
2024-11-09 09:27:04,715 - TradingSystem - ERROR - Error training model for SPG: Data must be 1-dimensional, got ndarray of shape (3432, 1) instead
2024-11-09 09:27:04,718 - TradingSystem - ERROR - Error training model for PLD: Data must be 1-dimensional, got ndarray of shape (3432, 1) instead
2024-11-09 09:27:04,718 - TradingSystem - ERROR - Error training model for CCI: Data must be 1-dimensional, got ndarray of shape (3432, 1) instead
2024-11-09 09:27:04,719 - TradingSystem - ERROR - Error training model for AMT: Data must be 1-dimensional, got ndarray of shape (3432, 1) instead
2024-11-09 09:27:05,063 - TradingSystem - ERROR - Error training model for APD: Data must be 1-dimensional, got ndarray of shape (3432, 2) instead
2024-11-09 09:27:05,065 - TradingSystem - ERROR - Error training model for SHW: Data must be 1-dimensional, got ndarray of shape (3432, 2) instead
2024-11-09 09:27:05,066 - TradingSystem - ERROR - Error training model for FCX: Data must be 1-dimensional, got ndarray of shape (3432, 2) instead
2024-11-09 09:27:05,126 - TradingSystem - ERROR - Error training model for LIN: Data must be 1-dimensional, got ndarray of shape (3432, 2) instead
2024-11-09 09:27:05,318 - TradingSystem - ERROR - Error training model for SPY: Data must be 1-dimensional, got ndarray of shape (3432, 1) instead
2024-11-09 09:27:05,319 - TradingSystem - ERROR - Error training model for NEM: Data must be 1-dimensional, got ndarray of shape (3432, 1) instead
2024-11-09 09:27:05,325 - TradingSystem - ERROR - Error training model for BRK-B: Data must be 1-dimensional, got ndarray of shape (3432, 1) instead
2024-11-09 09:27:05,330 - TradingSystem - ERROR - Error training model for DOW: Data must be 1-dimensional, got ndarray of shape (3432, 1) instead
2024-11-09 09:27:06,045 - TradingSystem - ERROR - Error training model for EFA: Data must be 1-dimensional, got ndarray of shape (3432, 2) instead
2024-11-09 09:27:06,050 - TradingSystem - ERROR - Error training model for PRU: Data must be 1-dimensional, got ndarray of shape (3432, 1) instead
2024-11-09 09:27:06,057 - TradingSystem - ERROR - Error training model for QQQ: Data must be 1-dimensional, got ndarray of shape (3432, 2) instead
2024-11-09 09:27:06,062 - TradingSystem - ERROR - Error training model for IWM: Data must be 1-dimensional, got ndarray of shape (3432, 2) instead
2024-11-09 09:27:06,431 - TradingSystem - ERROR - Error training model for ALL: Data must be 1-dimensional, got ndarray of shape (3432, 1) instead
2024-11-09 09:27:06,444 - TradingSystem - ERROR - Error training model for PYPL: Data must be 1-dimensional, got ndarray of shape (3432, 1) instead
2024-11-09 09:27:06,465 - TradingSystem - ERROR - Error training model for AIG: Data must be 1-dimensional, got ndarray of shape (3432, 1) instead
2024-11-09 09:27:06,489 - TradingSystem - ERROR - Error training model for TRV: Data must be 1-dimensional, got ndarray of shape (3432, 1) instead
2024-11-09 09:27:06,596 - TradingSystem - ERROR - Error training model for ZM: Data must be 1-dimensional, got ndarray of shape (3432, 1) instead
2024-11-09 09:27:06,624 - TradingSystem - ERROR - Error training model for ABNB: Data must be 1-dimensional, got ndarray of shape (3432, 1) instead
2024-11-09 09:27:06,628 - TradingSystem - ERROR - Error training model for UBER: Data must be 1-dimensional, got ndarray of shape (3432, 1) instead
2024-11-09 09:27:06,634 - TradingSystem - ERROR - Error training model for SQ: Data must be 1-dimensional, got ndarray of shape (3432, 1) instead
2024-11-09 09:27:07,289 - TradingSystem - ERROR - Error training model for SNAP: Data must be 1-dimensional, got ndarray of shape (3432, 1) instead
2024-11-09 09:27:07,292 - TradingSystem - ERROR - Error training model for SHOP: Data must be 1-dimensional, got ndarray of shape (3432, 2) instead
2024-11-09 09:27:07,293 - TradingSystem - ERROR - Error training model for PINS: Data must be 1-dimensional, got ndarray of shape (3432, 1) instead
2024-11-09 09:27:07,300 - TradingSystem - ERROR - Error training model for U: Data must be 1-dimensional, got ndarray of shape (3432, 2) instead
2024-11-09 09:27:07,783 - TradingSystem - ERROR - Error training model for PLTR: Data must be 1-dimensional, got ndarray of shape (3431, 1) instead
2024-11-09 09:27:07,785 - TradingSystem - INFO - Market training completed successfully!
