2024-11-08 21:46:38,594 - TradingSystem - INFO - Logger initialized
2024-11-08 21:46:38,702 - TradingSystem - INFO - Starting market training with 98 tickers
2024-11-08 21:46:49,712 - TradingSystem - ERROR - Error training model for AAPL: Data must be 1-dimensional, got ndarray of shape (3376, 4) instead
2024-11-08 21:46:49,713 - TradingSystem - ERROR - Error training model for GOOGL: Data must be 1-dimensional, got ndarray of shape (3376, 4) instead
2024-11-08 21:46:49,713 - TradingSystem - ERROR - Error training model for MSFT: Data must be 1-dimensional, got ndarray of shape (3376, 4) instead
2024-11-08 21:46:49,744 - TradingSystem - ERROR - Error training model for AMZN: Data must be 1-dimensional, got ndarray of shape (3376, 4) instead
2024-11-08 21:46:50,851 - TradingSystem - ERROR - Error training model for META: Data must be 1-dimensional, got ndarray of shape (3376, 3) instead
2024-11-08 21:46:50,852 - TradingSystem - ERROR - Error training model for TSM: Data must be 1-dimensional, got ndarray of shape (3376, 3) instead
2024-11-08 21:46:50,854 - TradingSystem - ERROR - Error training model for NVDA: Data must be 1-dimensional, got ndarray of shape (3376, 3) instead
2024-11-08 21:46:50,856 - TradingSystem - ERROR - Error training model for TSLA: Data must be 1-dimensional, got ndarray of shape (3376, 3) instead
2024-11-08 21:46:51,552 - TradingSystem - ERROR - Error training model for JPM: Data must be 1-dimensional, got ndarray of shape (3376, 1) instead
2024-11-08 21:46:51,776 - TradingSystem - ERROR - Error training model for AVGO: Data must be 1-dimensional, got ndarray of shape (3376, 1) instead
2024-11-08 21:46:51,786 - TradingSystem - ERROR - Error training model for V: Data must be 1-dimensional, got ndarray of shape (3376, 1) instead
2024-11-08 21:46:51,787 - TradingSystem - ERROR - Error training model for ORCL: Data must be 1-dimensional, got ndarray of shape (3376, 1) instead
2024-11-08 21:46:52,451 - TradingSystem - ERROR - Error training model for BAC: Data must be 1-dimensional, got ndarray of shape (3376, 1) instead
2024-11-08 21:46:52,469 - TradingSystem - ERROR - Error training model for MS: Data must be 1-dimensional, got ndarray of shape (3376, 1) instead
2024-11-08 21:46:52,470 - TradingSystem - ERROR - Error training model for WFC: Data must be 1-dimensional, got ndarray of shape (3376, 1) instead
2024-11-08 21:46:52,518 - TradingSystem - ERROR - Error training model for MA: Data must be 1-dimensional, got ndarray of shape (3376, 1) instead
2024-11-08 21:46:52,732 - TradingSystem - ERROR - Error training model for GS: Data must be 1-dimensional, got ndarray of shape (3376, 2) instead
2024-11-08 21:46:52,737 - TradingSystem - ERROR - Error training model for C: Data must be 1-dimensional, got ndarray of shape (3376, 3) instead
2024-11-08 21:46:52,748 - TradingSystem - ERROR - Error training model for BLK: Data must be 1-dimensional, got ndarray of shape (3376, 3) instead
2024-11-08 21:46:52,750 - TradingSystem - ERROR - Error training model for AXP: Data must be 1-dimensional, got ndarray of shape (3376, 3) instead
2024-11-08 21:46:53,729 - TradingSystem - ERROR - Error training model for MRK: Data must be 1-dimensional, got ndarray of shape (3264, 1) instead
2024-11-08 21:46:53,734 - TradingSystem - ERROR - Error training model for JNJ: Data must be 1-dimensional, got ndarray of shape (3264, 1) instead
2024-11-08 21:46:53,769 - TradingSystem - ERROR - Error training model for PFE: Data must be 1-dimensional, got ndarray of shape (3264, 1) instead
2024-11-08 21:46:53,784 - TradingSystem - ERROR - Error training model for UNH: Data must be 1-dimensional, got ndarray of shape (3264, 1) instead
2024-11-08 21:46:53,914 - TradingSystem - ERROR - Error training model for ABT: Data must be 1-dimensional, got ndarray of shape (3376, 1) instead
2024-11-08 21:46:53,924 - TradingSystem - ERROR - Error training model for DHR: Data must be 1-dimensional, got ndarray of shape (3376, 1) instead
2024-11-08 21:46:53,924 - TradingSystem - ERROR - Error training model for BMY: Data must be 1-dimensional, got ndarray of shape (3376, 1) instead
2024-11-08 21:46:53,952 - TradingSystem - ERROR - Error training model for TMO: Data must be 1-dimensional, got ndarray of shape (3376, 1) instead
2024-11-08 21:46:54,039 - TradingSystem - ERROR - Error training model for LLY: Data must be 1-dimensional, got ndarray of shape (3376, 1) instead
2024-11-08 21:46:54,052 - TradingSystem - ERROR - Error training model for PG: Data must be 1-dimensional, got ndarray of shape (3376, 1) instead
2024-11-08 21:46:54,069 - TradingSystem - ERROR - Error training model for ABBV: Data must be 1-dimensional, got ndarray of shape (3376, 1) instead
2024-11-08 21:46:54,087 - TradingSystem - ERROR - Error training model for KO: Data must be 1-dimensional, got ndarray of shape (3376, 1) instead
2024-11-08 21:46:54,865 - TradingSystem - ERROR - Error training model for PEP: Data must be 1-dimensional, got ndarray of shape (3376, 1) instead
2024-11-08 21:46:54,872 - TradingSystem - ERROR - Error training model for NKE: Data must be 1-dimensional, got ndarray of shape (3376, 1) instead
2024-11-08 21:46:54,876 - TradingSystem - ERROR - Error training model for WMT: Data must be 1-dimensional, got ndarray of shape (3376, 1) instead
2024-11-08 21:46:54,880 - TradingSystem - ERROR - Error training model for COST: Data must be 1-dimensional, got ndarray of shape (3376, 1) instead
2024-11-08 21:46:55,469 - TradingSystem - ERROR - Error training model for DIS: Data must be 1-dimensional, got ndarray of shape (3376, 1) instead
2024-11-08 21:46:55,474 - TradingSystem - ERROR - Error training model for SBUX: Data must be 1-dimensional, got ndarray of shape (3376, 1) instead
2024-11-08 21:46:55,481 - TradingSystem - ERROR - Error training model for MCD: Data must be 1-dimensional, got ndarray of shape (3376, 1) instead
2024-11-08 21:46:55,506 - TradingSystem - ERROR - Error training model for HD: Data must be 1-dimensional, got ndarray of shape (3376, 1) instead
2024-11-08 21:46:56,084 - TradingSystem - ERROR - Error training model for CAT: Data must be 1-dimensional, got ndarray of shape (3375, 1) instead
2024-11-08 21:46:56,092 - TradingSystem - ERROR - Error training model for BA: Data must be 1-dimensional, got ndarray of shape (3375, 1) instead
2024-11-08 21:46:56,093 - TradingSystem - ERROR - Error training model for GE: Data must be 1-dimensional, got ndarray of shape (3375, 1) instead
2024-11-08 21:46:56,094 - TradingSystem - ERROR - Error training model for HON: Data must be 1-dimensional, got ndarray of shape (3375, 1) instead
2024-11-08 21:46:56,271 - TradingSystem - ERROR - Error training model for MMM: Data must be 1-dimensional, got ndarray of shape (3376, 1) instead
2024-11-08 21:46:56,340 - TradingSystem - ERROR - Error training model for LMT: Data must be 1-dimensional, got ndarray of shape (3376, 1) instead
2024-11-08 21:46:56,347 - TradingSystem - ERROR - Error training model for UPS: Data must be 1-dimensional, got ndarray of shape (3376, 1) instead
2024-11-08 21:46:56,352 - TradingSystem - ERROR - Error training model for RTX: Data must be 1-dimensional, got ndarray of shape (3376, 1) instead
2024-11-08 21:46:56,694 - TradingSystem - ERROR - Error training model for CVX: Data must be 1-dimensional, got ndarray of shape (3376, 1) instead
2024-11-08 21:46:56,705 - TradingSystem - ERROR - Error training model for DE: Data must be 1-dimensional, got ndarray of shape (3376, 1) instead
2024-11-08 21:46:56,705 - TradingSystem - ERROR - Error training model for FDX: Data must be 1-dimensional, got ndarray of shape (3376, 1) instead
2024-11-08 21:46:56,708 - TradingSystem - ERROR - Error training model for XOM: Data must be 1-dimensional, got ndarray of shape (3376, 1) instead
2024-11-08 21:46:56,857 - TradingSystem - ERROR - Error training model for EOG: Data must be 1-dimensional, got ndarray of shape (3376, 1) instead
2024-11-08 21:46:56,878 - TradingSystem - ERROR - Error training model for COP: Data must be 1-dimensional, got ndarray of shape (3376, 1) instead
2024-11-08 21:46:56,894 - TradingSystem - ERROR - Error training model for PSX: Data must be 1-dimensional, got ndarray of shape (3376, 1) instead
2024-11-08 21:46:56,898 - TradingSystem - ERROR - Error training model for SLB: Data must be 1-dimensional, got ndarray of shape (3376, 1) instead
2024-11-08 21:46:57,505 - TradingSystem - ERROR - Error training model for OXY: Data must be 1-dimensional, got ndarray of shape (3376, 1) instead
2024-11-08 21:46:57,516 - TradingSystem - ERROR - Error training model for MPC: Data must be 1-dimensional, got ndarray of shape (3376, 1) instead
2024-11-08 21:46:57,519 - TradingSystem - ERROR - Error training model for VLO: Data must be 1-dimensional, got ndarray of shape (3376, 1) instead
2024-11-08 21:46:57,548 - TradingSystem - ERROR - Error training model for T: Data must be 1-dimensional, got ndarray of shape (3376, 1) instead
2024-11-08 21:46:57,691 - TradingSystem - ERROR - Error training model for NFLX: Data must be 1-dimensional, got ndarray of shape (3376, 2) instead
2024-11-08 21:46:57,701 - TradingSystem - ERROR - Error training model for CMCSA: Data must be 1-dimensional, got ndarray of shape (3376, 2) instead
2024-11-08 21:46:57,705 - TradingSystem - ERROR - Error training model for TMUS: Data must be 1-dimensional, got ndarray of shape (3376, 2) instead
2024-11-08 21:46:57,750 - TradingSystem - ERROR - Error training model for VZ: Data must be 1-dimensional, got ndarray of shape (3376, 2) instead
2024-11-08 21:46:58,363 - TradingSystem - ERROR - Error training model for AMD: Data must be 1-dimensional, got ndarray of shape (3376, 1) instead
2024-11-08 21:46:58,370 - TradingSystem - ERROR - Error training model for INTC: Data must be 1-dimensional, got ndarray of shape (3376, 1) instead
2024-11-08 21:46:58,373 - TradingSystem - ERROR - Error training model for CSCO: Data must be 1-dimensional, got ndarray of shape (3376, 1) instead
2024-11-08 21:46:58,674 - TradingSystem - ERROR - Error training model for CRM: Data must be 1-dimensional, got ndarray of shape (3376, 1) instead
2024-11-08 21:46:58,691 - TradingSystem - ERROR - Error training model for AMT: Data must be 1-dimensional, got ndarray of shape (3376, 1) instead
2024-11-08 21:46:58,710 - TradingSystem - ERROR - Error training model for QCOM: Data must be 1-dimensional, got ndarray of shape (3376, 1) instead
2024-11-08 21:46:58,710 - TradingSystem - ERROR - Error training model for PLD: Data must be 1-dimensional, got ndarray of shape (3376, 1) instead
2024-11-08 21:46:59,180 - TradingSystem - ERROR - Error training model for SPG: Data must be 1-dimensional, got ndarray of shape (3376, 1) instead
2024-11-08 21:46:59,314 - TradingSystem - ERROR - Error training model for LIN: Data must be 1-dimensional, got ndarray of shape (3376, 1) instead
2024-11-08 21:46:59,324 - TradingSystem - ERROR - Error training model for APD: Data must be 1-dimensional, got ndarray of shape (3376, 1) instead
2024-11-08 21:46:59,327 - TradingSystem - ERROR - Error training model for CCI: Data must be 1-dimensional, got ndarray of shape (3376, 1) instead
2024-11-08 21:46:59,593 - TradingSystem - ERROR - Error training model for SHW: Data must be 1-dimensional, got ndarray of shape (3375, 1) instead
2024-11-08 21:46:59,601 - TradingSystem - ERROR - Error training model for DOW: Data must be 1-dimensional, got ndarray of shape (3375, 1) instead
2024-11-08 21:46:59,602 - TradingSystem - ERROR - Error training model for NEM: Data must be 1-dimensional, got ndarray of shape (3375, 1) instead
2024-11-08 21:46:59,605 - TradingSystem - ERROR - Error training model for FCX: Data must be 1-dimensional, got ndarray of shape (3375, 1) instead
2024-11-08 21:46:59,868 - TradingSystem - ERROR - Error training model for BRK-B: Data must be 1-dimensional, got ndarray of shape (3376, 2) instead
2024-11-08 21:46:59,875 - TradingSystem - ERROR - Error training model for IWM: Data must be 1-dimensional, got ndarray of shape (3376, 2) instead
2024-11-08 21:46:59,880 - TradingSystem - ERROR - Error training model for QQQ: Data must be 1-dimensional, got ndarray of shape (3376, 2) instead
2024-11-08 21:47:00,103 - TradingSystem - ERROR - Error training model for SPY: Data must be 1-dimensional, got ndarray of shape (3376, 2) instead
2024-11-08 21:47:00,349 - TradingSystem - ERROR - Error training model for EFA: Data must be 1-dimensional, got ndarray of shape (3376, 1) instead
2024-11-08 21:47:00,350 - TradingSystem - ERROR - Error training model for AIG: Data must be 1-dimensional, got ndarray of shape (3376, 1) instead
2024-11-08 21:47:00,352 - TradingSystem - ERROR - Error training model for PRU: Data must be 1-dimensional, got ndarray of shape (3376, 1) instead
2024-11-08 21:47:00,898 - TradingSystem - ERROR - Error training model for ALL: Data must be 1-dimensional, got ndarray of shape (3376, 1) instead
2024-11-08 21:47:01,012 - TradingSystem - ERROR - Error training model for SQ: Data must be 1-dimensional, got ndarray of shape (3376, 4) instead
2024-11-08 21:47:01,021 - TradingSystem - ERROR - Error training model for TRV: Data must be 1-dimensional, got ndarray of shape (3376, 4) instead
2024-11-08 21:47:01,134 - TradingSystem - ERROR - Error training model for UBER: Data must be 1-dimensional, got ndarray of shape (3376, 1) instead
2024-11-08 21:47:01,141 - TradingSystem - ERROR - Error training model for PYPL: Data must be 1-dimensional, got ndarray of shape (3376, 4) instead
2024-11-08 21:47:01,449 - TradingSystem - ERROR - Error training model for ZM: Data must be 1-dimensional, got ndarray of shape (3376, 1) instead
2024-11-08 21:47:01,482 - TradingSystem - ERROR - Error training model for ABNB: Data must be 1-dimensional, got ndarray of shape (3376, 1) instead
2024-11-08 21:47:01,733 - TradingSystem - ERROR - Error training model for SNAP: Data must be 1-dimensional, got ndarray of shape (3376, 2) instead
2024-11-08 21:47:01,760 - TradingSystem - ERROR - Error training model for PINS: Data must be 1-dimensional, got ndarray of shape (3376, 2) instead
2024-11-08 21:47:01,766 - TradingSystem - ERROR - Error training model for U: Data must be 1-dimensional, got ndarray of shape (3376, 2) instead
2024-11-08 21:47:01,769 - TradingSystem - ERROR - Error training model for SHOP: Data must be 1-dimensional, got ndarray of shape (3376, 2) instead
2024-11-08 21:47:02,276 - TradingSystem - ERROR - Error training model for PLTR: Data must be 1-dimensional, got ndarray of shape (3374, 1) instead
2024-11-08 21:47:02,278 - TradingSystem - INFO - Market training completed successfully!
